This file contains any messages produced by compilers while
running configure, to aid debugging if configure makes a mistake.

It was created by bcg729 configure 0.1, which was
generated by GNU Autoconf 2.69.  Invocation command line was

  $ /Users/karimjimo/Downloads/linphone-iphone/submodules/build/..//bcg729/configure -prefix=/Users/karimjimo/Downloads/linphone-iphone/submodules/build/..//../liblinphone-sdk/armv7s-apple-darwin --host=armv7s-apple-darwin --disable-shared --enable-static --enable-static

## --------- ##
## Platform. ##
## --------- ##

hostname = new-host-3.home
uname -m = x86_64
uname -r = 12.5.0
uname -s = Darwin
uname -v = Darwin Kernel Version 12.5.0: Sun Sep 29 13:33:47 PDT 2013; root:xnu-2050.48.12~1/RELEASE_X86_64

/usr/bin/uname -p = i386
/bin/uname -X     = unknown

/bin/arch              = unknown
/usr/bin/arch -k       = unknown
/usr/convex/getsysinfo = unknown
/usr/bin/hostinfo      = Mach kernel version:
	 Darwin Kernel Version 12.5.0: Sun Sep 29 13:33:47 PDT 2013; root:xnu-2050.48.12~1/RELEASE_X86_64
Kernel configured for up to 4 processors.
2 processors are physically available.
4 processors are logically available.
Processor type: i486 (Intel 80486)
Processors active: 0 1 2 3
Primary memory available: 4.00 gigabytes
Default processor set: 128 tasks, 826 threads, 4 processors
Load average: 1.11, Mach factor: 2.88
/bin/machine           = unknown
/usr/bin/oslevel       = unknown
/bin/universe          = unknown

PATH: /opt/local/bin
PATH: /opt/local/sbin
PATH: /usr/bin
PATH: /bin
PATH: /usr/sbin
PATH: /sbin
PATH: /usr/local/bin


## ----------- ##
## Core tests. ##
## ----------- ##

configure:2048: loading site script /Users/karimjimo/Downloads/linphone-iphone/submodules/build/..//build/iphone-config.site
| # -*- shell-script -*-
| 
| SDK_VERSION_MAJOR=4
| SDK_VERSION=4.0
| MCPU=""
| if test "${host_alias}" = "i386-apple-darwin" ; then 
| 	PLATFORM=Simulator
| 	ARCH=i386
| 	CMAKE_OPTS="-DCMAKE_SYSTEM_PROCESSOR=i386"
| 	MCPU=""
| elif test "${host_alias}" = "armv6-apple-darwin" ; then 
| 	ARCH=armv6
| 	PLATFORM=OS
| 	CMAKE_OPTS="-DCMAKE_SYSTEM_PROCESSOR=arm"
| 	MCPU="-mcpu=arm1176jzf-s"
| elif test "${host_alias}" = "armv7-apple-darwin" ; then 
| 	ARCH=armv7
| 	PLATFORM=OS
| 	CMAKE_OPTS="-DCMAKE_SYSTEM_PROCESSOR=arm"
| 	MCPU="-mcpu=cortex-a8"
| elif test "${host_alias}" = "armv7s-apple-darwin" ; then 
| 	ARCH=armv7s
| 	PLATFORM=OS
| 	CMAKE_OPTS="-DCMAKE_SYSTEM_PROCESSOR=arm"
| else 
| 	echo "bad host ${host_alias} must be either i386-apple-darwin or armv6-apple-darwin"
| 	exit
| fi
| echo "Loading config.site for iPhone platform=${PLATFORM} version=${SDK_VERSION}"
| XCODE_DEV_PATH=`xcode-select -print-path`
| #new path with Xcode 4.3:
| if test -d ${XCODE_DEV_PATH}/Platforms/iPhone${PLATFORM}.platform/Developer/SDKs ; then
| 	SDK_PATH_LIST=`ls -drt ${XCODE_DEV_PATH}/Platforms/iPhone${PLATFORM}.platform/Developer/SDKs/iPhone${PLATFORM}*`
| 	SDK_BIN_PATH=${XCODE_DEV_PATH}/Platforms/iPhone${PLATFORM}.platform/Developer/usr/bin  
| else
| 	SDK_PATH_LIST=`ls -drt /Developer/Platforms/iPhone${PLATFORM}.platform/Developer/SDKs/iPhone${PLATFORM}*`
| 	SDK_BIN_PATH=/Developer/Platforms/iPhone${PLATFORM}.platform/Developer/usr/bin  
| fi
|    
| for SYSROOT_PATH in $SDK_PATH_LIST ; do echo $SYSROOT_PATH ; done ;
| echo "Selecting SDK path = ${SYSROOT_PATH}"
| 
| COMMON_FLAGS=" -arch ${ARCH} ${MCPU} -isysroot ${SYSROOT_PATH} -miphoneos-version-min=${SDK_VERSION} -DTARGET_OS_IPHONE=1 -D__IOS -fms-extensions"
| CC="xcrun clang -std=c99 $COMMON_FLAGS"
| OBJC="xcrun clang -std=c99 $COMMON_FLAGS"
| CXX="xcrun clang++ $COMMON_FLAGS"
| LD="xcrun ld -arch ${ARCH}"
| AR="xcrun ar"
| RANLIB="xcrun ranlib"
| STRIP="xcrun strip"
| NM="xcrun nm"
| 
| CPPFLAGS="-Dasm=__asm"
| OBJCFLAGS="-x objective-c -fexceptions -gdwarf-2 -fobjc-abi-version=2 -fobjc-legacy-dispatch"
| #Force install script to use -C so that header files don't get re-written if not changed.
| INSTALL_DATA="ginstall -C"
| 
| 
configure:2192: checking for a BSD-compatible install
configure:2260: result: /opt/local/bin/ginstall -c
configure:2271: checking whether build environment is sane
configure:2326: result: yes
configure:2385: checking for armv7s-apple-darwin-strip
configure:2412: result: xcrun strip
configure:2477: checking for a thread-safe mkdir -p
configure:2516: result: /opt/local/bin/gmkdir -p
configure:2523: checking for gawk
configure:2553: result: no
configure:2523: checking for mawk
configure:2553: result: no
configure:2523: checking for nawk
configure:2553: result: no
configure:2523: checking for awk
configure:2539: found /usr/bin/awk
configure:2550: result: awk
configure:2561: checking whether make sets $(MAKE)
configure:2583: result: yes
configure:2612: checking whether make supports nested variables
configure:2629: result: yes
configure:2718: checking whether UID '501' is supported by ustar format
configure:2721: result: yes
configure:2728: checking whether GID '20' is supported by ustar format
configure:2731: result: yes
configure:2739: checking how to create a ustar tar archive
configure:2750: tar --version
bsdtar 2.8.3 - libarchive 2.8.3
configure:2753: $? = 0
configure:2793: tardir=conftest.dir && eval tar --format=ustar -chf - "$tardir" >conftest.tar
configure:2796: $? = 0
configure:2800: tar -xf - <conftest.tar
configure:2803: $? = 0
configure:2805: cat conftest.dir/file
GrepMe
configure:2808: $? = 0
configure:2821: result: gnutar
configure:2899: checking build system type
configure:2913: result: x86_64-apple-darwin12.5.0
configure:2933: checking host system type
configure:2946: result: armv7s-apple-darwin
configure:2987: checking how to print strings
configure:3014: result: printf
configure:3047: checking for style of include used by make
configure:3075: result: GNU
configure:3106: checking for armv7s-apple-darwin-gcc
configure:3133: result: xcrun clang -std=c99  -arch armv7s  -isysroot /Applications/Xcode.app/Contents/Developer/Platforms/iPhoneOS.platform/Developer/SDKs/iPhoneOS7.0.sdk -miphoneos-version-min=4.0 -DTARGET_OS_IPHONE=1 -D__IOS -fms-extensions
configure:3402: checking for C compiler version
configure:3411: xcrun clang -std=c99  -arch armv7s  -isysroot /Applications/Xcode.app/Contents/Developer/Platforms/iPhoneOS.platform/Developer/SDKs/iPhoneOS7.0.sdk -miphoneos-version-min=4.0 -DTARGET_OS_IPHONE=1 -D__IOS -fms-extensions --version >&5
Apple LLVM version 5.0 (clang-500.2.76) (based on LLVM 3.3svn)
Target: arm-apple-darwin12.5.0
Thread model: posix
configure:3422: $? = 0
configure:3411: xcrun clang -std=c99  -arch armv7s  -isysroot /Applications/Xcode.app/Contents/Developer/Platforms/iPhoneOS.platform/Developer/SDKs/iPhoneOS7.0.sdk -miphoneos-version-min=4.0 -DTARGET_OS_IPHONE=1 -D__IOS -fms-extensions -v >&5
Apple LLVM version 5.0 (clang-500.2.76) (based on LLVM 3.3svn)
Target: arm-apple-darwin12.5.0
Thread model: posix
clang: warning: argument unused during compilation: '-std=c99'
clang: warning: argument unused during compilation: '-isysroot /Applications/Xcode.app/Contents/Developer/Platforms/iPhoneOS.platform/Developer/SDKs/iPhoneOS7.0.sdk'
clang: warning: argument unused during compilation: '-miphoneos-version-min=4.0'
clang: warning: argument unused during compilation: '-D TARGET_OS_IPHONE=1'
clang: warning: argument unused during compilation: '-D __IOS'
clang: warning: argument unused during compilation: '-fms-extensions'
configure:3422: $? = 0
configure:3411: xcrun clang -std=c99  -arch armv7s  -isysroot /Applications/Xcode.app/Contents/Developer/Platforms/iPhoneOS.platform/Developer/SDKs/iPhoneOS7.0.sdk -miphoneos-version-min=4.0 -DTARGET_OS_IPHONE=1 -D__IOS -fms-extensions -V >&5
clang: error: argument to '-V' is missing (expected 1 value)
clang: error: no input files
configure:3422: $? = 1
configure:3411: xcrun clang -std=c99  -arch armv7s  -isysroot /Applications/Xcode.app/Contents/Developer/Platforms/iPhoneOS.platform/Developer/SDKs/iPhoneOS7.0.sdk -miphoneos-version-min=4.0 -DTARGET_OS_IPHONE=1 -D__IOS -fms-extensions -qversion >&5
clang: error: no input files
configure:3422: $? = 1
configure:3442: checking whether the C compiler works
configure:3464: xcrun clang -std=c99  -arch armv7s  -isysroot /Applications/Xcode.app/Contents/Developer/Platforms/iPhoneOS.platform/Developer/SDKs/iPhoneOS7.0.sdk -miphoneos-version-min=4.0 -DTARGET_OS_IPHONE=1 -D__IOS -fms-extensions  -Dasm=__asm  conftest.c  >&5
configure:3468: $? = 0
configure:3516: result: yes
configure:3519: checking for C compiler default output file name
configure:3521: result: a.out
configure:3527: checking for suffix of executables
configure:3534: xcrun clang -std=c99  -arch armv7s  -isysroot /Applications/Xcode.app/Contents/Developer/Platforms/iPhoneOS.platform/Developer/SDKs/iPhoneOS7.0.sdk -miphoneos-version-min=4.0 -DTARGET_OS_IPHONE=1 -D__IOS -fms-extensions -o conftest  -Dasm=__asm  conftest.c  >&5
configure:3538: $? = 0
configure:3560: result: 
configure:3582: checking whether we are cross compiling
configure:3590: xcrun clang -std=c99  -arch armv7s  -isysroot /Applications/Xcode.app/Contents/Developer/Platforms/iPhoneOS.platform/Developer/SDKs/iPhoneOS7.0.sdk -miphoneos-version-min=4.0 -DTARGET_OS_IPHONE=1 -D__IOS -fms-extensions -o conftest  -Dasm=__asm  conftest.c  >&5
configure:3594: $? = 0
configure:3601: ./conftest
/Users/karimjimo/Downloads/linphone-iphone/submodules/build/..//bcg729/configure: line 3603: ./conftest: Bad CPU type in executable
configure:3605: $? = 126
configure:3620: result: yes
configure:3625: checking for suffix of object files
configure:3647: xcrun clang -std=c99  -arch armv7s  -isysroot /Applications/Xcode.app/Contents/Developer/Platforms/iPhoneOS.platform/Developer/SDKs/iPhoneOS7.0.sdk -miphoneos-version-min=4.0 -DTARGET_OS_IPHONE=1 -D__IOS -fms-extensions -c  -Dasm=__asm conftest.c >&5
configure:3651: $? = 0
configure:3672: result: o
configure:3676: checking whether we are using the GNU C compiler
configure:3695: xcrun clang -std=c99  -arch armv7s  -isysroot /Applications/Xcode.app/Contents/Developer/Platforms/iPhoneOS.platform/Developer/SDKs/iPhoneOS7.0.sdk -miphoneos-version-min=4.0 -DTARGET_OS_IPHONE=1 -D__IOS -fms-extensions -c  -Dasm=__asm conftest.c >&5
configure:3695: $? = 0
configure:3704: result: yes
configure:3713: checking whether xcrun clang -std=c99  -arch armv7s  -isysroot /Applications/Xcode.app/Contents/Developer/Platforms/iPhoneOS.platform/Developer/SDKs/iPhoneOS7.0.sdk -miphoneos-version-min=4.0 -DTARGET_OS_IPHONE=1 -D__IOS -fms-extensions accepts -g
configure:3733: xcrun clang -std=c99  -arch armv7s  -isysroot /Applications/Xcode.app/Contents/Developer/Platforms/iPhoneOS.platform/Developer/SDKs/iPhoneOS7.0.sdk -miphoneos-version-min=4.0 -DTARGET_OS_IPHONE=1 -D__IOS -fms-extensions -c -g -Dasm=__asm conftest.c >&5
configure:3733: $? = 0
configure:3774: result: yes
configure:3791: checking for xcrun clang -std=c99  -arch armv7s  -isysroot /Applications/Xcode.app/Contents/Developer/Platforms/iPhoneOS.platform/Developer/SDKs/iPhoneOS7.0.sdk -miphoneos-version-min=4.0 -DTARGET_OS_IPHONE=1 -D__IOS -fms-extensions option to accept ISO C89
configure:3854: xcrun clang -std=c99  -arch armv7s  -isysroot /Applications/Xcode.app/Contents/Developer/Platforms/iPhoneOS.platform/Developer/SDKs/iPhoneOS7.0.sdk -miphoneos-version-min=4.0 -DTARGET_OS_IPHONE=1 -D__IOS -fms-extensions  -c -g -O2 -Dasm=__asm conftest.c >&5
configure:3854: $? = 0
configure:3867: result: none needed
configure:3892: checking whether xcrun clang -std=c99  -arch armv7s  -isysroot /Applications/Xcode.app/Contents/Developer/Platforms/iPhoneOS.platform/Developer/SDKs/iPhoneOS7.0.sdk -miphoneos-version-min=4.0 -DTARGET_OS_IPHONE=1 -D__IOS -fms-extensions understands -c and -o together
configure:3914: xcrun clang -std=c99  -arch armv7s  -isysroot /Applications/Xcode.app/Contents/Developer/Platforms/iPhoneOS.platform/Developer/SDKs/iPhoneOS7.0.sdk -miphoneos-version-min=4.0 -DTARGET_OS_IPHONE=1 -D__IOS -fms-extensions -c conftest.c -o conftest2.o
configure:3917: $? = 0
configure:3914: xcrun clang -std=c99  -arch armv7s  -isysroot /Applications/Xcode.app/Contents/Developer/Platforms/iPhoneOS.platform/Developer/SDKs/iPhoneOS7.0.sdk -miphoneos-version-min=4.0 -DTARGET_OS_IPHONE=1 -D__IOS -fms-extensions -c conftest.c -o conftest2.o
configure:3917: $? = 0
configure:3929: result: yes
configure:3948: checking dependency style of xcrun clang -std=c99  -arch armv7s  -isysroot /Applications/Xcode.app/Contents/Developer/Platforms/iPhoneOS.platform/Developer/SDKs/iPhoneOS7.0.sdk -miphoneos-version-min=4.0 -DTARGET_OS_IPHONE=1 -D__IOS -fms-extensions
configure:4059: result: gcc3
configure:4074: checking for a sed that does not truncate output
configure:4138: result: /usr/bin/sed
configure:4156: checking for grep that handles long lines and -e
configure:4214: result: /opt/local/bin/grep
configure:4219: checking for egrep
configure:4281: result: /opt/local/bin/grep -E
configure:4286: checking for fgrep
configure:4348: result: /opt/local/bin/grep -F
configure:4383: checking for ld used by xcrun clang -std=c99  -arch armv7s  -isysroot /Applications/Xcode.app/Contents/Developer/Platforms/iPhoneOS.platform/Developer/SDKs/iPhoneOS7.0.sdk -miphoneos-version-min=4.0 -DTARGET_OS_IPHONE=1 -D__IOS -fms-extensions
configure:4450: result: xcrun ld -arch armv7s
configure:4457: checking if the linker (xcrun ld -arch armv7s) is GNU ld
configure:4472: result: no
configure:4484: checking for BSD- or MS-compatible name lister (nm)
configure:4533: result: xcrun nm
configure:4663: checking the name lister (xcrun nm) interface
configure:4670: xcrun clang -std=c99  -arch armv7s  -isysroot /Applications/Xcode.app/Contents/Developer/Platforms/iPhoneOS.platform/Developer/SDKs/iPhoneOS7.0.sdk -miphoneos-version-min=4.0 -DTARGET_OS_IPHONE=1 -D__IOS -fms-extensions -c -g -O2 -Dasm=__asm conftest.c >&5
configure:4673: xcrun nm "conftest.o"
configure:4676: output
00000230 S _some_variable
configure:4683: result: BSD nm
configure:4686: checking whether ln -s works
configure:4690: result: yes
configure:4698: checking the maximum length of command line arguments
configure:4828: result: 196608
configure:4845: checking whether the shell understands some XSI constructs
configure:4855: result: yes
configure:4859: checking whether the shell understands "+="
configure:4865: result: yes
configure:4900: checking how to convert x86_64-apple-darwin12.5.0 file names to armv7s-apple-darwin format
configure:4940: result: func_convert_file_noop
configure:4947: checking how to convert x86_64-apple-darwin12.5.0 file names to toolchain format
configure:4967: result: func_convert_file_noop
configure:4974: checking for xcrun ld -arch armv7s option to reload object files
configure:4981: result: -r
configure:5015: checking for armv7s-apple-darwin-objdump
configure:5045: result: no
configure:5055: checking for objdump
configure:5085: result: no
configure:5114: checking how to recognize dependent libraries
configure:5316: result: pass_all
configure:5361: checking for armv7s-apple-darwin-dlltool
configure:5391: result: no
configure:5401: checking for dlltool
configure:5431: result: no
configure:5461: checking how to associate runtime and link libraries
configure:5488: result: printf %s\n
configure:5505: checking for armv7s-apple-darwin-ar
configure:5532: result: xcrun ar
configure:5613: checking for archiver @FILE support
configure:5630: xcrun clang -std=c99  -arch armv7s  -isysroot /Applications/Xcode.app/Contents/Developer/Platforms/iPhoneOS.platform/Developer/SDKs/iPhoneOS7.0.sdk -miphoneos-version-min=4.0 -DTARGET_OS_IPHONE=1 -D__IOS -fms-extensions -c -g -O2 -Dasm=__asm conftest.c >&5
configure:5630: $? = 0
configure:5633: xcrun ar cru libconftest.a @conftest.lst >&5
ar: @conftest.lst: No such file or directory
configure:5636: $? = 1
configure:5656: result: no
configure:5674: checking for armv7s-apple-darwin-strip
configure:5701: result: xcrun strip
configure:5773: checking for armv7s-apple-darwin-ranlib
configure:5800: result: xcrun ranlib
configure:5942: checking command to parse xcrun nm output from xcrun clang -std=c99  -arch armv7s  -isysroot /Applications/Xcode.app/Contents/Developer/Platforms/iPhoneOS.platform/Developer/SDKs/iPhoneOS7.0.sdk -miphoneos-version-min=4.0 -DTARGET_OS_IPHONE=1 -D__IOS -fms-extensions object
configure:6062: xcrun clang -std=c99  -arch armv7s  -isysroot /Applications/Xcode.app/Contents/Developer/Platforms/iPhoneOS.platform/Developer/SDKs/iPhoneOS7.0.sdk -miphoneos-version-min=4.0 -DTARGET_OS_IPHONE=1 -D__IOS -fms-extensions -c -g -O2 -Dasm=__asm conftest.c >&5
configure:6065: $? = 0
configure:6069: xcrun nm conftest.o \| sed -n -e 's/^.*[ ]\([BCDEGRST][BCDEGRST]*\)[ ][ ]*\([_A-Za-z][_A-Za-z0-9]*\)$/\1 \2 \2/p' | sed '/ __gnu_lto/d' \> conftest.nm
configure:6072: $? = 0
cannot find nm_test_var in conftest.nm
configure:6062: xcrun clang -std=c99  -arch armv7s  -isysroot /Applications/Xcode.app/Contents/Developer/Platforms/iPhoneOS.platform/Developer/SDKs/iPhoneOS7.0.sdk -miphoneos-version-min=4.0 -DTARGET_OS_IPHONE=1 -D__IOS -fms-extensions -c -g -O2 -Dasm=__asm conftest.c >&5
configure:6065: $? = 0
configure:6069: xcrun nm conftest.o \| sed -n -e 's/^.*[ ]\([BCDEGRST][BCDEGRST]*\)[ ][ ]*_\([_A-Za-z][_A-Za-z0-9]*\)$/\1 _\2 \2/p' | sed '/ __gnu_lto/d' \> conftest.nm
configure:6072: $? = 0
configure:6138: xcrun clang -std=c99  -arch armv7s  -isysroot /Applications/Xcode.app/Contents/Developer/Platforms/iPhoneOS.platform/Developer/SDKs/iPhoneOS7.0.sdk -miphoneos-version-min=4.0 -DTARGET_OS_IPHONE=1 -D__IOS -fms-extensions -o conftest -g -O2 -Dasm=__asm  conftest.c conftstm.o >&5
configure:6141: $? = 0
configure:6179: result: ok
configure:6216: checking for sysroot
configure:6246: result: no
configure:6462: checking for armv7s-apple-darwin-mt
configure:6492: result: no
configure:6502: checking for mt
configure:6532: result: no
configure:6552: checking if : is a manifest tool
configure:6558: : '-?'
configure:6566: result: no
configure:6582: checking for armv7s-apple-darwin-dsymutil
configure:6612: result: no
configure:6622: checking for dsymutil
configure:6638: found /usr/bin/dsymutil
configure:6649: result: dsymutil
configure:6661: WARNING: using cross tools not prefixed with host triplet
configure:6674: checking for armv7s-apple-darwin-nmedit
configure:6704: result: no
configure:6714: checking for nmedit
configure:6730: found /usr/bin/nmedit
configure:6741: result: nmedit
configure:6766: checking for armv7s-apple-darwin-lipo
configure:6796: result: no
configure:6806: checking for lipo
configure:6822: found /usr/bin/lipo
configure:6833: result: lipo
configure:6858: checking for armv7s-apple-darwin-otool
configure:6888: result: no
configure:6898: checking for otool
configure:6914: found /usr/bin/otool
configure:6925: result: otool
configure:6950: checking for armv7s-apple-darwin-otool64
configure:6980: result: no
configure:6990: checking for otool64
configure:7020: result: no
configure:7065: checking for -single_module linker flag
xcrun clang -std=c99  -arch armv7s  -isysroot /Applications/Xcode.app/Contents/Developer/Platforms/iPhoneOS.platform/Developer/SDKs/iPhoneOS7.0.sdk -miphoneos-version-min=4.0 -DTARGET_OS_IPHONE=1 -D__IOS -fms-extensions -g -O2  -o libconftest.dylib -dynamiclib -Wl,-single_module conftest.c
configure:7098: result: yes
configure:7101: checking for -exported_symbols_list linker flag
configure:7121: xcrun clang -std=c99  -arch armv7s  -isysroot /Applications/Xcode.app/Contents/Developer/Platforms/iPhoneOS.platform/Developer/SDKs/iPhoneOS7.0.sdk -miphoneos-version-min=4.0 -DTARGET_OS_IPHONE=1 -D__IOS -fms-extensions -o conftest -g -O2 -Dasm=__asm  -Wl,-exported_symbols_list,conftest.sym conftest.c  >&5
configure:7121: $? = 0
configure:7131: result: yes
configure:7134: checking for -force_load linker flag
xcrun clang -std=c99  -arch armv7s  -isysroot /Applications/Xcode.app/Contents/Developer/Platforms/iPhoneOS.platform/Developer/SDKs/iPhoneOS7.0.sdk -miphoneos-version-min=4.0 -DTARGET_OS_IPHONE=1 -D__IOS -fms-extensions -g -O2 -c -o conftest.o conftest.c
xcrun ar cru libconftest.a conftest.o
xcrun ranlib libconftest.a
xcrun clang -std=c99  -arch armv7s  -isysroot /Applications/Xcode.app/Contents/Developer/Platforms/iPhoneOS.platform/Developer/SDKs/iPhoneOS7.0.sdk -miphoneos-version-min=4.0 -DTARGET_OS_IPHONE=1 -D__IOS -fms-extensions -g -O2  -o conftest conftest.c -Wl,-force_load,./libconftest.a
configure:7166: result: yes
configure:7208: checking how to run the C preprocessor
configure:7239: xcrun clang -std=c99  -arch armv7s  -isysroot /Applications/Xcode.app/Contents/Developer/Platforms/iPhoneOS.platform/Developer/SDKs/iPhoneOS7.0.sdk -miphoneos-version-min=4.0 -DTARGET_OS_IPHONE=1 -D__IOS -fms-extensions -E -Dasm=__asm conftest.c
configure:7239: $? = 0
configure:7253: xcrun clang -std=c99  -arch armv7s  -isysroot /Applications/Xcode.app/Contents/Developer/Platforms/iPhoneOS.platform/Developer/SDKs/iPhoneOS7.0.sdk -miphoneos-version-min=4.0 -DTARGET_OS_IPHONE=1 -D__IOS -fms-extensions -E -Dasm=__asm conftest.c
conftest.c:11:10: fatal error: 'ac_nonexistent.h' file not found
#include <ac_nonexistent.h>
         ^
1 error generated.
configure:7253: $? = 1
configure: failed program was:
| /* confdefs.h */
| #define PACKAGE_NAME "bcg729"
| #define PACKAGE_TARNAME "bcg729"
| #define PACKAGE_VERSION "0.1"
| #define PACKAGE_STRING "bcg729 0.1"
| #define PACKAGE_BUGREPORT ""
| #define PACKAGE_URL ""
| #define PACKAGE "bcg729"
| #define VERSION "0.1"
| /* end confdefs.h.  */
| #include <ac_nonexistent.h>
configure:7278: result: xcrun clang -std=c99  -arch armv7s  -isysroot /Applications/Xcode.app/Contents/Developer/Platforms/iPhoneOS.platform/Developer/SDKs/iPhoneOS7.0.sdk -miphoneos-version-min=4.0 -DTARGET_OS_IPHONE=1 -D__IOS -fms-extensions -E
configure:7298: xcrun clang -std=c99  -arch armv7s  -isysroot /Applications/Xcode.app/Contents/Developer/Platforms/iPhoneOS.platform/Developer/SDKs/iPhoneOS7.0.sdk -miphoneos-version-min=4.0 -DTARGET_OS_IPHONE=1 -D__IOS -fms-extensions -E -Dasm=__asm conftest.c
configure:7298: $? = 0
configure:7312: xcrun clang -std=c99  -arch armv7s  -isysroot /Applications/Xcode.app/Contents/Developer/Platforms/iPhoneOS.platform/Developer/SDKs/iPhoneOS7.0.sdk -miphoneos-version-min=4.0 -DTARGET_OS_IPHONE=1 -D__IOS -fms-extensions -E -Dasm=__asm conftest.c
conftest.c:11:10: fatal error: 'ac_nonexistent.h' file not found
#include <ac_nonexistent.h>
         ^
1 error generated.
configure:7312: $? = 1
configure: failed program was:
| /* confdefs.h */
| #define PACKAGE_NAME "bcg729"
| #define PACKAGE_TARNAME "bcg729"
| #define PACKAGE_VERSION "0.1"
| #define PACKAGE_STRING "bcg729 0.1"
| #define PACKAGE_BUGREPORT ""
| #define PACKAGE_URL ""
| #define PACKAGE "bcg729"
| #define VERSION "0.1"
| /* end confdefs.h.  */
| #include <ac_nonexistent.h>
configure:7341: checking for ANSI C header files
configure:7361: xcrun clang -std=c99  -arch armv7s  -isysroot /Applications/Xcode.app/Contents/Developer/Platforms/iPhoneOS.platform/Developer/SDKs/iPhoneOS7.0.sdk -miphoneos-version-min=4.0 -DTARGET_OS_IPHONE=1 -D__IOS -fms-extensions -c -g -O2 -Dasm=__asm conftest.c >&5
configure:7361: $? = 0
configure:7445: result: yes
configure:7458: checking for sys/types.h
configure:7458: xcrun clang -std=c99  -arch armv7s  -isysroot /Applications/Xcode.app/Contents/Developer/Platforms/iPhoneOS.platform/Developer/SDKs/iPhoneOS7.0.sdk -miphoneos-version-min=4.0 -DTARGET_OS_IPHONE=1 -D__IOS -fms-extensions -c -g -O2 -Dasm=__asm conftest.c >&5
configure:7458: $? = 0
configure:7458: result: yes
configure:7458: checking for sys/stat.h
configure:7458: xcrun clang -std=c99  -arch armv7s  -isysroot /Applications/Xcode.app/Contents/Developer/Platforms/iPhoneOS.platform/Developer/SDKs/iPhoneOS7.0.sdk -miphoneos-version-min=4.0 -DTARGET_OS_IPHONE=1 -D__IOS -fms-extensions -c -g -O2 -Dasm=__asm conftest.c >&5
configure:7458: $? = 0
configure:7458: result: yes
configure:7458: checking for stdlib.h
configure:7458: xcrun clang -std=c99  -arch armv7s  -isysroot /Applications/Xcode.app/Contents/Developer/Platforms/iPhoneOS.platform/Developer/SDKs/iPhoneOS7.0.sdk -miphoneos-version-min=4.0 -DTARGET_OS_IPHONE=1 -D__IOS -fms-extensions -c -g -O2 -Dasm=__asm conftest.c >&5
configure:7458: $? = 0
configure:7458: result: yes
configure:7458: checking for string.h
configure:7458: xcrun clang -std=c99  -arch armv7s  -isysroot /Applications/Xcode.app/Contents/Developer/Platforms/iPhoneOS.platform/Developer/SDKs/iPhoneOS7.0.sdk -miphoneos-version-min=4.0 -DTARGET_OS_IPHONE=1 -D__IOS -fms-extensions -c -g -O2 -Dasm=__asm conftest.c >&5
configure:7458: $? = 0
configure:7458: result: yes
configure:7458: checking for memory.h
configure:7458: xcrun clang -std=c99  -arch armv7s  -isysroot /Applications/Xcode.app/Contents/Developer/Platforms/iPhoneOS.platform/Developer/SDKs/iPhoneOS7.0.sdk -miphoneos-version-min=4.0 -DTARGET_OS_IPHONE=1 -D__IOS -fms-extensions -c -g -O2 -Dasm=__asm conftest.c >&5
configure:7458: $? = 0
configure:7458: result: yes
configure:7458: checking for strings.h
configure:7458: xcrun clang -std=c99  -arch armv7s  -isysroot /Applications/Xcode.app/Contents/Developer/Platforms/iPhoneOS.platform/Developer/SDKs/iPhoneOS7.0.sdk -miphoneos-version-min=4.0 -DTARGET_OS_IPHONE=1 -D__IOS -fms-extensions -c -g -O2 -Dasm=__asm conftest.c >&5
configure:7458: $? = 0
configure:7458: result: yes
configure:7458: checking for inttypes.h
configure:7458: xcrun clang -std=c99  -arch armv7s  -isysroot /Applications/Xcode.app/Contents/Developer/Platforms/iPhoneOS.platform/Developer/SDKs/iPhoneOS7.0.sdk -miphoneos-version-min=4.0 -DTARGET_OS_IPHONE=1 -D__IOS -fms-extensions -c -g -O2 -Dasm=__asm conftest.c >&5
configure:7458: $? = 0
configure:7458: result: yes
configure:7458: checking for stdint.h
configure:7458: xcrun clang -std=c99  -arch armv7s  -isysroot /Applications/Xcode.app/Contents/Developer/Platforms/iPhoneOS.platform/Developer/SDKs/iPhoneOS7.0.sdk -miphoneos-version-min=4.0 -DTARGET_OS_IPHONE=1 -D__IOS -fms-extensions -c -g -O2 -Dasm=__asm conftest.c >&5
configure:7458: $? = 0
configure:7458: result: yes
configure:7458: checking for unistd.h
configure:7458: xcrun clang -std=c99  -arch armv7s  -isysroot /Applications/Xcode.app/Contents/Developer/Platforms/iPhoneOS.platform/Developer/SDKs/iPhoneOS7.0.sdk -miphoneos-version-min=4.0 -DTARGET_OS_IPHONE=1 -D__IOS -fms-extensions -c -g -O2 -Dasm=__asm conftest.c >&5
configure:7458: $? = 0
configure:7458: result: yes
configure:7472: checking for dlfcn.h
configure:7472: xcrun clang -std=c99  -arch armv7s  -isysroot /Applications/Xcode.app/Contents/Developer/Platforms/iPhoneOS.platform/Developer/SDKs/iPhoneOS7.0.sdk -miphoneos-version-min=4.0 -DTARGET_OS_IPHONE=1 -D__IOS -fms-extensions -c -g -O2 -Dasm=__asm conftest.c >&5
configure:7472: $? = 0
configure:7472: result: yes
configure:7678: checking for objdir
configure:7693: result: .libs
configure:7960: checking if xcrun clang -std=c99  -arch armv7s  -isysroot /Applications/Xcode.app/Contents/Developer/Platforms/iPhoneOS.platform/Developer/SDKs/iPhoneOS7.0.sdk -miphoneos-version-min=4.0 -DTARGET_OS_IPHONE=1 -D__IOS -fms-extensions supports -fno-rtti -fno-exceptions
configure:7978: xcrun clang -std=c99  -arch armv7s  -isysroot /Applications/Xcode.app/Contents/Developer/Platforms/iPhoneOS.platform/Developer/SDKs/iPhoneOS7.0.sdk -miphoneos-version-min=4.0 -DTARGET_OS_IPHONE=1 -D__IOS -fms-extensions -c -g -O2 -Dasm=__asm -fno-rtti -fno-exceptions conftest.c >&5
configure:7982: $? = 0
configure:7995: result: yes
configure:8322: checking for xcrun clang -std=c99  -arch armv7s  -isysroot /Applications/Xcode.app/Contents/Developer/Platforms/iPhoneOS.platform/Developer/SDKs/iPhoneOS7.0.sdk -miphoneos-version-min=4.0 -DTARGET_OS_IPHONE=1 -D__IOS -fms-extensions option to produce PIC
configure:8329: result: -fno-common -DPIC
configure:8337: checking if xcrun clang -std=c99  -arch armv7s  -isysroot /Applications/Xcode.app/Contents/Developer/Platforms/iPhoneOS.platform/Developer/SDKs/iPhoneOS7.0.sdk -miphoneos-version-min=4.0 -DTARGET_OS_IPHONE=1 -D__IOS -fms-extensions PIC flag -fno-common -DPIC works
configure:8355: xcrun clang -std=c99  -arch armv7s  -isysroot /Applications/Xcode.app/Contents/Developer/Platforms/iPhoneOS.platform/Developer/SDKs/iPhoneOS7.0.sdk -miphoneos-version-min=4.0 -DTARGET_OS_IPHONE=1 -D__IOS -fms-extensions -c -g -O2 -Dasm=__asm -fno-common -DPIC -DPIC conftest.c >&5
configure:8359: $? = 0
configure:8372: result: yes
configure:8401: checking if xcrun clang -std=c99  -arch armv7s  -isysroot /Applications/Xcode.app/Contents/Developer/Platforms/iPhoneOS.platform/Developer/SDKs/iPhoneOS7.0.sdk -miphoneos-version-min=4.0 -DTARGET_OS_IPHONE=1 -D__IOS -fms-extensions static flag -static works
configure:8429: result: no
configure:8444: checking if xcrun clang -std=c99  -arch armv7s  -isysroot /Applications/Xcode.app/Contents/Developer/Platforms/iPhoneOS.platform/Developer/SDKs/iPhoneOS7.0.sdk -miphoneos-version-min=4.0 -DTARGET_OS_IPHONE=1 -D__IOS -fms-extensions supports -c -o file.o
configure:8465: xcrun clang -std=c99  -arch armv7s  -isysroot /Applications/Xcode.app/Contents/Developer/Platforms/iPhoneOS.platform/Developer/SDKs/iPhoneOS7.0.sdk -miphoneos-version-min=4.0 -DTARGET_OS_IPHONE=1 -D__IOS -fms-extensions -c -g -O2 -Dasm=__asm -o out/conftest2.o conftest.c >&5
configure:8469: $? = 0
configure:8491: result: yes
configure:8499: checking if xcrun clang -std=c99  -arch armv7s  -isysroot /Applications/Xcode.app/Contents/Developer/Platforms/iPhoneOS.platform/Developer/SDKs/iPhoneOS7.0.sdk -miphoneos-version-min=4.0 -DTARGET_OS_IPHONE=1 -D__IOS -fms-extensions supports -c -o file.o
configure:8546: result: yes
configure:8579: checking whether the xcrun clang -std=c99  -arch armv7s  -isysroot /Applications/Xcode.app/Contents/Developer/Platforms/iPhoneOS.platform/Developer/SDKs/iPhoneOS7.0.sdk -miphoneos-version-min=4.0 -DTARGET_OS_IPHONE=1 -D__IOS -fms-extensions linker (xcrun ld -arch armv7s) supports shared libraries
configure:9732: result: yes
configure:9972: checking dynamic linker characteristics
configure:10705: result: darwin dyld
configure:10812: checking how to hardcode library paths into programs
configure:10837: result: immediate
configure:11377: checking whether stripping libraries is possible
configure:11391: result: yes
configure:11417: checking if libtool supports shared libraries
configure:11419: result: yes
configure:11422: checking whether to build shared libraries
configure:11443: result: no
configure:11446: checking whether to build static libraries
configure:11450: result: yes
configure:11495: checking for armv7s-apple-darwin-gcc
configure:11522: result: xcrun clang -std=c99  -arch armv7s  -isysroot /Applications/Xcode.app/Contents/Developer/Platforms/iPhoneOS.platform/Developer/SDKs/iPhoneOS7.0.sdk -miphoneos-version-min=4.0 -DTARGET_OS_IPHONE=1 -D__IOS -fms-extensions
configure:11791: checking for C compiler version
configure:11800: xcrun clang -std=c99  -arch armv7s  -isysroot /Applications/Xcode.app/Contents/Developer/Platforms/iPhoneOS.platform/Developer/SDKs/iPhoneOS7.0.sdk -miphoneos-version-min=4.0 -DTARGET_OS_IPHONE=1 -D__IOS -fms-extensions --version >&5
Apple LLVM version 5.0 (clang-500.2.76) (based on LLVM 3.3svn)
Target: arm-apple-darwin12.5.0
Thread model: posix
configure:11811: $? = 0
configure:11800: xcrun clang -std=c99  -arch armv7s  -isysroot /Applications/Xcode.app/Contents/Developer/Platforms/iPhoneOS.platform/Developer/SDKs/iPhoneOS7.0.sdk -miphoneos-version-min=4.0 -DTARGET_OS_IPHONE=1 -D__IOS -fms-extensions -v >&5
Apple LLVM version 5.0 (clang-500.2.76) (based on LLVM 3.3svn)
Target: arm-apple-darwin12.5.0
Thread model: posix
clang: warning: argument unused during compilation: '-std=c99'
clang: warning: argument unused during compilation: '-isysroot /Applications/Xcode.app/Contents/Developer/Platforms/iPhoneOS.platform/Developer/SDKs/iPhoneOS7.0.sdk'
clang: warning: argument unused during compilation: '-miphoneos-version-min=4.0'
clang: warning: argument unused during compilation: '-D TARGET_OS_IPHONE=1'
clang: warning: argument unused during compilation: '-D __IOS'
clang: warning: argument unused during compilation: '-fms-extensions'
configure:11811: $? = 0
configure:11800: xcrun clang -std=c99  -arch armv7s  -isysroot /Applications/Xcode.app/Contents/Developer/Platforms/iPhoneOS.platform/Developer/SDKs/iPhoneOS7.0.sdk -miphoneos-version-min=4.0 -DTARGET_OS_IPHONE=1 -D__IOS -fms-extensions -V >&5
clang: error: argument to '-V' is missing (expected 1 value)
clang: error: no input files
configure:11811: $? = 1
configure:11800: xcrun clang -std=c99  -arch armv7s  -isysroot /Applications/Xcode.app/Contents/Developer/Platforms/iPhoneOS.platform/Developer/SDKs/iPhoneOS7.0.sdk -miphoneos-version-min=4.0 -DTARGET_OS_IPHONE=1 -D__IOS -fms-extensions -qversion >&5
clang: error: no input files
configure:11811: $? = 1
configure:11815: checking whether we are using the GNU C compiler
configure:11843: result: yes
configure:11852: checking whether xcrun clang -std=c99  -arch armv7s  -isysroot /Applications/Xcode.app/Contents/Developer/Platforms/iPhoneOS.platform/Developer/SDKs/iPhoneOS7.0.sdk -miphoneos-version-min=4.0 -DTARGET_OS_IPHONE=1 -D__IOS -fms-extensions accepts -g
configure:11913: result: yes
configure:11930: checking for xcrun clang -std=c99  -arch armv7s  -isysroot /Applications/Xcode.app/Contents/Developer/Platforms/iPhoneOS.platform/Developer/SDKs/iPhoneOS7.0.sdk -miphoneos-version-min=4.0 -DTARGET_OS_IPHONE=1 -D__IOS -fms-extensions option to accept ISO C89
configure:12006: result: none needed
configure:12031: checking whether xcrun clang -std=c99  -arch armv7s  -isysroot /Applications/Xcode.app/Contents/Developer/Platforms/iPhoneOS.platform/Developer/SDKs/iPhoneOS7.0.sdk -miphoneos-version-min=4.0 -DTARGET_OS_IPHONE=1 -D__IOS -fms-extensions understands -c and -o together
configure:12068: result: yes
configure:12087: checking dependency style of xcrun clang -std=c99  -arch armv7s  -isysroot /Applications/Xcode.app/Contents/Developer/Platforms/iPhoneOS.platform/Developer/SDKs/iPhoneOS7.0.sdk -miphoneos-version-min=4.0 -DTARGET_OS_IPHONE=1 -D__IOS -fms-extensions
configure:12198: result: gcc3
configure:12224: checking whether make supports nested variables
configure:12241: result: yes
configure:12294: checking for armv7s-apple-darwin-pkg-config
configure:12327: result: no
configure:12337: checking for pkg-config
configure:12355: found /opt/local/bin/pkg-config
configure:12367: result: /opt/local/bin/pkg-config
configure:12392: checking pkg-config is at least version 0.9.0
configure:12395: result: yes
configure:12405: checking for ORTP
configure:12412: $PKG_CONFIG --exists --print-errors "ortp >= 0.21.0"
configure:12415: $? = 0
configure:12429: $PKG_CONFIG --exists --print-errors "ortp >= 0.21.0"
configure:12432: $? = 0
configure:12470: result: yes
configure:12476: checking for MEDIASTREAMER
configure:12483: $PKG_CONFIG --exists --print-errors "mediastreamer >= 2.8.99"
configure:12486: $? = 0
configure:12500: $PKG_CONFIG --exists --print-errors "mediastreamer >= 2.8.99"
configure:12503: $? = 0
configure:12541: result: yes
configure:12703: checking that generated files are newer than configure
configure:12709: result: done
configure:12744: creating ./config.status

## ---------------------- ##
## Running config.status. ##
## ---------------------- ##

This file was extended by bcg729 config.status 0.1, which was
generated by GNU Autoconf 2.69.  Invocation command line was

  CONFIG_FILES    = 
  CONFIG_HEADERS  = 
  CONFIG_LINKS    = 
  CONFIG_COMMANDS = 
  $ ./config.status 

on new-host-3.home

config.status:1022: creating Makefile
config.status:1022: creating src/Makefile
config.status:1022: creating include/Makefile
config.status:1022: creating include/bcg729/Makefile
config.status:1022: creating msbcg729/Makefile
config.status:1022: creating test/Makefile
config.status:1022: creating test/bin/Makefile
config.status:1022: creating libbcg729.pc
config.status:1179: executing depfiles commands
config.status:1179: executing libtool commands

## ---------------- ##
## Cache variables. ##
## ---------------- ##

ac_cv_build=x86_64-apple-darwin12.5.0
ac_cv_c_compiler_gnu=yes
ac_cv_env_CC_set=
ac_cv_env_CC_value=
ac_cv_env_CFLAGS_set=
ac_cv_env_CFLAGS_value=
ac_cv_env_CPPFLAGS_set=
ac_cv_env_CPPFLAGS_value=
ac_cv_env_CPP_set=
ac_cv_env_CPP_value=
ac_cv_env_LDFLAGS_set=
ac_cv_env_LDFLAGS_value=
ac_cv_env_LIBS_set=
ac_cv_env_LIBS_value=
ac_cv_env_MEDIASTREAMER_CFLAGS_set=
ac_cv_env_MEDIASTREAMER_CFLAGS_value=
ac_cv_env_MEDIASTREAMER_LIBS_set=
ac_cv_env_MEDIASTREAMER_LIBS_value=
ac_cv_env_ORTP_CFLAGS_set=
ac_cv_env_ORTP_CFLAGS_value=
ac_cv_env_ORTP_LIBS_set=
ac_cv_env_ORTP_LIBS_value=
ac_cv_env_PKG_CONFIG_LIBDIR_set=set
ac_cv_env_PKG_CONFIG_LIBDIR_value=/Users/karimjimo/Downloads/linphone-iphone/submodules/build/..//../liblinphone-sdk/armv7s-apple-darwin/lib/pkgconfig
ac_cv_env_PKG_CONFIG_PATH_set=
ac_cv_env_PKG_CONFIG_PATH_value=
ac_cv_env_PKG_CONFIG_set=
ac_cv_env_PKG_CONFIG_value=
ac_cv_env_build_alias_set=
ac_cv_env_build_alias_value=
ac_cv_env_host_alias_set=set
ac_cv_env_host_alias_value=armv7s-apple-darwin
ac_cv_env_target_alias_set=
ac_cv_env_target_alias_value=
ac_cv_header_dlfcn_h=yes
ac_cv_header_inttypes_h=yes
ac_cv_header_memory_h=yes
ac_cv_header_stdc=yes
ac_cv_header_stdint_h=yes
ac_cv_header_stdlib_h=yes
ac_cv_header_string_h=yes
ac_cv_header_strings_h=yes
ac_cv_header_sys_stat_h=yes
ac_cv_header_sys_types_h=yes
ac_cv_header_unistd_h=yes
ac_cv_host=armv7s-apple-darwin
ac_cv_objext=o
ac_cv_path_EGREP='/opt/local/bin/grep -E'
ac_cv_path_FGREP='/opt/local/bin/grep -F'
ac_cv_path_GREP=/opt/local/bin/grep
ac_cv_path_SED=/usr/bin/sed
ac_cv_path_ac_pt_PKG_CONFIG=/opt/local/bin/pkg-config
ac_cv_path_install='/opt/local/bin/ginstall -c'
ac_cv_path_mkdir=/opt/local/bin/gmkdir
ac_cv_prog_AR='xcrun ar'
ac_cv_prog_AWK=awk
ac_cv_prog_CC='xcrun clang -std=c99  -arch armv7s  -isysroot /Applications/Xcode.app/Contents/Developer/Platforms/iPhoneOS.platform/Developer/SDKs/iPhoneOS7.0.sdk -miphoneos-version-min=4.0 -DTARGET_OS_IPHONE=1 -D__IOS -fms-extensions'
ac_cv_prog_CPP='xcrun clang -std=c99  -arch armv7s  -isysroot /Applications/Xcode.app/Contents/Developer/Platforms/iPhoneOS.platform/Developer/SDKs/iPhoneOS7.0.sdk -miphoneos-version-min=4.0 -DTARGET_OS_IPHONE=1 -D__IOS -fms-extensions -E'
ac_cv_prog_RANLIB='xcrun ranlib'
ac_cv_prog_STRIP='xcrun strip'
ac_cv_prog_ac_ct_DSYMUTIL=dsymutil
ac_cv_prog_ac_ct_LIPO=lipo
ac_cv_prog_ac_ct_NMEDIT=nmedit
ac_cv_prog_ac_ct_OTOOL=otool
ac_cv_prog_cc_c89=
ac_cv_prog_cc_g=yes
ac_cv_prog_make_make_set=yes
am_cv_CC_dependencies_compiler_type=gcc3
am_cv_make_support_nested_variables=yes
am_cv_prog_cc_c_o=yes
am_cv_prog_tar_ustar=gnutar
lt_cv_apple_cc_single_mod=yes
lt_cv_ar_at_file=no
lt_cv_deplibs_check_method=pass_all
lt_cv_file_magic_cmd='$MAGIC_CMD'
lt_cv_file_magic_test_file=
lt_cv_ld_exported_symbols_list=yes
lt_cv_ld_force_load=yes
lt_cv_ld_reload_flag=-r
lt_cv_nm_interface='BSD nm'
lt_cv_objdir=.libs
lt_cv_path_LD='xcrun ld -arch armv7s'
lt_cv_path_NM='xcrun nm'
lt_cv_path_mainfest_tool=no
lt_cv_prog_compiler_c_o=yes
lt_cv_prog_compiler_pic='-fno-common -DPIC'
lt_cv_prog_compiler_pic_works=yes
lt_cv_prog_compiler_rtti_exceptions=yes
lt_cv_prog_compiler_static_works=no
lt_cv_prog_gnu_ld=no
lt_cv_sharedlib_from_linklib_cmd='printf %s\n'
lt_cv_sys_global_symbol_pipe='sed -n -e '\''s/^.*[	 ]\([BCDEGRST][BCDEGRST]*\)[	 ][	 ]*_\([_A-Za-z][_A-Za-z0-9]*\)$/\1 _\2 \2/p'\'' | sed '\''/ __gnu_lto/d'\'''
lt_cv_sys_global_symbol_to_c_name_address='sed -n -e '\''s/^: \([^ ]*\)[ ]*$/  {\"\1\", (void *) 0},/p'\'' -e '\''s/^[BCDEGRST]* \([^ ]*\) \([^ ]*\)$/  {"\2", (void *) \&\2},/p'\'''
lt_cv_sys_global_symbol_to_c_name_address_lib_prefix='sed -n -e '\''s/^: \([^ ]*\)[ ]*$/  {\"\1\", (void *) 0},/p'\'' -e '\''s/^[BCDEGRST]* \([^ ]*\) \(lib[^ ]*\)$/  {"\2", (void *) \&\2},/p'\'' -e '\''s/^[BCDEGRST]* \([^ ]*\) \([^ ]*\)$/  {"lib\2", (void *) \&\2},/p'\'''
lt_cv_sys_global_symbol_to_cdecl='sed -n -e '\''s/^T .* \(.*\)$/extern int \1();/p'\'' -e '\''s/^[BCDEGRST]* .* \(.*\)$/extern char \1;/p'\'''
lt_cv_sys_max_cmd_len=196608
lt_cv_to_host_file_cmd=func_convert_file_noop
lt_cv_to_tool_file_cmd=func_convert_file_noop
pkg_cv_MEDIASTREAMER_CFLAGS='-DMS_FIXED_POINT -D_REENTRANT -DORTP_INET6 -I/Users/karimjimo/Downloads/linphone-iphone/submodules/build/..//../liblinphone-sdk/armv7s-apple-darwin/include -I/Users/karimjimo/Downloads/linphone-iphone/submodules/build/..//../liblinphone-sdk/armv7s-apple-darwin/include/srtp '
pkg_cv_MEDIASTREAMER_LIBS='-L/Users/karimjimo/Downloads/linphone-iphone/submodules/build/..//../liblinphone-sdk/armv7s-apple-darwin/lib -lmediastreamer_base -lmediastreamer_voip -lortp -lpthread -lsrtp '
pkg_cv_ORTP_CFLAGS='-D_REENTRANT -DORTP_INET6 -I/Users/karimjimo/Downloads/linphone-iphone/submodules/build/..//../liblinphone-sdk/armv7s-apple-darwin/include -I/Users/karimjimo/Downloads/linphone-iphone/submodules/build/..//../liblinphone-sdk/armv7s-apple-darwin/include/srtp '
pkg_cv_ORTP_LIBS='-L/Users/karimjimo/Downloads/linphone-iphone/submodules/build/..//../liblinphone-sdk/armv7s-apple-darwin/lib -lortp -lpthread -lsrtp '

## ----------------- ##
## Output variables. ##
## ----------------- ##

ACLOCAL='${SHELL} /Users/karimjimo/Downloads/linphone-iphone/submodules/bcg729/build-aux/missing aclocal-1.14'
AMDEPBACKSLASH='\'
AMDEP_FALSE='#'
AMDEP_TRUE=''
AMTAR='$${TAR-tar}'
AM_BACKSLASH='\'
AM_DEFAULT_V='$(AM_DEFAULT_VERBOSITY)'
AM_DEFAULT_VERBOSITY='0'
AM_V='$(V)'
AR='xcrun ar'
AUTOCONF='${SHELL} /Users/karimjimo/Downloads/linphone-iphone/submodules/bcg729/build-aux/missing autoconf'
AUTOHEADER='${SHELL} /Users/karimjimo/Downloads/linphone-iphone/submodules/bcg729/build-aux/missing autoheader'
AUTOMAKE='${SHELL} /Users/karimjimo/Downloads/linphone-iphone/submodules/bcg729/build-aux/missing automake-1.14'
AWK='awk'
BUILD_MSBCG729_FALSE='#'
BUILD_MSBCG729_TRUE=''
CC='xcrun clang -std=c99  -arch armv7s  -isysroot /Applications/Xcode.app/Contents/Developer/Platforms/iPhoneOS.platform/Developer/SDKs/iPhoneOS7.0.sdk -miphoneos-version-min=4.0 -DTARGET_OS_IPHONE=1 -D__IOS -fms-extensions'
CCDEPMODE='depmode=gcc3'
CFLAGS='-g -O2 -Wall -Werror '
CPP='xcrun clang -std=c99  -arch armv7s  -isysroot /Applications/Xcode.app/Contents/Developer/Platforms/iPhoneOS.platform/Developer/SDKs/iPhoneOS7.0.sdk -miphoneos-version-min=4.0 -DTARGET_OS_IPHONE=1 -D__IOS -fms-extensions -E'
CPPFLAGS='-Dasm=__asm'
CYGPATH_W='echo'
DEFS='-DPACKAGE_NAME=\"bcg729\" -DPACKAGE_TARNAME=\"bcg729\" -DPACKAGE_VERSION=\"0.1\" -DPACKAGE_STRING=\"bcg729\ 0.1\" -DPACKAGE_BUGREPORT=\"\" -DPACKAGE_URL=\"\" -DPACKAGE=\"bcg729\" -DVERSION=\"0.1\" -DSTDC_HEADERS=1 -DHAVE_SYS_TYPES_H=1 -DHAVE_SYS_STAT_H=1 -DHAVE_STDLIB_H=1 -DHAVE_STRING_H=1 -DHAVE_MEMORY_H=1 -DHAVE_STRINGS_H=1 -DHAVE_INTTYPES_H=1 -DHAVE_STDINT_H=1 -DHAVE_UNISTD_H=1 -DHAVE_DLFCN_H=1 -DLT_OBJDIR=\".libs/\"'
DEPDIR='.deps'
DLLTOOL='false'
DSYMUTIL='dsymutil'
DUMPBIN=''
ECHO_C='\c'
ECHO_N=''
ECHO_T=''
EGREP='/opt/local/bin/grep -E'
EXEEXT=''
FGREP='/opt/local/bin/grep -F'
GREP='/opt/local/bin/grep'
INSTALL_DATA='ginstall -C'
INSTALL_PROGRAM='${INSTALL}'
INSTALL_SCRIPT='${INSTALL}'
INSTALL_STRIP_PROGRAM='$(install_sh) -c -s'
LD='xcrun ld -arch armv7s'
LDFLAGS=''
LIBOBJS=''
LIBS=''
LIBTOOL='$(SHELL) $(top_builddir)/libtool'
LIPO='lipo'
LN_S='ln -s'
LTLIBOBJS=''
MAKEINFO='${SHELL} /Users/karimjimo/Downloads/linphone-iphone/submodules/bcg729/build-aux/missing makeinfo'
MANIFEST_TOOL=':'
MEDIASTREAMER_CFLAGS='-DMS_FIXED_POINT -D_REENTRANT -DORTP_INET6 -I/Users/karimjimo/Downloads/linphone-iphone/submodules/build/..//../liblinphone-sdk/armv7s-apple-darwin/include -I/Users/karimjimo/Downloads/linphone-iphone/submodules/build/..//../liblinphone-sdk/armv7s-apple-darwin/include/srtp '
MEDIASTREAMER_LIBS='-L/Users/karimjimo/Downloads/linphone-iphone/submodules/build/..//../liblinphone-sdk/armv7s-apple-darwin/lib -lmediastreamer_base -lmediastreamer_voip -lortp -lpthread -lsrtp '
MKDIR_P='/opt/local/bin/gmkdir -p'
NM='xcrun nm'
NMEDIT='nmedit'
OBJDUMP='false'
OBJEXT='o'
ORTP_CFLAGS='-D_REENTRANT -DORTP_INET6 -I/Users/karimjimo/Downloads/linphone-iphone/submodules/build/..//../liblinphone-sdk/armv7s-apple-darwin/include -I/Users/karimjimo/Downloads/linphone-iphone/submodules/build/..//../liblinphone-sdk/armv7s-apple-darwin/include/srtp '
ORTP_LIBS='-L/Users/karimjimo/Downloads/linphone-iphone/submodules/build/..//../liblinphone-sdk/armv7s-apple-darwin/lib -lortp -lpthread -lsrtp '
OTOOL64=':'
OTOOL='otool'
PACKAGE='bcg729'
PACKAGE_BUGREPORT=''
PACKAGE_NAME='bcg729'
PACKAGE_STRING='bcg729 0.1'
PACKAGE_TARNAME='bcg729'
PACKAGE_URL=''
PACKAGE_VERSION='0.1'
PATH_SEPARATOR=':'
PKG_CONFIG='/opt/local/bin/pkg-config'
PKG_CONFIG_LIBDIR='/Users/karimjimo/Downloads/linphone-iphone/submodules/build/..//../liblinphone-sdk/armv7s-apple-darwin/lib/pkgconfig'
PKG_CONFIG_PATH=''
RANLIB='xcrun ranlib'
RUN_TESTS_FALSE='#'
RUN_TESTS_TRUE=''
SED='/usr/bin/sed'
SET_MAKE=''
SHELL='/bin/sh'
STRIP='xcrun strip'
VERSION='0.1'
ac_ct_AR=''
ac_ct_CC=''
ac_ct_DUMPBIN=''
am__EXEEXT_FALSE=''
am__EXEEXT_TRUE='#'
am__fastdepCC_FALSE='#'
am__fastdepCC_TRUE=''
am__include='include'
am__isrc=' -I$(srcdir)'
am__leading_dot='.'
am__nodep='_no'
am__quote=''
am__tar='tar --format=ustar -chf - "$$tardir"'
am__untar='tar -xf -'
bindir='${exec_prefix}/bin'
build='x86_64-apple-darwin12.5.0'
build_alias=''
build_cpu='x86_64'
build_os='darwin12.5.0'
build_vendor='apple'
datadir='${datarootdir}'
datarootdir='${prefix}/share'
docdir='${datarootdir}/doc/${PACKAGE_TARNAME}'
dvidir='${docdir}'
exec_prefix='${prefix}'
host='armv7s-apple-darwin'
host_alias='armv7s-apple-darwin'
host_cpu='armv7s'
host_os='darwin'
host_vendor='apple'
htmldir='${docdir}'
includedir='${prefix}/include'
infodir='${datarootdir}/info'
install_sh='${SHELL} /Users/karimjimo/Downloads/linphone-iphone/submodules/bcg729/build-aux/install-sh'
libdir='${exec_prefix}/lib'
libexecdir='${exec_prefix}/libexec'
localedir='${datarootdir}/locale'
localstatedir='${prefix}/var'
mandir='${datarootdir}/man'
mkdir_p='$(MKDIR_P)'
oldincludedir='/usr/include'
pdfdir='${docdir}'
prefix='/Users/karimjimo/Downloads/linphone-iphone/submodules/build/..//../liblinphone-sdk/armv7s-apple-darwin'
program_transform_name='s,x,x,'
psdir='${docdir}'
sbindir='${exec_prefix}/sbin'
sharedstatedir='${prefix}/com'
sysconfdir='${prefix}/etc'
target_alias=''

## ----------- ##
## confdefs.h. ##
## ----------- ##

/* confdefs.h */
#define PACKAGE_NAME "bcg729"
#define PACKAGE_TARNAME "bcg729"
#define PACKAGE_VERSION "0.1"
#define PACKAGE_STRING "bcg729 0.1"
#define PACKAGE_BUGREPORT ""
#define PACKAGE_URL ""
#define PACKAGE "bcg729"
#define VERSION "0.1"
#define STDC_HEADERS 1
#define HAVE_SYS_TYPES_H 1
#define HAVE_SYS_STAT_H 1
#define HAVE_STDLIB_H 1
#define HAVE_STRING_H 1
#define HAVE_MEMORY_H 1
#define HAVE_STRINGS_H 1
#define HAVE_INTTYPES_H 1
#define HAVE_STDINT_H 1
#define HAVE_UNISTD_H 1
#define HAVE_DLFCN_H 1
#define LT_OBJDIR ".libs/"

configure: exit 0
