This file contains any messages produced by compilers while
running configure, to aid debugging if configure makes a mistake.

It was created by msx264 configure 1.4.3, which was
generated by GNU Autoconf 2.69.  Invocation command line was

  $ /Users/karimjimo/Downloads/linphone-iphone/submodules/build/..//msx264/configure -prefix=/Users/karimjimo/Downloads/linphone-iphone/submodules/build/..//../liblinphone-sdk/armv7s-apple-darwin --host=armv7s-apple-darwin --disable-shared --enable-static

## --------- ##
## Platform. ##
## --------- ##

hostname = new-host-3.home
uname -m = x86_64
uname -r = 12.5.0
uname -s = Darwin
uname -v = Darwin Kernel Version 12.5.0: Sun Sep 29 13:33:47 PDT 2013; root:xnu-2050.48.12~1/RELEASE_X86_64

/usr/bin/uname -p = i386
/bin/uname -X     = unknown

/bin/arch              = unknown
/usr/bin/arch -k       = unknown
/usr/convex/getsysinfo = unknown
/usr/bin/hostinfo      = Mach kernel version:
	 Darwin Kernel Version 12.5.0: Sun Sep 29 13:33:47 PDT 2013; root:xnu-2050.48.12~1/RELEASE_X86_64
Kernel configured for up to 4 processors.
2 processors are physically available.
4 processors are logically available.
Processor type: i486 (Intel 80486)
Processors active: 0 1 2 3
Primary memory available: 4.00 gigabytes
Default processor set: 128 tasks, 819 threads, 4 processors
Load average: 1.75, Mach factor: 2.23
/bin/machine           = unknown
/usr/bin/oslevel       = unknown
/bin/universe          = unknown

PATH: /opt/local/bin
PATH: /opt/local/sbin
PATH: /usr/bin
PATH: /bin
PATH: /usr/sbin
PATH: /sbin
PATH: /usr/local/bin


## ----------- ##
## Core tests. ##
## ----------- ##

configure:2064: loading site script /Users/karimjimo/Downloads/linphone-iphone/submodules/build/..//build/iphone-config.site
| # -*- shell-script -*-
| 
| SDK_VERSION_MAJOR=4
| SDK_VERSION=4.0
| MCPU=""
| if test "${host_alias}" = "i386-apple-darwin" ; then 
| 	PLATFORM=Simulator
| 	ARCH=i386
| 	CMAKE_OPTS="-DCMAKE_SYSTEM_PROCESSOR=i386"
| 	MCPU=""
| elif test "${host_alias}" = "armv6-apple-darwin" ; then 
| 	ARCH=armv6
| 	PLATFORM=OS
| 	CMAKE_OPTS="-DCMAKE_SYSTEM_PROCESSOR=arm"
| 	MCPU="-mcpu=arm1176jzf-s"
| elif test "${host_alias}" = "armv7-apple-darwin" ; then 
| 	ARCH=armv7
| 	PLATFORM=OS
| 	CMAKE_OPTS="-DCMAKE_SYSTEM_PROCESSOR=arm"
| 	MCPU="-mcpu=cortex-a8"
| elif test "${host_alias}" = "armv7s-apple-darwin" ; then 
| 	ARCH=armv7s
| 	PLATFORM=OS
| 	CMAKE_OPTS="-DCMAKE_SYSTEM_PROCESSOR=arm"
| else 
| 	echo "bad host ${host_alias} must be either i386-apple-darwin or armv6-apple-darwin"
| 	exit
| fi
| echo "Loading config.site for iPhone platform=${PLATFORM} version=${SDK_VERSION}"
| XCODE_DEV_PATH=`xcode-select -print-path`
| #new path with Xcode 4.3:
| if test -d ${XCODE_DEV_PATH}/Platforms/iPhone${PLATFORM}.platform/Developer/SDKs ; then
| 	SDK_PATH_LIST=`ls -drt ${XCODE_DEV_PATH}/Platforms/iPhone${PLATFORM}.platform/Developer/SDKs/iPhone${PLATFORM}*`
| 	SDK_BIN_PATH=${XCODE_DEV_PATH}/Platforms/iPhone${PLATFORM}.platform/Developer/usr/bin  
| else
| 	SDK_PATH_LIST=`ls -drt /Developer/Platforms/iPhone${PLATFORM}.platform/Developer/SDKs/iPhone${PLATFORM}*`
| 	SDK_BIN_PATH=/Developer/Platforms/iPhone${PLATFORM}.platform/Developer/usr/bin  
| fi
|    
| for SYSROOT_PATH in $SDK_PATH_LIST ; do echo $SYSROOT_PATH ; done ;
| echo "Selecting SDK path = ${SYSROOT_PATH}"
| 
| COMMON_FLAGS=" -arch ${ARCH} ${MCPU} -isysroot ${SYSROOT_PATH} -miphoneos-version-min=${SDK_VERSION} -DTARGET_OS_IPHONE=1 -D__IOS -fms-extensions"
| CC="xcrun clang -std=c99 $COMMON_FLAGS"
| OBJC="xcrun clang -std=c99 $COMMON_FLAGS"
| CXX="xcrun clang++ $COMMON_FLAGS"
| LD="xcrun ld -arch ${ARCH}"
| AR="xcrun ar"
| RANLIB="xcrun ranlib"
| STRIP="xcrun strip"
| NM="xcrun nm"
| 
| CPPFLAGS="-Dasm=__asm"
| OBJCFLAGS="-x objective-c -fexceptions -gdwarf-2 -fobjc-abi-version=2 -fobjc-legacy-dispatch"
| #Force install script to use -C so that header files don't get re-written if not changed.
| INSTALL_DATA="ginstall -C"
| 
| 
configure:2206: checking for a BSD-compatible install
configure:2274: result: /opt/local/bin/ginstall -c
configure:2285: checking whether build environment is sane
configure:2340: result: yes
configure:2399: checking for armv7s-apple-darwin-strip
configure:2426: result: xcrun strip
configure:2491: checking for a thread-safe mkdir -p
configure:2530: result: /opt/local/bin/gmkdir -p
configure:2537: checking for gawk
configure:2567: result: no
configure:2537: checking for mawk
configure:2567: result: no
configure:2537: checking for nawk
configure:2567: result: no
configure:2537: checking for awk
configure:2553: found /usr/bin/awk
configure:2564: result: awk
configure:2575: checking whether make sets $(MAKE)
configure:2597: result: yes
configure:2626: checking whether make supports nested variables
configure:2643: result: yes
configure:2732: checking whether UID '501' is supported by ustar format
configure:2735: result: yes
configure:2742: checking whether GID '20' is supported by ustar format
configure:2745: result: yes
configure:2753: checking how to create a ustar tar archive
configure:2764: tar --version
bsdtar 2.8.3 - libarchive 2.8.3
configure:2767: $? = 0
configure:2807: tardir=conftest.dir && eval tar --format=ustar -chf - "$tardir" >conftest.tar
configure:2810: $? = 0
configure:2814: tar -xf - <conftest.tar
configure:2817: $? = 0
configure:2819: cat conftest.dir/file
GrepMe
configure:2822: $? = 0
configure:2835: result: gnutar
configure:2889: checking build system type
configure:2903: result: x86_64-apple-darwin12.5.0
configure:2923: checking host system type
configure:2936: result: armv7s-apple-darwin
configure:2956: checking target system type
configure:2969: result: armv7s-apple-darwin
configure:2997: checking warning make an error on compilation
configure:3017: checking for armv7s-apple-darwin-gcc
configure:3044: result: xcrun clang -std=c99  -arch armv7s  -isysroot /Applications/Xcode.app/Contents/Developer/Platforms/iPhoneOS.platform/Developer/SDKs/iPhoneOS7.0.sdk -miphoneos-version-min=4.0 -DTARGET_OS_IPHONE=1 -D__IOS -fms-extensions
configure:3313: checking for C compiler version
configure:3322: xcrun clang -std=c99  -arch armv7s  -isysroot /Applications/Xcode.app/Contents/Developer/Platforms/iPhoneOS.platform/Developer/SDKs/iPhoneOS7.0.sdk -miphoneos-version-min=4.0 -DTARGET_OS_IPHONE=1 -D__IOS -fms-extensions --version >&5
Apple LLVM version 5.0 (clang-500.2.76) (based on LLVM 3.3svn)
Target: arm-apple-darwin12.5.0
Thread model: posix
configure:3333: $? = 0
configure:3322: xcrun clang -std=c99  -arch armv7s  -isysroot /Applications/Xcode.app/Contents/Developer/Platforms/iPhoneOS.platform/Developer/SDKs/iPhoneOS7.0.sdk -miphoneos-version-min=4.0 -DTARGET_OS_IPHONE=1 -D__IOS -fms-extensions -v >&5
Apple LLVM version 5.0 (clang-500.2.76) (based on LLVM 3.3svn)
Target: arm-apple-darwin12.5.0
Thread model: posix
clang: warning: argument unused during compilation: '-std=c99'
clang: warning: argument unused during compilation: '-isysroot /Applications/Xcode.app/Contents/Developer/Platforms/iPhoneOS.platform/Developer/SDKs/iPhoneOS7.0.sdk'
clang: warning: argument unused during compilation: '-miphoneos-version-min=4.0'
clang: warning: argument unused during compilation: '-D TARGET_OS_IPHONE=1'
clang: warning: argument unused during compilation: '-D __IOS'
clang: warning: argument unused during compilation: '-fms-extensions'
configure:3333: $? = 0
configure:3322: xcrun clang -std=c99  -arch armv7s  -isysroot /Applications/Xcode.app/Contents/Developer/Platforms/iPhoneOS.platform/Developer/SDKs/iPhoneOS7.0.sdk -miphoneos-version-min=4.0 -DTARGET_OS_IPHONE=1 -D__IOS -fms-extensions -V >&5
clang: error: argument to '-V' is missing (expected 1 value)
clang: error: no input files
configure:3333: $? = 1
configure:3322: xcrun clang -std=c99  -arch armv7s  -isysroot /Applications/Xcode.app/Contents/Developer/Platforms/iPhoneOS.platform/Developer/SDKs/iPhoneOS7.0.sdk -miphoneos-version-min=4.0 -DTARGET_OS_IPHONE=1 -D__IOS -fms-extensions -qversion >&5
clang: error: no input files
configure:3333: $? = 1
configure:3353: checking whether the C compiler works
configure:3375: xcrun clang -std=c99  -arch armv7s  -isysroot /Applications/Xcode.app/Contents/Developer/Platforms/iPhoneOS.platform/Developer/SDKs/iPhoneOS7.0.sdk -miphoneos-version-min=4.0 -DTARGET_OS_IPHONE=1 -D__IOS -fms-extensions  -Dasm=__asm  conftest.c  >&5
configure:3379: $? = 0
configure:3427: result: yes
configure:3430: checking for C compiler default output file name
configure:3432: result: a.out
configure:3438: checking for suffix of executables
configure:3445: xcrun clang -std=c99  -arch armv7s  -isysroot /Applications/Xcode.app/Contents/Developer/Platforms/iPhoneOS.platform/Developer/SDKs/iPhoneOS7.0.sdk -miphoneos-version-min=4.0 -DTARGET_OS_IPHONE=1 -D__IOS -fms-extensions -o conftest  -Dasm=__asm  conftest.c  >&5
configure:3449: $? = 0
configure:3471: result: 
configure:3493: checking whether we are cross compiling
configure:3501: xcrun clang -std=c99  -arch armv7s  -isysroot /Applications/Xcode.app/Contents/Developer/Platforms/iPhoneOS.platform/Developer/SDKs/iPhoneOS7.0.sdk -miphoneos-version-min=4.0 -DTARGET_OS_IPHONE=1 -D__IOS -fms-extensions -o conftest  -Dasm=__asm  conftest.c  >&5
configure:3505: $? = 0
configure:3512: ./conftest
/Users/karimjimo/Downloads/linphone-iphone/submodules/build/..//msx264/configure: line 3514: ./conftest: Bad CPU type in executable
configure:3516: $? = 126
configure:3531: result: yes
configure:3536: checking for suffix of object files
configure:3558: xcrun clang -std=c99  -arch armv7s  -isysroot /Applications/Xcode.app/Contents/Developer/Platforms/iPhoneOS.platform/Developer/SDKs/iPhoneOS7.0.sdk -miphoneos-version-min=4.0 -DTARGET_OS_IPHONE=1 -D__IOS -fms-extensions -c  -Dasm=__asm conftest.c >&5
configure:3562: $? = 0
configure:3583: result: o
configure:3587: checking whether we are using the GNU C compiler
configure:3606: xcrun clang -std=c99  -arch armv7s  -isysroot /Applications/Xcode.app/Contents/Developer/Platforms/iPhoneOS.platform/Developer/SDKs/iPhoneOS7.0.sdk -miphoneos-version-min=4.0 -DTARGET_OS_IPHONE=1 -D__IOS -fms-extensions -c  -Dasm=__asm conftest.c >&5
configure:3606: $? = 0
configure:3615: result: yes
configure:3624: checking whether xcrun clang -std=c99  -arch armv7s  -isysroot /Applications/Xcode.app/Contents/Developer/Platforms/iPhoneOS.platform/Developer/SDKs/iPhoneOS7.0.sdk -miphoneos-version-min=4.0 -DTARGET_OS_IPHONE=1 -D__IOS -fms-extensions accepts -g
configure:3644: xcrun clang -std=c99  -arch armv7s  -isysroot /Applications/Xcode.app/Contents/Developer/Platforms/iPhoneOS.platform/Developer/SDKs/iPhoneOS7.0.sdk -miphoneos-version-min=4.0 -DTARGET_OS_IPHONE=1 -D__IOS -fms-extensions -c -g -Dasm=__asm conftest.c >&5
configure:3644: $? = 0
configure:3685: result: yes
configure:3702: checking for xcrun clang -std=c99  -arch armv7s  -isysroot /Applications/Xcode.app/Contents/Developer/Platforms/iPhoneOS.platform/Developer/SDKs/iPhoneOS7.0.sdk -miphoneos-version-min=4.0 -DTARGET_OS_IPHONE=1 -D__IOS -fms-extensions option to accept ISO C89
configure:3765: xcrun clang -std=c99  -arch armv7s  -isysroot /Applications/Xcode.app/Contents/Developer/Platforms/iPhoneOS.platform/Developer/SDKs/iPhoneOS7.0.sdk -miphoneos-version-min=4.0 -DTARGET_OS_IPHONE=1 -D__IOS -fms-extensions  -c -g -O2 -Dasm=__asm conftest.c >&5
configure:3765: $? = 0
configure:3778: result: none needed
configure:3803: checking whether xcrun clang -std=c99  -arch armv7s  -isysroot /Applications/Xcode.app/Contents/Developer/Platforms/iPhoneOS.platform/Developer/SDKs/iPhoneOS7.0.sdk -miphoneos-version-min=4.0 -DTARGET_OS_IPHONE=1 -D__IOS -fms-extensions understands -c and -o together
configure:3825: xcrun clang -std=c99  -arch armv7s  -isysroot /Applications/Xcode.app/Contents/Developer/Platforms/iPhoneOS.platform/Developer/SDKs/iPhoneOS7.0.sdk -miphoneos-version-min=4.0 -DTARGET_OS_IPHONE=1 -D__IOS -fms-extensions -c conftest.c -o conftest2.o
configure:3828: $? = 0
configure:3825: xcrun clang -std=c99  -arch armv7s  -isysroot /Applications/Xcode.app/Contents/Developer/Platforms/iPhoneOS.platform/Developer/SDKs/iPhoneOS7.0.sdk -miphoneos-version-min=4.0 -DTARGET_OS_IPHONE=1 -D__IOS -fms-extensions -c conftest.c -o conftest2.o
configure:3828: $? = 0
configure:3840: result: yes
configure:3868: checking for style of include used by make
configure:3896: result: GNU
configure:3922: checking dependency style of xcrun clang -std=c99  -arch armv7s  -isysroot /Applications/Xcode.app/Contents/Developer/Platforms/iPhoneOS.platform/Developer/SDKs/iPhoneOS7.0.sdk -miphoneos-version-min=4.0 -DTARGET_OS_IPHONE=1 -D__IOS -fms-extensions
configure:4033: result: gcc3
configure:4429: checking how to print strings
configure:4456: result: printf
configure:4477: checking for a sed that does not truncate output
configure:4541: result: /usr/bin/sed
configure:4559: checking for grep that handles long lines and -e
configure:4617: result: /opt/local/bin/grep
configure:4622: checking for egrep
configure:4684: result: /opt/local/bin/grep -E
configure:4689: checking for fgrep
configure:4751: result: /opt/local/bin/grep -F
configure:4786: checking for ld used by xcrun clang -std=c99  -arch armv7s  -isysroot /Applications/Xcode.app/Contents/Developer/Platforms/iPhoneOS.platform/Developer/SDKs/iPhoneOS7.0.sdk -miphoneos-version-min=4.0 -DTARGET_OS_IPHONE=1 -D__IOS -fms-extensions
configure:4853: result: xcrun ld -arch armv7s
configure:4860: checking if the linker (xcrun ld -arch armv7s) is GNU ld
configure:4875: result: no
configure:4887: checking for BSD- or MS-compatible name lister (nm)
configure:4936: result: xcrun nm
configure:5066: checking the name lister (xcrun nm) interface
configure:5073: xcrun clang -std=c99  -arch armv7s  -isysroot /Applications/Xcode.app/Contents/Developer/Platforms/iPhoneOS.platform/Developer/SDKs/iPhoneOS7.0.sdk -miphoneos-version-min=4.0 -DTARGET_OS_IPHONE=1 -D__IOS -fms-extensions -c -g -O2 -Dasm=__asm conftest.c >&5
configure:5076: xcrun nm "conftest.o"
configure:5079: output
00000230 S _some_variable
configure:5086: result: BSD nm
configure:5089: checking whether ln -s works
configure:5093: result: yes
configure:5101: checking the maximum length of command line arguments
configure:5231: result: 196608
configure:5248: checking whether the shell understands some XSI constructs
configure:5258: result: yes
configure:5262: checking whether the shell understands "+="
configure:5268: result: yes
configure:5303: checking how to convert x86_64-apple-darwin12.5.0 file names to armv7s-apple-darwin format
configure:5343: result: func_convert_file_noop
configure:5350: checking how to convert x86_64-apple-darwin12.5.0 file names to toolchain format
configure:5370: result: func_convert_file_noop
configure:5377: checking for xcrun ld -arch armv7s option to reload object files
configure:5384: result: -r
configure:5418: checking for armv7s-apple-darwin-objdump
configure:5445: result: objdump
configure:5514: checking how to recognize dependent libraries
configure:5716: result: pass_all
configure:5761: checking for armv7s-apple-darwin-dlltool
configure:5788: result: dlltool
configure:5858: checking how to associate runtime and link libraries
configure:5885: result: printf %s\n
configure:5902: checking for armv7s-apple-darwin-ar
configure:5929: result: xcrun ar
configure:6010: checking for archiver @FILE support
configure:6027: xcrun clang -std=c99  -arch armv7s  -isysroot /Applications/Xcode.app/Contents/Developer/Platforms/iPhoneOS.platform/Developer/SDKs/iPhoneOS7.0.sdk -miphoneos-version-min=4.0 -DTARGET_OS_IPHONE=1 -D__IOS -fms-extensions -c -g -O2 -Dasm=__asm conftest.c >&5
configure:6027: $? = 0
configure:6030: xcrun ar cru libconftest.a @conftest.lst >&5
ar: @conftest.lst: No such file or directory
configure:6033: $? = 1
configure:6053: result: no
configure:6071: checking for armv7s-apple-darwin-strip
configure:6098: result: xcrun strip
configure:6170: checking for armv7s-apple-darwin-ranlib
configure:6197: result: xcrun ranlib
configure:6339: checking command to parse xcrun nm output from xcrun clang -std=c99  -arch armv7s  -isysroot /Applications/Xcode.app/Contents/Developer/Platforms/iPhoneOS.platform/Developer/SDKs/iPhoneOS7.0.sdk -miphoneos-version-min=4.0 -DTARGET_OS_IPHONE=1 -D__IOS -fms-extensions object
configure:6459: xcrun clang -std=c99  -arch armv7s  -isysroot /Applications/Xcode.app/Contents/Developer/Platforms/iPhoneOS.platform/Developer/SDKs/iPhoneOS7.0.sdk -miphoneos-version-min=4.0 -DTARGET_OS_IPHONE=1 -D__IOS -fms-extensions -c -g -O2 -Dasm=__asm conftest.c >&5
configure:6462: $? = 0
configure:6466: xcrun nm conftest.o \| sed -n -e 's/^.*[ ]\([BCDEGRST][BCDEGRST]*\)[ ][ ]*\([_A-Za-z][_A-Za-z0-9]*\)$/\1 \2 \2/p' | sed '/ __gnu_lto/d' \> conftest.nm
configure:6469: $? = 0
cannot find nm_test_var in conftest.nm
configure:6459: xcrun clang -std=c99  -arch armv7s  -isysroot /Applications/Xcode.app/Contents/Developer/Platforms/iPhoneOS.platform/Developer/SDKs/iPhoneOS7.0.sdk -miphoneos-version-min=4.0 -DTARGET_OS_IPHONE=1 -D__IOS -fms-extensions -c -g -O2 -Dasm=__asm conftest.c >&5
configure:6462: $? = 0
configure:6466: xcrun nm conftest.o \| sed -n -e 's/^.*[ ]\([BCDEGRST][BCDEGRST]*\)[ ][ ]*_\([_A-Za-z][_A-Za-z0-9]*\)$/\1 _\2 \2/p' | sed '/ __gnu_lto/d' \> conftest.nm
configure:6469: $? = 0
configure:6535: xcrun clang -std=c99  -arch armv7s  -isysroot /Applications/Xcode.app/Contents/Developer/Platforms/iPhoneOS.platform/Developer/SDKs/iPhoneOS7.0.sdk -miphoneos-version-min=4.0 -DTARGET_OS_IPHONE=1 -D__IOS -fms-extensions -o conftest -g -O2 -Dasm=__asm  conftest.c conftstm.o >&5
configure:6538: $? = 0
configure:6576: result: ok
configure:6613: checking for sysroot
configure:6643: result: no
configure:6859: checking for armv7s-apple-darwin-mt
configure:6889: result: no
configure:6899: checking for mt
configure:6929: result: no
configure:6949: checking if : is a manifest tool
configure:6955: : '-?'
configure:6963: result: no
configure:6979: checking for armv7s-apple-darwin-dsymutil
configure:7009: result: no
configure:7019: checking for dsymutil
configure:7035: found /usr/bin/dsymutil
configure:7046: result: dsymutil
configure:7058: WARNING: using cross tools not prefixed with host triplet
configure:7071: checking for armv7s-apple-darwin-nmedit
configure:7101: result: no
configure:7111: checking for nmedit
configure:7127: found /usr/bin/nmedit
configure:7138: result: nmedit
configure:7163: checking for armv7s-apple-darwin-lipo
configure:7193: result: no
configure:7203: checking for lipo
configure:7219: found /usr/bin/lipo
configure:7230: result: lipo
configure:7255: checking for armv7s-apple-darwin-otool
configure:7285: result: no
configure:7295: checking for otool
configure:7311: found /usr/bin/otool
configure:7322: result: otool
configure:7347: checking for armv7s-apple-darwin-otool64
configure:7377: result: no
configure:7387: checking for otool64
configure:7417: result: no
configure:7462: checking for -single_module linker flag
xcrun clang -std=c99  -arch armv7s  -isysroot /Applications/Xcode.app/Contents/Developer/Platforms/iPhoneOS.platform/Developer/SDKs/iPhoneOS7.0.sdk -miphoneos-version-min=4.0 -DTARGET_OS_IPHONE=1 -D__IOS -fms-extensions -g -O2  -o libconftest.dylib -dynamiclib -Wl,-single_module conftest.c
configure:7495: result: yes
configure:7498: checking for -exported_symbols_list linker flag
configure:7518: xcrun clang -std=c99  -arch armv7s  -isysroot /Applications/Xcode.app/Contents/Developer/Platforms/iPhoneOS.platform/Developer/SDKs/iPhoneOS7.0.sdk -miphoneos-version-min=4.0 -DTARGET_OS_IPHONE=1 -D__IOS -fms-extensions -o conftest -g -O2 -Dasm=__asm  -Wl,-exported_symbols_list,conftest.sym conftest.c  >&5
configure:7518: $? = 0
configure:7528: result: yes
configure:7531: checking for -force_load linker flag
xcrun clang -std=c99  -arch armv7s  -isysroot /Applications/Xcode.app/Contents/Developer/Platforms/iPhoneOS.platform/Developer/SDKs/iPhoneOS7.0.sdk -miphoneos-version-min=4.0 -DTARGET_OS_IPHONE=1 -D__IOS -fms-extensions -g -O2 -c -o conftest.o conftest.c
xcrun ar cru libconftest.a conftest.o
xcrun ranlib libconftest.a
xcrun clang -std=c99  -arch armv7s  -isysroot /Applications/Xcode.app/Contents/Developer/Platforms/iPhoneOS.platform/Developer/SDKs/iPhoneOS7.0.sdk -miphoneos-version-min=4.0 -DTARGET_OS_IPHONE=1 -D__IOS -fms-extensions -g -O2  -o conftest conftest.c -Wl,-force_load,./libconftest.a
configure:7563: result: yes
configure:7605: checking how to run the C preprocessor
configure:7636: xcrun clang -std=c99  -arch armv7s  -isysroot /Applications/Xcode.app/Contents/Developer/Platforms/iPhoneOS.platform/Developer/SDKs/iPhoneOS7.0.sdk -miphoneos-version-min=4.0 -DTARGET_OS_IPHONE=1 -D__IOS -fms-extensions -E -Dasm=__asm conftest.c
configure:7636: $? = 0
configure:7650: xcrun clang -std=c99  -arch armv7s  -isysroot /Applications/Xcode.app/Contents/Developer/Platforms/iPhoneOS.platform/Developer/SDKs/iPhoneOS7.0.sdk -miphoneos-version-min=4.0 -DTARGET_OS_IPHONE=1 -D__IOS -fms-extensions -E -Dasm=__asm conftest.c
conftest.c:11:10: fatal error: 'ac_nonexistent.h' file not found
#include <ac_nonexistent.h>
         ^
1 error generated.
configure:7650: $? = 1
configure: failed program was:
| /* confdefs.h */
| #define PACKAGE_NAME "msx264"
| #define PACKAGE_TARNAME "msx264"
| #define PACKAGE_VERSION "1.4.3"
| #define PACKAGE_STRING "msx264 1.4.3"
| #define PACKAGE_BUGREPORT ""
| #define PACKAGE_URL ""
| #define PACKAGE "msx264"
| #define VERSION "1.4.3"
| /* end confdefs.h.  */
| #include <ac_nonexistent.h>
configure:7675: result: xcrun clang -std=c99  -arch armv7s  -isysroot /Applications/Xcode.app/Contents/Developer/Platforms/iPhoneOS.platform/Developer/SDKs/iPhoneOS7.0.sdk -miphoneos-version-min=4.0 -DTARGET_OS_IPHONE=1 -D__IOS -fms-extensions -E
configure:7695: xcrun clang -std=c99  -arch armv7s  -isysroot /Applications/Xcode.app/Contents/Developer/Platforms/iPhoneOS.platform/Developer/SDKs/iPhoneOS7.0.sdk -miphoneos-version-min=4.0 -DTARGET_OS_IPHONE=1 -D__IOS -fms-extensions -E -Dasm=__asm conftest.c
configure:7695: $? = 0
configure:7709: xcrun clang -std=c99  -arch armv7s  -isysroot /Applications/Xcode.app/Contents/Developer/Platforms/iPhoneOS.platform/Developer/SDKs/iPhoneOS7.0.sdk -miphoneos-version-min=4.0 -DTARGET_OS_IPHONE=1 -D__IOS -fms-extensions -E -Dasm=__asm conftest.c
conftest.c:11:10: fatal error: 'ac_nonexistent.h' file not found
#include <ac_nonexistent.h>
         ^
1 error generated.
configure:7709: $? = 1
configure: failed program was:
| /* confdefs.h */
| #define PACKAGE_NAME "msx264"
| #define PACKAGE_TARNAME "msx264"
| #define PACKAGE_VERSION "1.4.3"
| #define PACKAGE_STRING "msx264 1.4.3"
| #define PACKAGE_BUGREPORT ""
| #define PACKAGE_URL ""
| #define PACKAGE "msx264"
| #define VERSION "1.4.3"
| /* end confdefs.h.  */
| #include <ac_nonexistent.h>
configure:7738: checking for ANSI C header files
configure:7758: xcrun clang -std=c99  -arch armv7s  -isysroot /Applications/Xcode.app/Contents/Developer/Platforms/iPhoneOS.platform/Developer/SDKs/iPhoneOS7.0.sdk -miphoneos-version-min=4.0 -DTARGET_OS_IPHONE=1 -D__IOS -fms-extensions -c -g -O2 -Dasm=__asm conftest.c >&5
configure:7758: $? = 0
configure:7842: result: yes
configure:7855: checking for sys/types.h
configure:7855: xcrun clang -std=c99  -arch armv7s  -isysroot /Applications/Xcode.app/Contents/Developer/Platforms/iPhoneOS.platform/Developer/SDKs/iPhoneOS7.0.sdk -miphoneos-version-min=4.0 -DTARGET_OS_IPHONE=1 -D__IOS -fms-extensions -c -g -O2 -Dasm=__asm conftest.c >&5
configure:7855: $? = 0
configure:7855: result: yes
configure:7855: checking for sys/stat.h
configure:7855: xcrun clang -std=c99  -arch armv7s  -isysroot /Applications/Xcode.app/Contents/Developer/Platforms/iPhoneOS.platform/Developer/SDKs/iPhoneOS7.0.sdk -miphoneos-version-min=4.0 -DTARGET_OS_IPHONE=1 -D__IOS -fms-extensions -c -g -O2 -Dasm=__asm conftest.c >&5
configure:7855: $? = 0
configure:7855: result: yes
configure:7855: checking for stdlib.h
configure:7855: xcrun clang -std=c99  -arch armv7s  -isysroot /Applications/Xcode.app/Contents/Developer/Platforms/iPhoneOS.platform/Developer/SDKs/iPhoneOS7.0.sdk -miphoneos-version-min=4.0 -DTARGET_OS_IPHONE=1 -D__IOS -fms-extensions -c -g -O2 -Dasm=__asm conftest.c >&5
configure:7855: $? = 0
configure:7855: result: yes
configure:7855: checking for string.h
configure:7855: xcrun clang -std=c99  -arch armv7s  -isysroot /Applications/Xcode.app/Contents/Developer/Platforms/iPhoneOS.platform/Developer/SDKs/iPhoneOS7.0.sdk -miphoneos-version-min=4.0 -DTARGET_OS_IPHONE=1 -D__IOS -fms-extensions -c -g -O2 -Dasm=__asm conftest.c >&5
configure:7855: $? = 0
configure:7855: result: yes
configure:7855: checking for memory.h
configure:7855: xcrun clang -std=c99  -arch armv7s  -isysroot /Applications/Xcode.app/Contents/Developer/Platforms/iPhoneOS.platform/Developer/SDKs/iPhoneOS7.0.sdk -miphoneos-version-min=4.0 -DTARGET_OS_IPHONE=1 -D__IOS -fms-extensions -c -g -O2 -Dasm=__asm conftest.c >&5
configure:7855: $? = 0
configure:7855: result: yes
configure:7855: checking for strings.h
configure:7855: xcrun clang -std=c99  -arch armv7s  -isysroot /Applications/Xcode.app/Contents/Developer/Platforms/iPhoneOS.platform/Developer/SDKs/iPhoneOS7.0.sdk -miphoneos-version-min=4.0 -DTARGET_OS_IPHONE=1 -D__IOS -fms-extensions -c -g -O2 -Dasm=__asm conftest.c >&5
configure:7855: $? = 0
configure:7855: result: yes
configure:7855: checking for inttypes.h
configure:7855: xcrun clang -std=c99  -arch armv7s  -isysroot /Applications/Xcode.app/Contents/Developer/Platforms/iPhoneOS.platform/Developer/SDKs/iPhoneOS7.0.sdk -miphoneos-version-min=4.0 -DTARGET_OS_IPHONE=1 -D__IOS -fms-extensions -c -g -O2 -Dasm=__asm conftest.c >&5
configure:7855: $? = 0
configure:7855: result: yes
configure:7855: checking for stdint.h
configure:7855: xcrun clang -std=c99  -arch armv7s  -isysroot /Applications/Xcode.app/Contents/Developer/Platforms/iPhoneOS.platform/Developer/SDKs/iPhoneOS7.0.sdk -miphoneos-version-min=4.0 -DTARGET_OS_IPHONE=1 -D__IOS -fms-extensions -c -g -O2 -Dasm=__asm conftest.c >&5
configure:7855: $? = 0
configure:7855: result: yes
configure:7855: checking for unistd.h
configure:7855: xcrun clang -std=c99  -arch armv7s  -isysroot /Applications/Xcode.app/Contents/Developer/Platforms/iPhoneOS.platform/Developer/SDKs/iPhoneOS7.0.sdk -miphoneos-version-min=4.0 -DTARGET_OS_IPHONE=1 -D__IOS -fms-extensions -c -g -O2 -Dasm=__asm conftest.c >&5
configure:7855: $? = 0
configure:7855: result: yes
configure:7869: checking for dlfcn.h
configure:7869: xcrun clang -std=c99  -arch armv7s  -isysroot /Applications/Xcode.app/Contents/Developer/Platforms/iPhoneOS.platform/Developer/SDKs/iPhoneOS7.0.sdk -miphoneos-version-min=4.0 -DTARGET_OS_IPHONE=1 -D__IOS -fms-extensions -c -g -O2 -Dasm=__asm conftest.c >&5
configure:7869: $? = 0
configure:7869: result: yes
configure:8043: checking for objdir
configure:8058: result: .libs
configure:8325: checking if xcrun clang -std=c99  -arch armv7s  -isysroot /Applications/Xcode.app/Contents/Developer/Platforms/iPhoneOS.platform/Developer/SDKs/iPhoneOS7.0.sdk -miphoneos-version-min=4.0 -DTARGET_OS_IPHONE=1 -D__IOS -fms-extensions supports -fno-rtti -fno-exceptions
configure:8343: xcrun clang -std=c99  -arch armv7s  -isysroot /Applications/Xcode.app/Contents/Developer/Platforms/iPhoneOS.platform/Developer/SDKs/iPhoneOS7.0.sdk -miphoneos-version-min=4.0 -DTARGET_OS_IPHONE=1 -D__IOS -fms-extensions -c -g -O2 -Dasm=__asm -fno-rtti -fno-exceptions conftest.c >&5
configure:8347: $? = 0
configure:8360: result: yes
configure:8687: checking for xcrun clang -std=c99  -arch armv7s  -isysroot /Applications/Xcode.app/Contents/Developer/Platforms/iPhoneOS.platform/Developer/SDKs/iPhoneOS7.0.sdk -miphoneos-version-min=4.0 -DTARGET_OS_IPHONE=1 -D__IOS -fms-extensions option to produce PIC
configure:8694: result: -fno-common -DPIC
configure:8702: checking if xcrun clang -std=c99  -arch armv7s  -isysroot /Applications/Xcode.app/Contents/Developer/Platforms/iPhoneOS.platform/Developer/SDKs/iPhoneOS7.0.sdk -miphoneos-version-min=4.0 -DTARGET_OS_IPHONE=1 -D__IOS -fms-extensions PIC flag -fno-common -DPIC works
configure:8720: xcrun clang -std=c99  -arch armv7s  -isysroot /Applications/Xcode.app/Contents/Developer/Platforms/iPhoneOS.platform/Developer/SDKs/iPhoneOS7.0.sdk -miphoneos-version-min=4.0 -DTARGET_OS_IPHONE=1 -D__IOS -fms-extensions -c -g -O2 -Dasm=__asm -fno-common -DPIC -DPIC conftest.c >&5
configure:8724: $? = 0
configure:8737: result: yes
configure:8766: checking if xcrun clang -std=c99  -arch armv7s  -isysroot /Applications/Xcode.app/Contents/Developer/Platforms/iPhoneOS.platform/Developer/SDKs/iPhoneOS7.0.sdk -miphoneos-version-min=4.0 -DTARGET_OS_IPHONE=1 -D__IOS -fms-extensions static flag -static works
configure:8794: result: no
configure:8809: checking if xcrun clang -std=c99  -arch armv7s  -isysroot /Applications/Xcode.app/Contents/Developer/Platforms/iPhoneOS.platform/Developer/SDKs/iPhoneOS7.0.sdk -miphoneos-version-min=4.0 -DTARGET_OS_IPHONE=1 -D__IOS -fms-extensions supports -c -o file.o
configure:8830: xcrun clang -std=c99  -arch armv7s  -isysroot /Applications/Xcode.app/Contents/Developer/Platforms/iPhoneOS.platform/Developer/SDKs/iPhoneOS7.0.sdk -miphoneos-version-min=4.0 -DTARGET_OS_IPHONE=1 -D__IOS -fms-extensions -c -g -O2 -Dasm=__asm -o out/conftest2.o conftest.c >&5
configure:8834: $? = 0
configure:8856: result: yes
configure:8864: checking if xcrun clang -std=c99  -arch armv7s  -isysroot /Applications/Xcode.app/Contents/Developer/Platforms/iPhoneOS.platform/Developer/SDKs/iPhoneOS7.0.sdk -miphoneos-version-min=4.0 -DTARGET_OS_IPHONE=1 -D__IOS -fms-extensions supports -c -o file.o
configure:8911: result: yes
configure:8944: checking whether the xcrun clang -std=c99  -arch armv7s  -isysroot /Applications/Xcode.app/Contents/Developer/Platforms/iPhoneOS.platform/Developer/SDKs/iPhoneOS7.0.sdk -miphoneos-version-min=4.0 -DTARGET_OS_IPHONE=1 -D__IOS -fms-extensions linker (xcrun ld -arch armv7s) supports shared libraries
configure:10097: result: yes
configure:10337: checking dynamic linker characteristics
configure:11070: result: darwin dyld
configure:11177: checking how to hardcode library paths into programs
configure:11202: result: immediate
configure:11742: checking whether stripping libraries is possible
configure:11756: result: yes
configure:11782: checking if libtool supports shared libraries
configure:11784: result: yes
configure:11787: checking whether to build shared libraries
configure:11808: result: no
configure:11811: checking whether to build static libraries
configure:11815: result: yes
configure:11876: checking for ANSI C header files
configure:11980: result: yes
configure:11989: checking for an ANSI C-conforming const
configure:12055: xcrun clang -std=c99  -arch armv7s  -isysroot /Applications/Xcode.app/Contents/Developer/Platforms/iPhoneOS.platform/Developer/SDKs/iPhoneOS7.0.sdk -miphoneos-version-min=4.0 -DTARGET_OS_IPHONE=1 -D__IOS -fms-extensions -c -g -O2 -Wall -Dasm=__asm conftest.c >&5
configure:12055: $? = 0
configure:12062: result: yes
configure:12070: checking for inline
configure:12086: xcrun clang -std=c99  -arch armv7s  -isysroot /Applications/Xcode.app/Contents/Developer/Platforms/iPhoneOS.platform/Developer/SDKs/iPhoneOS7.0.sdk -miphoneos-version-min=4.0 -DTARGET_OS_IPHONE=1 -D__IOS -fms-extensions -c -g -O2 -Wall -Dasm=__asm conftest.c >&5
configure:12086: $? = 0
configure:12094: result: inline
configure:12112: checking whether time.h and sys/time.h may both be included
configure:12132: xcrun clang -std=c99  -arch armv7s  -isysroot /Applications/Xcode.app/Contents/Developer/Platforms/iPhoneOS.platform/Developer/SDKs/iPhoneOS7.0.sdk -miphoneos-version-min=4.0 -DTARGET_OS_IPHONE=1 -D__IOS -fms-extensions -c -g -O2 -Wall -Dasm=__asm conftest.c >&5
configure:12132: $? = 0
configure:12139: result: yes
configure:12147: checking whether byte ordering is bigendian
configure:12162: xcrun clang -std=c99  -arch armv7s  -isysroot /Applications/Xcode.app/Contents/Developer/Platforms/iPhoneOS.platform/Developer/SDKs/iPhoneOS7.0.sdk -miphoneos-version-min=4.0 -DTARGET_OS_IPHONE=1 -D__IOS -fms-extensions -c -g -O2 -Wall -Dasm=__asm conftest.c >&5
configure:12162: $? = 0
configure:12207: xcrun clang -std=c99  -arch armv7s  -isysroot /Applications/Xcode.app/Contents/Developer/Platforms/iPhoneOS.platform/Developer/SDKs/iPhoneOS7.0.sdk -miphoneos-version-min=4.0 -DTARGET_OS_IPHONE=1 -D__IOS -fms-extensions -c -g -O2 -Wall -Dasm=__asm conftest.c >&5
configure:12207: $? = 0
configure:12225: xcrun clang -std=c99  -arch armv7s  -isysroot /Applications/Xcode.app/Contents/Developer/Platforms/iPhoneOS.platform/Developer/SDKs/iPhoneOS7.0.sdk -miphoneos-version-min=4.0 -DTARGET_OS_IPHONE=1 -D__IOS -fms-extensions -c -g -O2 -Wall -Dasm=__asm conftest.c >&5
conftest.c:32:4: error: use of undeclared identifier 'not'
                 not big endian
                 ^
1 error generated.
configure:12225: $? = 1
configure: failed program was:
| /* confdefs.h */
| #define PACKAGE_NAME "msx264"
| #define PACKAGE_TARNAME "msx264"
| #define PACKAGE_VERSION "1.4.3"
| #define PACKAGE_STRING "msx264 1.4.3"
| #define PACKAGE_BUGREPORT ""
| #define PACKAGE_URL ""
| #define PACKAGE "msx264"
| #define VERSION "1.4.3"
| #define STDC_HEADERS 1
| #define HAVE_SYS_TYPES_H 1
| #define HAVE_SYS_STAT_H 1
| #define HAVE_STDLIB_H 1
| #define HAVE_STRING_H 1
| #define HAVE_MEMORY_H 1
| #define HAVE_STRINGS_H 1
| #define HAVE_INTTYPES_H 1
| #define HAVE_STDINT_H 1
| #define HAVE_UNISTD_H 1
| #define HAVE_DLFCN_H 1
| #define LT_OBJDIR ".libs/"
| #define STDC_HEADERS 1
| #define TIME_WITH_SYS_TIME 1
| /* end confdefs.h.  */
| #include <sys/types.h>
| 		#include <sys/param.h>
| 
| int
| main ()
| {
| #if BYTE_ORDER != BIG_ENDIAN
| 		 not big endian
| 		#endif
| 
|   ;
|   return 0;
| }
configure:12353: result: no
configure:12390: checking for armv7s-apple-darwin-pkg-config
configure:12423: result: no
configure:12433: checking for pkg-config
configure:12451: found /opt/local/bin/pkg-config
configure:12463: result: /opt/local/bin/pkg-config
configure:12488: checking pkg-config is at least version 0.9.0
configure:12491: result: yes
configure:12501: checking for MEDIASTREAMER
configure:12508: $PKG_CONFIG --exists --print-errors "mediastreamer >= 2.7.0"
configure:12511: $? = 0
configure:12525: $PKG_CONFIG --exists --print-errors "mediastreamer >= 2.7.0"
configure:12528: $? = 0
configure:12586: result: yes
configure:12593: checking for X264
configure:12600: $PKG_CONFIG --exists --print-errors "x264 >= 0.67.0"
configure:12603: $? = 0
configure:12617: $PKG_CONFIG --exists --print-errors "x264 >= 0.67.0"
configure:12620: $? = 0
configure:12678: result: yes
configure:12692: checking for epm
configure:12723: result: false
configure:12733: checking for mkepmlist
configure:12764: result: false
configure:12774: checking for epminstall
configure:12805: result: false
configure:13021: checking that generated files are newer than configure
configure:13027: result: done
configure:13059: creating ./config.status

## ---------------------- ##
## Running config.status. ##
## ---------------------- ##

This file was extended by msx264 config.status 1.4.3, which was
generated by GNU Autoconf 2.69.  Invocation command line was

  CONFIG_FILES    = 
  CONFIG_HEADERS  = 
  CONFIG_LINKS    = 
  CONFIG_COMMANDS = 
  $ ./config.status 

on new-host-3.home

config.status:1040: creating Makefile
config.status:1040: creating build/Makefile
config.status:1040: creating build/vs/Makefile
config.status:1040: creating src/Makefile
config.status:1040: creating msx264.iss
config.status:1197: executing depfiles commands
config.status:1197: executing libtool commands
config.status:1197: executing libtool-hacking commands

## ---------------- ##
## Cache variables. ##
## ---------------- ##

ac_cv_build=x86_64-apple-darwin12.5.0
ac_cv_c_bigendian=no
ac_cv_c_compiler_gnu=yes
ac_cv_c_const=yes
ac_cv_c_inline=inline
ac_cv_env_CC_set=
ac_cv_env_CC_value=
ac_cv_env_CFLAGS_set=
ac_cv_env_CFLAGS_value=
ac_cv_env_CPPFLAGS_set=
ac_cv_env_CPPFLAGS_value=
ac_cv_env_CPP_set=
ac_cv_env_CPP_value=
ac_cv_env_LDFLAGS_set=
ac_cv_env_LDFLAGS_value=
ac_cv_env_LIBS_set=
ac_cv_env_LIBS_value=
ac_cv_env_MEDIASTREAMER_CFLAGS_set=
ac_cv_env_MEDIASTREAMER_CFLAGS_value=
ac_cv_env_MEDIASTREAMER_LIBS_set=
ac_cv_env_MEDIASTREAMER_LIBS_value=
ac_cv_env_PKG_CONFIG_LIBDIR_set=set
ac_cv_env_PKG_CONFIG_LIBDIR_value=/Users/karimjimo/Downloads/linphone-iphone/submodules/build/..//../liblinphone-sdk/armv7s-apple-darwin/lib/pkgconfig
ac_cv_env_PKG_CONFIG_PATH_set=
ac_cv_env_PKG_CONFIG_PATH_value=
ac_cv_env_PKG_CONFIG_set=
ac_cv_env_PKG_CONFIG_value=
ac_cv_env_X264_CFLAGS_set=
ac_cv_env_X264_CFLAGS_value=
ac_cv_env_X264_LIBS_set=
ac_cv_env_X264_LIBS_value=
ac_cv_env_build_alias_set=
ac_cv_env_build_alias_value=
ac_cv_env_host_alias_set=set
ac_cv_env_host_alias_value=armv7s-apple-darwin
ac_cv_env_target_alias_set=
ac_cv_env_target_alias_value=
ac_cv_header_dlfcn_h=yes
ac_cv_header_inttypes_h=yes
ac_cv_header_memory_h=yes
ac_cv_header_stdc=yes
ac_cv_header_stdint_h=yes
ac_cv_header_stdlib_h=yes
ac_cv_header_string_h=yes
ac_cv_header_strings_h=yes
ac_cv_header_sys_stat_h=yes
ac_cv_header_sys_types_h=yes
ac_cv_header_time=yes
ac_cv_header_unistd_h=yes
ac_cv_host=armv7s-apple-darwin
ac_cv_objext=o
ac_cv_path_EGREP='/opt/local/bin/grep -E'
ac_cv_path_EPM=false
ac_cv_path_EPMINSTALL=false
ac_cv_path_FGREP='/opt/local/bin/grep -F'
ac_cv_path_GREP=/opt/local/bin/grep
ac_cv_path_MKEPMLIST=false
ac_cv_path_SED=/usr/bin/sed
ac_cv_path_ac_pt_PKG_CONFIG=/opt/local/bin/pkg-config
ac_cv_path_install='/opt/local/bin/ginstall -c'
ac_cv_path_mkdir=/opt/local/bin/gmkdir
ac_cv_prog_AR='xcrun ar'
ac_cv_prog_AWK=awk
ac_cv_prog_CC='xcrun clang -std=c99  -arch armv7s  -isysroot /Applications/Xcode.app/Contents/Developer/Platforms/iPhoneOS.platform/Developer/SDKs/iPhoneOS7.0.sdk -miphoneos-version-min=4.0 -DTARGET_OS_IPHONE=1 -D__IOS -fms-extensions'
ac_cv_prog_CPP='xcrun clang -std=c99  -arch armv7s  -isysroot /Applications/Xcode.app/Contents/Developer/Platforms/iPhoneOS.platform/Developer/SDKs/iPhoneOS7.0.sdk -miphoneos-version-min=4.0 -DTARGET_OS_IPHONE=1 -D__IOS -fms-extensions -E'
ac_cv_prog_DLLTOOL=dlltool
ac_cv_prog_OBJDUMP=objdump
ac_cv_prog_RANLIB='xcrun ranlib'
ac_cv_prog_STRIP='xcrun strip'
ac_cv_prog_ac_ct_DSYMUTIL=dsymutil
ac_cv_prog_ac_ct_LIPO=lipo
ac_cv_prog_ac_ct_NMEDIT=nmedit
ac_cv_prog_ac_ct_OTOOL=otool
ac_cv_prog_cc_c89=
ac_cv_prog_cc_g=yes
ac_cv_prog_make_make_set=yes
ac_cv_target=armv7s-apple-darwin
am_cv_CC_dependencies_compiler_type=gcc3
am_cv_make_support_nested_variables=yes
am_cv_prog_cc_c_o=yes
am_cv_prog_tar_ustar=gnutar
lt_cv_apple_cc_single_mod=yes
lt_cv_ar_at_file=no
lt_cv_deplibs_check_method=pass_all
lt_cv_file_magic_cmd='$MAGIC_CMD'
lt_cv_file_magic_test_file=
lt_cv_ld_exported_symbols_list=yes
lt_cv_ld_force_load=yes
lt_cv_ld_reload_flag=-r
lt_cv_nm_interface='BSD nm'
lt_cv_objdir=.libs
lt_cv_path_LD='xcrun ld -arch armv7s'
lt_cv_path_NM='xcrun nm'
lt_cv_path_mainfest_tool=no
lt_cv_prog_compiler_c_o=yes
lt_cv_prog_compiler_pic='-fno-common -DPIC'
lt_cv_prog_compiler_pic_works=yes
lt_cv_prog_compiler_rtti_exceptions=yes
lt_cv_prog_compiler_static_works=no
lt_cv_prog_gnu_ld=no
lt_cv_sharedlib_from_linklib_cmd='printf %s\n'
lt_cv_sys_global_symbol_pipe='sed -n -e '\''s/^.*[	 ]\([BCDEGRST][BCDEGRST]*\)[	 ][	 ]*_\([_A-Za-z][_A-Za-z0-9]*\)$/\1 _\2 \2/p'\'' | sed '\''/ __gnu_lto/d'\'''
lt_cv_sys_global_symbol_to_c_name_address='sed -n -e '\''s/^: \([^ ]*\)[ ]*$/  {\"\1\", (void *) 0},/p'\'' -e '\''s/^[BCDEGRST]* \([^ ]*\) \([^ ]*\)$/  {"\2", (void *) \&\2},/p'\'''
lt_cv_sys_global_symbol_to_c_name_address_lib_prefix='sed -n -e '\''s/^: \([^ ]*\)[ ]*$/  {\"\1\", (void *) 0},/p'\'' -e '\''s/^[BCDEGRST]* \([^ ]*\) \(lib[^ ]*\)$/  {"\2", (void *) \&\2},/p'\'' -e '\''s/^[BCDEGRST]* \([^ ]*\) \([^ ]*\)$/  {"lib\2", (void *) \&\2},/p'\'''
lt_cv_sys_global_symbol_to_cdecl='sed -n -e '\''s/^T .* \(.*\)$/extern int \1();/p'\'' -e '\''s/^[BCDEGRST]* .* \(.*\)$/extern char \1;/p'\'''
lt_cv_sys_max_cmd_len=196608
lt_cv_to_host_file_cmd=func_convert_file_noop
lt_cv_to_tool_file_cmd=func_convert_file_noop
pkg_cv_MEDIASTREAMER_CFLAGS='-DMS_FIXED_POINT -D_REENTRANT -DORTP_INET6 -I/Users/karimjimo/Downloads/linphone-iphone/submodules/build/..//../liblinphone-sdk/armv7s-apple-darwin/include -I/Users/karimjimo/Downloads/linphone-iphone/submodules/build/..//../liblinphone-sdk/armv7s-apple-darwin/include/srtp '
pkg_cv_MEDIASTREAMER_LIBS='-L/Users/karimjimo/Downloads/linphone-iphone/submodules/build/..//../liblinphone-sdk/armv7s-apple-darwin/lib -lmediastreamer_base -lmediastreamer_voip -lortp -lpthread -lsrtp '
pkg_cv_X264_CFLAGS='-I/Users/karimjimo/Downloads/linphone-iphone/submodules/build/..//../liblinphone-sdk/armv7s-apple-darwin/include '
pkg_cv_X264_LIBS='-L/Users/karimjimo/Downloads/linphone-iphone/submodules/build/..//../liblinphone-sdk/armv7s-apple-darwin/lib -lx264 '

## ----------------- ##
## Output variables. ##
## ----------------- ##

ACLOCAL='${SHELL} /Users/karimjimo/Downloads/linphone-iphone/submodules/msx264/missing aclocal-1.14'
AMDEPBACKSLASH='\'
AMDEP_FALSE='#'
AMDEP_TRUE=''
AMTAR='$${TAR-tar}'
AM_BACKSLASH='\'
AM_DEFAULT_V='$(AM_DEFAULT_VERBOSITY)'
AM_DEFAULT_VERBOSITY='1'
AM_V='$(V)'
AR='xcrun ar'
ARCH='armv7s'
AS='as'
AUTOCONF='${SHELL} /Users/karimjimo/Downloads/linphone-iphone/submodules/msx264/missing autoconf'
AUTOHEADER='${SHELL} /Users/karimjimo/Downloads/linphone-iphone/submodules/msx264/missing autoheader'
AUTOMAKE='${SHELL} /Users/karimjimo/Downloads/linphone-iphone/submodules/msx264/missing automake-1.14'
AWK='awk'
BUILD_WIN32_FALSE=''
BUILD_WIN32_TRUE='#'
CC='xcrun clang -std=c99  -arch armv7s  -isysroot /Applications/Xcode.app/Contents/Developer/Platforms/iPhoneOS.platform/Developer/SDKs/iPhoneOS7.0.sdk -miphoneos-version-min=4.0 -DTARGET_OS_IPHONE=1 -D__IOS -fms-extensions'
CCDEPMODE='depmode=gcc3'
CFLAGS='-g -O2 -Wall -Werror '
CPP='xcrun clang -std=c99  -arch armv7s  -isysroot /Applications/Xcode.app/Contents/Developer/Platforms/iPhoneOS.platform/Developer/SDKs/iPhoneOS7.0.sdk -miphoneos-version-min=4.0 -DTARGET_OS_IPHONE=1 -D__IOS -fms-extensions -E'
CPPFLAGS='-Dasm=__asm'
CYGPATH_W='echo'
DEFS='-DPACKAGE_NAME=\"msx264\" -DPACKAGE_TARNAME=\"msx264\" -DPACKAGE_VERSION=\"1.4.3\" -DPACKAGE_STRING=\"msx264\ 1.4.3\" -DPACKAGE_BUGREPORT=\"\" -DPACKAGE_URL=\"\" -DPACKAGE=\"msx264\" -DVERSION=\"1.4.3\" -DSTDC_HEADERS=1 -DHAVE_SYS_TYPES_H=1 -DHAVE_SYS_STAT_H=1 -DHAVE_STDLIB_H=1 -DHAVE_STRING_H=1 -DHAVE_MEMORY_H=1 -DHAVE_STRINGS_H=1 -DHAVE_INTTYPES_H=1 -DHAVE_STDINT_H=1 -DHAVE_UNISTD_H=1 -DHAVE_DLFCN_H=1 -DLT_OBJDIR=\".libs/\" -DSTDC_HEADERS=1 -DTIME_WITH_SYS_TIME=1'
DEPDIR='.deps'
DLLTOOL='dlltool'
DSYMUTIL='dsymutil'
DUMPBIN=''
ECHO_C='\c'
ECHO_N=''
ECHO_T=''
EGREP='/opt/local/bin/grep -E'
EPM='false'
EPMINSTALL='false'
EPM_PKG_EXT=''
EXEEXT=''
FGREP='/opt/local/bin/grep -F'
GREP='/opt/local/bin/grep'
INSTALL_DATA='ginstall -C'
INSTALL_PROGRAM='${INSTALL}'
INSTALL_SCRIPT='${INSTALL}'
INSTALL_STRIP_PROGRAM='$(install_sh) -c -s'
LD='xcrun ld -arch armv7s'
LDFLAGS=' -rdynamic '
LIBOBJS=''
LIBS=''
LIBTOOL='$(SHELL) $(top_builddir)/libtool'
LICENSE='GPL'
LIPO='lipo'
LN_S='ln -s'
LTLIBOBJS=''
MAKEINFO='${SHELL} /Users/karimjimo/Downloads/linphone-iphone/submodules/msx264/missing makeinfo'
MANIFEST_TOOL=':'
MEDIASTREAMER_CFLAGS='-DMS_FIXED_POINT -D_REENTRANT -DORTP_INET6 -I/Users/karimjimo/Downloads/linphone-iphone/submodules/build/..//../liblinphone-sdk/armv7s-apple-darwin/include -I/Users/karimjimo/Downloads/linphone-iphone/submodules/build/..//../liblinphone-sdk/armv7s-apple-darwin/include/srtp '
MEDIASTREAMER_LIBS='-L/Users/karimjimo/Downloads/linphone-iphone/submodules/build/..//../liblinphone-sdk/armv7s-apple-darwin/lib -lmediastreamer_base -lmediastreamer_voip -lortp -lpthread -lsrtp '
MKDIR_P='/opt/local/bin/gmkdir -p'
MKEPMLIST='false'
NM='xcrun nm'
NMEDIT='nmedit'
OBJDUMP='objdump'
OBJEXT='o'
OTOOL64=':'
OTOOL='otool'
PACKAGE='msx264'
PACKAGER='anonymous'
PACKAGE_BUGREPORT=''
PACKAGE_NAME='msx264'
PACKAGE_PLUGINS_DIR='$(libdir)/mediastreamer/plugins'
PACKAGE_STRING='msx264 1.4.3'
PACKAGE_TARNAME='msx264'
PACKAGE_URL=''
PACKAGE_VERSION='1.4.3'
PATH_SEPARATOR=':'
PKG_CONFIG='/opt/local/bin/pkg-config'
PKG_CONFIG_LIBDIR='/Users/karimjimo/Downloads/linphone-iphone/submodules/build/..//../liblinphone-sdk/armv7s-apple-darwin/lib/pkgconfig'
PKG_CONFIG_PATH=''
RANLIB='xcrun ranlib'
RELEASE='1'
SED='/usr/bin/sed'
SET_MAKE=''
SHELL='/bin/sh'
STRIP='xcrun strip'
SUMMARY='A H264 codec mediastreamer plugin'
SYS_GROUP=''
SYS_USER=''
VENDOR='Linphone'
VERSION='1.4.3'
WITH_EPM_FALSE=''
WITH_EPM_TRUE='#'
X264_CFLAGS='-I/Users/karimjimo/Downloads/linphone-iphone/submodules/build/..//../liblinphone-sdk/armv7s-apple-darwin/include '
X264_LIBS='-L/Users/karimjimo/Downloads/linphone-iphone/submodules/build/..//../liblinphone-sdk/armv7s-apple-darwin/lib -lx264 '
ac_ct_AR=''
ac_ct_CC=''
ac_ct_DUMPBIN=''
am__EXEEXT_FALSE=''
am__EXEEXT_TRUE='#'
am__fastdepCC_FALSE='#'
am__fastdepCC_TRUE=''
am__include='include'
am__isrc=' -I$(srcdir)'
am__leading_dot='.'
am__nodep='_no'
am__quote=''
am__tar='tar --format=ustar -chf - "$$tardir"'
am__untar='tar -xf -'
bindir='${exec_prefix}/bin'
build='x86_64-apple-darwin12.5.0'
build_alias=''
build_cpu='x86_64'
build_os='darwin12.5.0'
build_vendor='apple'
datadir='${datarootdir}'
datarootdir='${prefix}/share'
docdir='${datarootdir}/doc/${PACKAGE_TARNAME}'
dvidir='${docdir}'
exec_prefix='${prefix}'
host='armv7s-apple-darwin'
host_alias='armv7s-apple-darwin'
host_cpu='armv7s'
host_os='darwin'
host_vendor='apple'
htmldir='${docdir}'
includedir='${prefix}/include'
infodir='${datarootdir}/info'
install_sh='${SHELL} /Users/karimjimo/Downloads/linphone-iphone/submodules/msx264/install-sh'
libdir='${exec_prefix}/lib'
libexecdir='${exec_prefix}/libexec'
localedir='${datarootdir}/locale'
localstatedir='${prefix}/var'
mandir='${datarootdir}/man'
mkdir_p='$(MKDIR_P)'
oldincludedir='/usr/include'
pdfdir='${docdir}'
prefix='/Users/karimjimo/Downloads/linphone-iphone/submodules/build/..//../liblinphone-sdk/armv7s-apple-darwin'
program_transform_name='s,x,x,'
psdir='${docdir}'
sbindir='${exec_prefix}/sbin'
sharedstatedir='${prefix}/com'
sysconfdir='${prefix}/etc'
target='armv7s-apple-darwin'
target_alias=''
target_cpu='armv7s'
target_os='darwin'
target_vendor='apple'

## ----------- ##
## confdefs.h. ##
## ----------- ##

/* confdefs.h */
#define PACKAGE_NAME "msx264"
#define PACKAGE_TARNAME "msx264"
#define PACKAGE_VERSION "1.4.3"
#define PACKAGE_STRING "msx264 1.4.3"
#define PACKAGE_BUGREPORT ""
#define PACKAGE_URL ""
#define PACKAGE "msx264"
#define VERSION "1.4.3"
#define STDC_HEADERS 1
#define HAVE_SYS_TYPES_H 1
#define HAVE_SYS_STAT_H 1
#define HAVE_STDLIB_H 1
#define HAVE_STRING_H 1
#define HAVE_MEMORY_H 1
#define HAVE_STRINGS_H 1
#define HAVE_INTTYPES_H 1
#define HAVE_STDINT_H 1
#define HAVE_UNISTD_H 1
#define HAVE_DLFCN_H 1
#define LT_OBJDIR ".libs/"
#define STDC_HEADERS 1
#define TIME_WITH_SYS_TIME 1

configure: exit 0
