This file contains any messages produced by compilers while
running configure, to aid debugging if configure makes a mistake.

It was created by mssilk configure 1.0.0, which was
generated by GNU Autoconf 2.69.  Invocation command line was

  $ /Users/karimjimo/Downloads/linphone-iphone/submodules/build/..//mssilk/configure -prefix=/Users/karimjimo/Downloads/linphone-iphone/submodules/build/..//../liblinphone-sdk/i386-apple-darwin --host=i386-apple-darwin --disable-shared --enable-static --enable-static

## --------- ##
## Platform. ##
## --------- ##

hostname = new-host-3.home
uname -m = x86_64
uname -r = 12.5.0
uname -s = Darwin
uname -v = Darwin Kernel Version 12.5.0: Sun Sep 29 13:33:47 PDT 2013; root:xnu-2050.48.12~1/RELEASE_X86_64

/usr/bin/uname -p = i386
/bin/uname -X     = unknown

/bin/arch              = unknown
/usr/bin/arch -k       = unknown
/usr/convex/getsysinfo = unknown
/usr/bin/hostinfo      = Mach kernel version:
	 Darwin Kernel Version 12.5.0: Sun Sep 29 13:33:47 PDT 2013; root:xnu-2050.48.12~1/RELEASE_X86_64
Kernel configured for up to 4 processors.
2 processors are physically available.
4 processors are logically available.
Processor type: i486 (Intel 80486)
Processors active: 0 1 2 3
Primary memory available: 4.00 gigabytes
Default processor set: 134 tasks, 920 threads, 4 processors
Load average: 3.14, Mach factor: 2.04
/bin/machine           = unknown
/usr/bin/oslevel       = unknown
/bin/universe          = unknown

PATH: /opt/local/bin
PATH: /opt/local/sbin
PATH: /usr/bin
PATH: /bin
PATH: /usr/sbin
PATH: /sbin
PATH: /usr/local/bin


## ----------- ##
## Core tests. ##
## ----------- ##

configure:2051: loading site script /Users/karimjimo/Downloads/linphone-iphone/submodules/build/..//build/iphone-config.site
| # -*- shell-script -*-
| 
| SDK_VERSION_MAJOR=4
| SDK_VERSION=4.0
| MCPU=""
| if test "${host_alias}" = "i386-apple-darwin" ; then 
| 	PLATFORM=Simulator
| 	ARCH=i386
| 	CMAKE_OPTS="-DCMAKE_SYSTEM_PROCESSOR=i386"
| 	MCPU=""
| elif test "${host_alias}" = "armv6-apple-darwin" ; then 
| 	ARCH=armv6
| 	PLATFORM=OS
| 	CMAKE_OPTS="-DCMAKE_SYSTEM_PROCESSOR=arm"
| 	MCPU="-mcpu=arm1176jzf-s"
| elif test "${host_alias}" = "armv7-apple-darwin" ; then 
| 	ARCH=armv7
| 	PLATFORM=OS
| 	CMAKE_OPTS="-DCMAKE_SYSTEM_PROCESSOR=arm"
| 	MCPU="-mcpu=cortex-a8"
| elif test "${host_alias}" = "armv7s-apple-darwin" ; then 
| 	ARCH=armv7s
| 	PLATFORM=OS
| 	CMAKE_OPTS="-DCMAKE_SYSTEM_PROCESSOR=arm"
| else 
| 	echo "bad host ${host_alias} must be either i386-apple-darwin or armv6-apple-darwin"
| 	exit
| fi
| echo "Loading config.site for iPhone platform=${PLATFORM} version=${SDK_VERSION}"
| XCODE_DEV_PATH=`xcode-select -print-path`
| #new path with Xcode 4.3:
| if test -d ${XCODE_DEV_PATH}/Platforms/iPhone${PLATFORM}.platform/Developer/SDKs ; then
| 	SDK_PATH_LIST=`ls -drt ${XCODE_DEV_PATH}/Platforms/iPhone${PLATFORM}.platform/Developer/SDKs/iPhone${PLATFORM}*`
| 	SDK_BIN_PATH=${XCODE_DEV_PATH}/Platforms/iPhone${PLATFORM}.platform/Developer/usr/bin  
| else
| 	SDK_PATH_LIST=`ls -drt /Developer/Platforms/iPhone${PLATFORM}.platform/Developer/SDKs/iPhone${PLATFORM}*`
| 	SDK_BIN_PATH=/Developer/Platforms/iPhone${PLATFORM}.platform/Developer/usr/bin  
| fi
|    
| for SYSROOT_PATH in $SDK_PATH_LIST ; do echo $SYSROOT_PATH ; done ;
| echo "Selecting SDK path = ${SYSROOT_PATH}"
| 
| COMMON_FLAGS=" -arch ${ARCH} ${MCPU} -isysroot ${SYSROOT_PATH} -miphoneos-version-min=${SDK_VERSION} -DTARGET_OS_IPHONE=1 -D__IOS -fms-extensions"
| CC="xcrun clang -std=c99 $COMMON_FLAGS"
| OBJC="xcrun clang -std=c99 $COMMON_FLAGS"
| CXX="xcrun clang++ $COMMON_FLAGS"
| LD="xcrun ld -arch ${ARCH}"
| AR="xcrun ar"
| RANLIB="xcrun ranlib"
| STRIP="xcrun strip"
| NM="xcrun nm"
| 
| CPPFLAGS="-Dasm=__asm"
| OBJCFLAGS="-x objective-c -fexceptions -gdwarf-2 -fobjc-abi-version=2 -fobjc-legacy-dispatch"
| #Force install script to use -C so that header files don't get re-written if not changed.
| INSTALL_DATA="ginstall -C"
| 
| 
configure:2195: checking for a BSD-compatible install
configure:2263: result: /opt/local/bin/ginstall -c
configure:2274: checking whether build environment is sane
configure:2329: result: yes
configure:2388: checking for i386-apple-darwin-strip
configure:2415: result: xcrun strip
configure:2480: checking for a thread-safe mkdir -p
configure:2519: result: /opt/local/bin/gmkdir -p
configure:2526: checking for gawk
configure:2556: result: no
configure:2526: checking for mawk
configure:2556: result: no
configure:2526: checking for nawk
configure:2556: result: no
configure:2526: checking for awk
configure:2542: found /usr/bin/awk
configure:2553: result: awk
configure:2564: checking whether make sets $(MAKE)
configure:2586: result: yes
configure:2615: checking whether make supports nested variables
configure:2632: result: yes
configure:2721: checking whether UID '501' is supported by ustar format
configure:2724: result: yes
configure:2731: checking whether GID '20' is supported by ustar format
configure:2734: result: yes
configure:2742: checking how to create a ustar tar archive
configure:2753: tar --version
bsdtar 2.8.3 - libarchive 2.8.3
configure:2756: $? = 0
configure:2796: tardir=conftest.dir && eval tar --format=ustar -chf - "$tardir" >conftest.tar
configure:2799: $? = 0
configure:2803: tar -xf - <conftest.tar
configure:2806: $? = 0
configure:2808: cat conftest.dir/file
GrepMe
configure:2811: $? = 0
configure:2824: result: gnutar
configure:2878: checking build system type
configure:2892: result: x86_64-apple-darwin12.5.0
configure:2912: checking host system type
configure:2925: result: i386-apple-darwin
configure:2945: checking target system type
configure:2958: result: i386-apple-darwin
configure:3041: checking for wget
configure:3059: found /opt/local/bin/wget
configure:3071: result: /opt/local/bin/wget
configure:3085: checking for md5sum
configure:3118: result: no
configure:3126: checking for openssl
configure:3144: found /opt/local/bin/openssl
configure:3156: result: /opt/local/bin/openssl
configure:3175: checking for unzip
configure:3193: found /usr/bin/unzip
configure:3205: result: /usr/bin/unzip
configure:3219: checking for patch
configure:3237: found /usr/bin/patch
configure:3249: result: /usr/bin/patch
configure:3308: checking how to print strings
configure:3335: result: printf
configure:3368: checking for style of include used by make
configure:3396: result: GNU
configure:3427: checking for i386-apple-darwin-gcc
configure:3454: result: xcrun clang -std=c99  -arch i386  -isysroot /Applications/Xcode.app/Contents/Developer/Platforms/iPhoneSimulator.platform/Developer/SDKs/iPhoneSimulator7.0.sdk -miphoneos-version-min=4.0 -DTARGET_OS_IPHONE=1 -D__IOS -fms-extensions
configure:3723: checking for C compiler version
configure:3732: xcrun clang -std=c99  -arch i386  -isysroot /Applications/Xcode.app/Contents/Developer/Platforms/iPhoneSimulator.platform/Developer/SDKs/iPhoneSimulator7.0.sdk -miphoneos-version-min=4.0 -DTARGET_OS_IPHONE=1 -D__IOS -fms-extensions --version >&5
Apple LLVM version 5.0 (clang-500.2.76) (based on LLVM 3.3svn)
Target: i386-apple-darwin12.5.0
Thread model: posix
configure:3743: $? = 0
configure:3732: xcrun clang -std=c99  -arch i386  -isysroot /Applications/Xcode.app/Contents/Developer/Platforms/iPhoneSimulator.platform/Developer/SDKs/iPhoneSimulator7.0.sdk -miphoneos-version-min=4.0 -DTARGET_OS_IPHONE=1 -D__IOS -fms-extensions -v >&5
Apple LLVM version 5.0 (clang-500.2.76) (based on LLVM 3.3svn)
Target: i386-apple-darwin12.5.0
Thread model: posix
clang: warning: argument unused during compilation: '-std=c99'
clang: warning: argument unused during compilation: '-isysroot /Applications/Xcode.app/Contents/Developer/Platforms/iPhoneSimulator.platform/Developer/SDKs/iPhoneSimulator7.0.sdk'
clang: warning: argument unused during compilation: '-miphoneos-version-min=4.0'
clang: warning: argument unused during compilation: '-D TARGET_OS_IPHONE=1'
clang: warning: argument unused during compilation: '-D __IOS'
clang: warning: argument unused during compilation: '-fms-extensions'
configure:3743: $? = 0
configure:3732: xcrun clang -std=c99  -arch i386  -isysroot /Applications/Xcode.app/Contents/Developer/Platforms/iPhoneSimulator.platform/Developer/SDKs/iPhoneSimulator7.0.sdk -miphoneos-version-min=4.0 -DTARGET_OS_IPHONE=1 -D__IOS -fms-extensions -V >&5
clang: error: argument to '-V' is missing (expected 1 value)
clang: error: no input files
configure:3743: $? = 1
configure:3732: xcrun clang -std=c99  -arch i386  -isysroot /Applications/Xcode.app/Contents/Developer/Platforms/iPhoneSimulator.platform/Developer/SDKs/iPhoneSimulator7.0.sdk -miphoneos-version-min=4.0 -DTARGET_OS_IPHONE=1 -D__IOS -fms-extensions -qversion >&5
clang: error: no input files
configure:3743: $? = 1
configure:3763: checking whether the C compiler works
configure:3785: xcrun clang -std=c99  -arch i386  -isysroot /Applications/Xcode.app/Contents/Developer/Platforms/iPhoneSimulator.platform/Developer/SDKs/iPhoneSimulator7.0.sdk -miphoneos-version-min=4.0 -DTARGET_OS_IPHONE=1 -D__IOS -fms-extensions  -Wall -Dasm=__asm  conftest.c  >&5
configure:3789: $? = 0
configure:3837: result: yes
configure:3840: checking for C compiler default output file name
configure:3842: result: a.out
configure:3848: checking for suffix of executables
configure:3855: xcrun clang -std=c99  -arch i386  -isysroot /Applications/Xcode.app/Contents/Developer/Platforms/iPhoneSimulator.platform/Developer/SDKs/iPhoneSimulator7.0.sdk -miphoneos-version-min=4.0 -DTARGET_OS_IPHONE=1 -D__IOS -fms-extensions -o conftest  -Wall -Dasm=__asm  conftest.c  >&5
configure:3859: $? = 0
configure:3881: result: 
configure:3903: checking whether we are cross compiling
configure:3911: xcrun clang -std=c99  -arch i386  -isysroot /Applications/Xcode.app/Contents/Developer/Platforms/iPhoneSimulator.platform/Developer/SDKs/iPhoneSimulator7.0.sdk -miphoneos-version-min=4.0 -DTARGET_OS_IPHONE=1 -D__IOS -fms-extensions -o conftest  -Wall -Dasm=__asm  conftest.c  >&5
configure:3915: $? = 0
configure:3922: ./conftest
configure:3926: $? = 0
configure:3941: result: no
configure:3946: checking for suffix of object files
configure:3968: xcrun clang -std=c99  -arch i386  -isysroot /Applications/Xcode.app/Contents/Developer/Platforms/iPhoneSimulator.platform/Developer/SDKs/iPhoneSimulator7.0.sdk -miphoneos-version-min=4.0 -DTARGET_OS_IPHONE=1 -D__IOS -fms-extensions -c  -Wall -Dasm=__asm conftest.c >&5
configure:3972: $? = 0
configure:3993: result: o
configure:3997: checking whether we are using the GNU C compiler
configure:4016: xcrun clang -std=c99  -arch i386  -isysroot /Applications/Xcode.app/Contents/Developer/Platforms/iPhoneSimulator.platform/Developer/SDKs/iPhoneSimulator7.0.sdk -miphoneos-version-min=4.0 -DTARGET_OS_IPHONE=1 -D__IOS -fms-extensions -c  -Wall -Dasm=__asm conftest.c >&5
configure:4016: $? = 0
configure:4025: result: yes
configure:4034: checking whether xcrun clang -std=c99  -arch i386  -isysroot /Applications/Xcode.app/Contents/Developer/Platforms/iPhoneSimulator.platform/Developer/SDKs/iPhoneSimulator7.0.sdk -miphoneos-version-min=4.0 -DTARGET_OS_IPHONE=1 -D__IOS -fms-extensions accepts -g
configure:4054: xcrun clang -std=c99  -arch i386  -isysroot /Applications/Xcode.app/Contents/Developer/Platforms/iPhoneSimulator.platform/Developer/SDKs/iPhoneSimulator7.0.sdk -miphoneos-version-min=4.0 -DTARGET_OS_IPHONE=1 -D__IOS -fms-extensions -c -g -Dasm=__asm conftest.c >&5
configure:4054: $? = 0
configure:4095: result: yes
configure:4112: checking for xcrun clang -std=c99  -arch i386  -isysroot /Applications/Xcode.app/Contents/Developer/Platforms/iPhoneSimulator.platform/Developer/SDKs/iPhoneSimulator7.0.sdk -miphoneos-version-min=4.0 -DTARGET_OS_IPHONE=1 -D__IOS -fms-extensions option to accept ISO C89
configure:4175: xcrun clang -std=c99  -arch i386  -isysroot /Applications/Xcode.app/Contents/Developer/Platforms/iPhoneSimulator.platform/Developer/SDKs/iPhoneSimulator7.0.sdk -miphoneos-version-min=4.0 -DTARGET_OS_IPHONE=1 -D__IOS -fms-extensions  -c  -Wall -Dasm=__asm conftest.c >&5
configure:4175: $? = 0
configure:4188: result: none needed
configure:4213: checking whether xcrun clang -std=c99  -arch i386  -isysroot /Applications/Xcode.app/Contents/Developer/Platforms/iPhoneSimulator.platform/Developer/SDKs/iPhoneSimulator7.0.sdk -miphoneos-version-min=4.0 -DTARGET_OS_IPHONE=1 -D__IOS -fms-extensions understands -c and -o together
configure:4235: xcrun clang -std=c99  -arch i386  -isysroot /Applications/Xcode.app/Contents/Developer/Platforms/iPhoneSimulator.platform/Developer/SDKs/iPhoneSimulator7.0.sdk -miphoneos-version-min=4.0 -DTARGET_OS_IPHONE=1 -D__IOS -fms-extensions -c conftest.c -o conftest2.o
configure:4238: $? = 0
configure:4235: xcrun clang -std=c99  -arch i386  -isysroot /Applications/Xcode.app/Contents/Developer/Platforms/iPhoneSimulator.platform/Developer/SDKs/iPhoneSimulator7.0.sdk -miphoneos-version-min=4.0 -DTARGET_OS_IPHONE=1 -D__IOS -fms-extensions -c conftest.c -o conftest2.o
configure:4238: $? = 0
configure:4250: result: yes
configure:4269: checking dependency style of xcrun clang -std=c99  -arch i386  -isysroot /Applications/Xcode.app/Contents/Developer/Platforms/iPhoneSimulator.platform/Developer/SDKs/iPhoneSimulator7.0.sdk -miphoneos-version-min=4.0 -DTARGET_OS_IPHONE=1 -D__IOS -fms-extensions
configure:4380: result: gcc3
configure:4395: checking for a sed that does not truncate output
configure:4459: result: /usr/bin/sed
configure:4477: checking for grep that handles long lines and -e
configure:4535: result: /opt/local/bin/grep
configure:4540: checking for egrep
configure:4602: result: /opt/local/bin/grep -E
configure:4607: checking for fgrep
configure:4669: result: /opt/local/bin/grep -F
configure:4704: checking for ld used by xcrun clang -std=c99  -arch i386  -isysroot /Applications/Xcode.app/Contents/Developer/Platforms/iPhoneSimulator.platform/Developer/SDKs/iPhoneSimulator7.0.sdk -miphoneos-version-min=4.0 -DTARGET_OS_IPHONE=1 -D__IOS -fms-extensions
configure:4771: result: xcrun ld -arch i386
configure:4778: checking if the linker (xcrun ld -arch i386) is GNU ld
configure:4793: result: no
configure:4805: checking for BSD- or MS-compatible name lister (nm)
configure:4854: result: xcrun nm
configure:4984: checking the name lister (xcrun nm) interface
configure:4991: xcrun clang -std=c99  -arch i386  -isysroot /Applications/Xcode.app/Contents/Developer/Platforms/iPhoneSimulator.platform/Developer/SDKs/iPhoneSimulator7.0.sdk -miphoneos-version-min=4.0 -DTARGET_OS_IPHONE=1 -D__IOS -fms-extensions -c  -Wall -Dasm=__asm conftest.c >&5
configure:4994: xcrun nm "conftest.o"
configure:4997: output
00000000 S _some_variable
configure:5004: result: BSD nm
configure:5007: checking whether ln -s works
configure:5011: result: yes
configure:5019: checking the maximum length of command line arguments
configure:5149: result: 196608
configure:5166: checking whether the shell understands some XSI constructs
configure:5176: result: yes
configure:5180: checking whether the shell understands "+="
configure:5186: result: yes
configure:5221: checking how to convert x86_64-apple-darwin12.5.0 file names to i386-apple-darwin format
configure:5261: result: func_convert_file_noop
configure:5268: checking how to convert x86_64-apple-darwin12.5.0 file names to toolchain format
configure:5288: result: func_convert_file_noop
configure:5295: checking for xcrun ld -arch i386 option to reload object files
configure:5302: result: -r
configure:5336: checking for i386-apple-darwin-objdump
configure:5366: result: no
configure:5376: checking for objdump
configure:5406: result: no
configure:5435: checking how to recognize dependent libraries
configure:5637: result: pass_all
configure:5682: checking for i386-apple-darwin-dlltool
configure:5712: result: no
configure:5722: checking for dlltool
configure:5752: result: no
configure:5782: checking how to associate runtime and link libraries
configure:5809: result: printf %s\n
configure:5826: checking for i386-apple-darwin-ar
configure:5853: result: xcrun ar
configure:5934: checking for archiver @FILE support
configure:5951: xcrun clang -std=c99  -arch i386  -isysroot /Applications/Xcode.app/Contents/Developer/Platforms/iPhoneSimulator.platform/Developer/SDKs/iPhoneSimulator7.0.sdk -miphoneos-version-min=4.0 -DTARGET_OS_IPHONE=1 -D__IOS -fms-extensions -c  -Wall -Dasm=__asm conftest.c >&5
configure:5951: $? = 0
configure:5954: xcrun ar cru libconftest.a @conftest.lst >&5
ar: @conftest.lst: No such file or directory
configure:5957: $? = 1
configure:5977: result: no
configure:5995: checking for i386-apple-darwin-strip
configure:6022: result: xcrun strip
configure:6094: checking for i386-apple-darwin-ranlib
configure:6121: result: xcrun ranlib
configure:6263: checking command to parse xcrun nm output from xcrun clang -std=c99  -arch i386  -isysroot /Applications/Xcode.app/Contents/Developer/Platforms/iPhoneSimulator.platform/Developer/SDKs/iPhoneSimulator7.0.sdk -miphoneos-version-min=4.0 -DTARGET_OS_IPHONE=1 -D__IOS -fms-extensions object
configure:6383: xcrun clang -std=c99  -arch i386  -isysroot /Applications/Xcode.app/Contents/Developer/Platforms/iPhoneSimulator.platform/Developer/SDKs/iPhoneSimulator7.0.sdk -miphoneos-version-min=4.0 -DTARGET_OS_IPHONE=1 -D__IOS -fms-extensions -c  -Wall -Dasm=__asm conftest.c >&5
configure:6386: $? = 0
configure:6390: xcrun nm conftest.o \| sed -n -e 's/^.*[ ]\([BCDEGRST][BCDEGRST]*\)[ ][ ]*\([_A-Za-z][_A-Za-z0-9]*\)$/\1 \2 \2/p' | sed '/ __gnu_lto/d' \> conftest.nm
configure:6393: $? = 0
cannot find nm_test_var in conftest.nm
configure:6383: xcrun clang -std=c99  -arch i386  -isysroot /Applications/Xcode.app/Contents/Developer/Platforms/iPhoneSimulator.platform/Developer/SDKs/iPhoneSimulator7.0.sdk -miphoneos-version-min=4.0 -DTARGET_OS_IPHONE=1 -D__IOS -fms-extensions -c  -Wall -Dasm=__asm conftest.c >&5
configure:6386: $? = 0
configure:6390: xcrun nm conftest.o \| sed -n -e 's/^.*[ ]\([BCDEGRST][BCDEGRST]*\)[ ][ ]*_\([_A-Za-z][_A-Za-z0-9]*\)$/\1 _\2 \2/p' | sed '/ __gnu_lto/d' \> conftest.nm
configure:6393: $? = 0
configure:6459: xcrun clang -std=c99  -arch i386  -isysroot /Applications/Xcode.app/Contents/Developer/Platforms/iPhoneSimulator.platform/Developer/SDKs/iPhoneSimulator7.0.sdk -miphoneos-version-min=4.0 -DTARGET_OS_IPHONE=1 -D__IOS -fms-extensions -o conftest  -Wall -Dasm=__asm  conftest.c conftstm.o >&5
configure:6462: $? = 0
configure:6500: result: ok
configure:6537: checking for sysroot
configure:6567: result: no
configure:6783: checking for i386-apple-darwin-mt
configure:6813: result: no
configure:6823: checking for mt
configure:6853: result: no
configure:6873: checking if : is a manifest tool
configure:6879: : '-?'
configure:6887: result: no
configure:6903: checking for i386-apple-darwin-dsymutil
configure:6933: result: no
configure:6943: checking for dsymutil
configure:6959: found /usr/bin/dsymutil
configure:6970: result: dsymutil
configure:6995: checking for i386-apple-darwin-nmedit
configure:7025: result: no
configure:7035: checking for nmedit
configure:7051: found /usr/bin/nmedit
configure:7062: result: nmedit
configure:7087: checking for i386-apple-darwin-lipo
configure:7117: result: no
configure:7127: checking for lipo
configure:7143: found /usr/bin/lipo
configure:7154: result: lipo
configure:7179: checking for i386-apple-darwin-otool
configure:7209: result: no
configure:7219: checking for otool
configure:7235: found /usr/bin/otool
configure:7246: result: otool
configure:7271: checking for i386-apple-darwin-otool64
configure:7301: result: no
configure:7311: checking for otool64
configure:7341: result: no
configure:7386: checking for -single_module linker flag
xcrun clang -std=c99  -arch i386  -isysroot /Applications/Xcode.app/Contents/Developer/Platforms/iPhoneSimulator.platform/Developer/SDKs/iPhoneSimulator7.0.sdk -miphoneos-version-min=4.0 -DTARGET_OS_IPHONE=1 -D__IOS -fms-extensions  -Wall  -o libconftest.dylib -dynamiclib -Wl,-single_module conftest.c
configure:7419: result: yes
configure:7422: checking for -exported_symbols_list linker flag
configure:7442: xcrun clang -std=c99  -arch i386  -isysroot /Applications/Xcode.app/Contents/Developer/Platforms/iPhoneSimulator.platform/Developer/SDKs/iPhoneSimulator7.0.sdk -miphoneos-version-min=4.0 -DTARGET_OS_IPHONE=1 -D__IOS -fms-extensions -o conftest  -Wall -Dasm=__asm  -Wl,-exported_symbols_list,conftest.sym conftest.c  >&5
configure:7442: $? = 0
configure:7452: result: yes
configure:7455: checking for -force_load linker flag
xcrun clang -std=c99  -arch i386  -isysroot /Applications/Xcode.app/Contents/Developer/Platforms/iPhoneSimulator.platform/Developer/SDKs/iPhoneSimulator7.0.sdk -miphoneos-version-min=4.0 -DTARGET_OS_IPHONE=1 -D__IOS -fms-extensions  -Wall -c -o conftest.o conftest.c
xcrun ar cru libconftest.a conftest.o
xcrun ranlib libconftest.a
xcrun clang -std=c99  -arch i386  -isysroot /Applications/Xcode.app/Contents/Developer/Platforms/iPhoneSimulator.platform/Developer/SDKs/iPhoneSimulator7.0.sdk -miphoneos-version-min=4.0 -DTARGET_OS_IPHONE=1 -D__IOS -fms-extensions  -Wall  -o conftest conftest.c -Wl,-force_load,./libconftest.a
configure:7487: result: yes
configure:7529: checking how to run the C preprocessor
configure:7560: xcrun clang -std=c99  -arch i386  -isysroot /Applications/Xcode.app/Contents/Developer/Platforms/iPhoneSimulator.platform/Developer/SDKs/iPhoneSimulator7.0.sdk -miphoneos-version-min=4.0 -DTARGET_OS_IPHONE=1 -D__IOS -fms-extensions -E -Dasm=__asm conftest.c
configure:7560: $? = 0
configure:7574: xcrun clang -std=c99  -arch i386  -isysroot /Applications/Xcode.app/Contents/Developer/Platforms/iPhoneSimulator.platform/Developer/SDKs/iPhoneSimulator7.0.sdk -miphoneos-version-min=4.0 -DTARGET_OS_IPHONE=1 -D__IOS -fms-extensions -E -Dasm=__asm conftest.c
conftest.c:11:10: fatal error: 'ac_nonexistent.h' file not found
#include <ac_nonexistent.h>
         ^
1 error generated.
configure:7574: $? = 1
configure: failed program was:
| /* confdefs.h */
| #define PACKAGE_NAME "mssilk"
| #define PACKAGE_TARNAME "mssilk"
| #define PACKAGE_VERSION "1.0.0"
| #define PACKAGE_STRING "mssilk 1.0.0"
| #define PACKAGE_BUGREPORT ""
| #define PACKAGE_URL ""
| #define PACKAGE "mssilk"
| #define VERSION "1.0.0"
| /* end confdefs.h.  */
| #include <ac_nonexistent.h>
configure:7599: result: xcrun clang -std=c99  -arch i386  -isysroot /Applications/Xcode.app/Contents/Developer/Platforms/iPhoneSimulator.platform/Developer/SDKs/iPhoneSimulator7.0.sdk -miphoneos-version-min=4.0 -DTARGET_OS_IPHONE=1 -D__IOS -fms-extensions -E
configure:7619: xcrun clang -std=c99  -arch i386  -isysroot /Applications/Xcode.app/Contents/Developer/Platforms/iPhoneSimulator.platform/Developer/SDKs/iPhoneSimulator7.0.sdk -miphoneos-version-min=4.0 -DTARGET_OS_IPHONE=1 -D__IOS -fms-extensions -E -Dasm=__asm conftest.c
configure:7619: $? = 0
configure:7633: xcrun clang -std=c99  -arch i386  -isysroot /Applications/Xcode.app/Contents/Developer/Platforms/iPhoneSimulator.platform/Developer/SDKs/iPhoneSimulator7.0.sdk -miphoneos-version-min=4.0 -DTARGET_OS_IPHONE=1 -D__IOS -fms-extensions -E -Dasm=__asm conftest.c
conftest.c:11:10: fatal error: 'ac_nonexistent.h' file not found
#include <ac_nonexistent.h>
         ^
1 error generated.
configure:7633: $? = 1
configure: failed program was:
| /* confdefs.h */
| #define PACKAGE_NAME "mssilk"
| #define PACKAGE_TARNAME "mssilk"
| #define PACKAGE_VERSION "1.0.0"
| #define PACKAGE_STRING "mssilk 1.0.0"
| #define PACKAGE_BUGREPORT ""
| #define PACKAGE_URL ""
| #define PACKAGE "mssilk"
| #define VERSION "1.0.0"
| /* end confdefs.h.  */
| #include <ac_nonexistent.h>
configure:7662: checking for ANSI C header files
configure:7682: xcrun clang -std=c99  -arch i386  -isysroot /Applications/Xcode.app/Contents/Developer/Platforms/iPhoneSimulator.platform/Developer/SDKs/iPhoneSimulator7.0.sdk -miphoneos-version-min=4.0 -DTARGET_OS_IPHONE=1 -D__IOS -fms-extensions -c  -Wall -Dasm=__asm conftest.c >&5
configure:7682: $? = 0
configure:7755: xcrun clang -std=c99  -arch i386  -isysroot /Applications/Xcode.app/Contents/Developer/Platforms/iPhoneSimulator.platform/Developer/SDKs/iPhoneSimulator7.0.sdk -miphoneos-version-min=4.0 -DTARGET_OS_IPHONE=1 -D__IOS -fms-extensions -o conftest  -Wall -Dasm=__asm  conftest.c  >&5
configure:7755: $? = 0
configure:7755: ./conftest
configure:7755: $? = 0
configure:7766: result: yes
configure:7779: checking for sys/types.h
configure:7779: xcrun clang -std=c99  -arch i386  -isysroot /Applications/Xcode.app/Contents/Developer/Platforms/iPhoneSimulator.platform/Developer/SDKs/iPhoneSimulator7.0.sdk -miphoneos-version-min=4.0 -DTARGET_OS_IPHONE=1 -D__IOS -fms-extensions -c  -Wall -Dasm=__asm conftest.c >&5
configure:7779: $? = 0
configure:7779: result: yes
configure:7779: checking for sys/stat.h
configure:7779: xcrun clang -std=c99  -arch i386  -isysroot /Applications/Xcode.app/Contents/Developer/Platforms/iPhoneSimulator.platform/Developer/SDKs/iPhoneSimulator7.0.sdk -miphoneos-version-min=4.0 -DTARGET_OS_IPHONE=1 -D__IOS -fms-extensions -c  -Wall -Dasm=__asm conftest.c >&5
configure:7779: $? = 0
configure:7779: result: yes
configure:7779: checking for stdlib.h
configure:7779: xcrun clang -std=c99  -arch i386  -isysroot /Applications/Xcode.app/Contents/Developer/Platforms/iPhoneSimulator.platform/Developer/SDKs/iPhoneSimulator7.0.sdk -miphoneos-version-min=4.0 -DTARGET_OS_IPHONE=1 -D__IOS -fms-extensions -c  -Wall -Dasm=__asm conftest.c >&5
configure:7779: $? = 0
configure:7779: result: yes
configure:7779: checking for string.h
configure:7779: xcrun clang -std=c99  -arch i386  -isysroot /Applications/Xcode.app/Contents/Developer/Platforms/iPhoneSimulator.platform/Developer/SDKs/iPhoneSimulator7.0.sdk -miphoneos-version-min=4.0 -DTARGET_OS_IPHONE=1 -D__IOS -fms-extensions -c  -Wall -Dasm=__asm conftest.c >&5
configure:7779: $? = 0
configure:7779: result: yes
configure:7779: checking for memory.h
configure:7779: xcrun clang -std=c99  -arch i386  -isysroot /Applications/Xcode.app/Contents/Developer/Platforms/iPhoneSimulator.platform/Developer/SDKs/iPhoneSimulator7.0.sdk -miphoneos-version-min=4.0 -DTARGET_OS_IPHONE=1 -D__IOS -fms-extensions -c  -Wall -Dasm=__asm conftest.c >&5
configure:7779: $? = 0
configure:7779: result: yes
configure:7779: checking for strings.h
configure:7779: xcrun clang -std=c99  -arch i386  -isysroot /Applications/Xcode.app/Contents/Developer/Platforms/iPhoneSimulator.platform/Developer/SDKs/iPhoneSimulator7.0.sdk -miphoneos-version-min=4.0 -DTARGET_OS_IPHONE=1 -D__IOS -fms-extensions -c  -Wall -Dasm=__asm conftest.c >&5
configure:7779: $? = 0
configure:7779: result: yes
configure:7779: checking for inttypes.h
configure:7779: xcrun clang -std=c99  -arch i386  -isysroot /Applications/Xcode.app/Contents/Developer/Platforms/iPhoneSimulator.platform/Developer/SDKs/iPhoneSimulator7.0.sdk -miphoneos-version-min=4.0 -DTARGET_OS_IPHONE=1 -D__IOS -fms-extensions -c  -Wall -Dasm=__asm conftest.c >&5
configure:7779: $? = 0
configure:7779: result: yes
configure:7779: checking for stdint.h
configure:7779: xcrun clang -std=c99  -arch i386  -isysroot /Applications/Xcode.app/Contents/Developer/Platforms/iPhoneSimulator.platform/Developer/SDKs/iPhoneSimulator7.0.sdk -miphoneos-version-min=4.0 -DTARGET_OS_IPHONE=1 -D__IOS -fms-extensions -c  -Wall -Dasm=__asm conftest.c >&5
configure:7779: $? = 0
configure:7779: result: yes
configure:7779: checking for unistd.h
configure:7779: xcrun clang -std=c99  -arch i386  -isysroot /Applications/Xcode.app/Contents/Developer/Platforms/iPhoneSimulator.platform/Developer/SDKs/iPhoneSimulator7.0.sdk -miphoneos-version-min=4.0 -DTARGET_OS_IPHONE=1 -D__IOS -fms-extensions -c  -Wall -Dasm=__asm conftest.c >&5
configure:7779: $? = 0
configure:7779: result: yes
configure:7793: checking for dlfcn.h
configure:7793: xcrun clang -std=c99  -arch i386  -isysroot /Applications/Xcode.app/Contents/Developer/Platforms/iPhoneSimulator.platform/Developer/SDKs/iPhoneSimulator7.0.sdk -miphoneos-version-min=4.0 -DTARGET_OS_IPHONE=1 -D__IOS -fms-extensions -c  -Wall -Dasm=__asm conftest.c >&5
configure:7793: $? = 0
configure:7793: result: yes
configure:7998: checking for objdir
configure:8013: result: .libs
configure:8280: checking if xcrun clang -std=c99  -arch i386  -isysroot /Applications/Xcode.app/Contents/Developer/Platforms/iPhoneSimulator.platform/Developer/SDKs/iPhoneSimulator7.0.sdk -miphoneos-version-min=4.0 -DTARGET_OS_IPHONE=1 -D__IOS -fms-extensions supports -fno-rtti -fno-exceptions
configure:8298: xcrun clang -std=c99  -arch i386  -isysroot /Applications/Xcode.app/Contents/Developer/Platforms/iPhoneSimulator.platform/Developer/SDKs/iPhoneSimulator7.0.sdk -miphoneos-version-min=4.0 -DTARGET_OS_IPHONE=1 -D__IOS -fms-extensions -c  -Wall -Dasm=__asm -fno-rtti -fno-exceptions conftest.c >&5
configure:8302: $? = 0
configure:8315: result: yes
configure:8642: checking for xcrun clang -std=c99  -arch i386  -isysroot /Applications/Xcode.app/Contents/Developer/Platforms/iPhoneSimulator.platform/Developer/SDKs/iPhoneSimulator7.0.sdk -miphoneos-version-min=4.0 -DTARGET_OS_IPHONE=1 -D__IOS -fms-extensions option to produce PIC
configure:8649: result: -fno-common -DPIC
configure:8657: checking if xcrun clang -std=c99  -arch i386  -isysroot /Applications/Xcode.app/Contents/Developer/Platforms/iPhoneSimulator.platform/Developer/SDKs/iPhoneSimulator7.0.sdk -miphoneos-version-min=4.0 -DTARGET_OS_IPHONE=1 -D__IOS -fms-extensions PIC flag -fno-common -DPIC works
configure:8675: xcrun clang -std=c99  -arch i386  -isysroot /Applications/Xcode.app/Contents/Developer/Platforms/iPhoneSimulator.platform/Developer/SDKs/iPhoneSimulator7.0.sdk -miphoneos-version-min=4.0 -DTARGET_OS_IPHONE=1 -D__IOS -fms-extensions -c  -Wall -Dasm=__asm -fno-common -DPIC -DPIC conftest.c >&5
configure:8679: $? = 0
configure:8692: result: yes
configure:8721: checking if xcrun clang -std=c99  -arch i386  -isysroot /Applications/Xcode.app/Contents/Developer/Platforms/iPhoneSimulator.platform/Developer/SDKs/iPhoneSimulator7.0.sdk -miphoneos-version-min=4.0 -DTARGET_OS_IPHONE=1 -D__IOS -fms-extensions static flag -static works
configure:8749: result: no
configure:8764: checking if xcrun clang -std=c99  -arch i386  -isysroot /Applications/Xcode.app/Contents/Developer/Platforms/iPhoneSimulator.platform/Developer/SDKs/iPhoneSimulator7.0.sdk -miphoneos-version-min=4.0 -DTARGET_OS_IPHONE=1 -D__IOS -fms-extensions supports -c -o file.o
configure:8785: xcrun clang -std=c99  -arch i386  -isysroot /Applications/Xcode.app/Contents/Developer/Platforms/iPhoneSimulator.platform/Developer/SDKs/iPhoneSimulator7.0.sdk -miphoneos-version-min=4.0 -DTARGET_OS_IPHONE=1 -D__IOS -fms-extensions -c  -Wall -Dasm=__asm -o out/conftest2.o conftest.c >&5
configure:8789: $? = 0
configure:8811: result: yes
configure:8819: checking if xcrun clang -std=c99  -arch i386  -isysroot /Applications/Xcode.app/Contents/Developer/Platforms/iPhoneSimulator.platform/Developer/SDKs/iPhoneSimulator7.0.sdk -miphoneos-version-min=4.0 -DTARGET_OS_IPHONE=1 -D__IOS -fms-extensions supports -c -o file.o
configure:8866: result: yes
configure:8899: checking whether the xcrun clang -std=c99  -arch i386  -isysroot /Applications/Xcode.app/Contents/Developer/Platforms/iPhoneSimulator.platform/Developer/SDKs/iPhoneSimulator7.0.sdk -miphoneos-version-min=4.0 -DTARGET_OS_IPHONE=1 -D__IOS -fms-extensions linker (xcrun ld -arch i386) supports shared libraries
configure:10052: result: yes
configure:10292: checking dynamic linker characteristics
configure:11025: result: darwin dyld
configure:11132: checking how to hardcode library paths into programs
configure:11157: result: immediate
configure:11697: checking whether stripping libraries is possible
configure:11711: result: yes
configure:11737: checking if libtool supports shared libraries
configure:11739: result: yes
configure:11742: checking whether to build shared libraries
configure:11763: result: no
configure:11766: checking whether to build static libraries
configure:11770: result: yes
configure:11820: checking for i386-apple-darwin-pkg-config
configure:11853: result: no
configure:11863: checking for pkg-config
configure:11881: found /opt/local/bin/pkg-config
configure:11893: result: /opt/local/bin/pkg-config
configure:11918: checking pkg-config is at least version 0.9.0
configure:11921: result: yes
configure:11931: checking for MEDIASTREAMER
configure:11938: $PKG_CONFIG --exists --print-errors "mediastreamer >= 2.0.0"
configure:11941: $? = 0
configure:11955: $PKG_CONFIG --exists --print-errors "mediastreamer >= 2.0.0"
configure:11958: $? = 0
configure:12016: result: yes
configure:12023: checking for cosf in -lm
configure:12048: xcrun clang -std=c99  -arch i386  -isysroot /Applications/Xcode.app/Contents/Developer/Platforms/iPhoneSimulator.platform/Developer/SDKs/iPhoneSimulator7.0.sdk -miphoneos-version-min=4.0 -DTARGET_OS_IPHONE=1 -D__IOS -fms-extensions -o conftest  -Wall -Dasm=__asm  conftest.c -lm   >&5
conftest.c:30:6: warning: incompatible redeclaration of library function 'cosf' [-Wincompatible-library-redeclaration]
char cosf ();
     ^
conftest.c:30:6: note: 'cosf' is a builtin with type 'float (float)'
1 warning generated.
configure:12048: $? = 0
configure:12057: result: yes
configure:12542: checking that generated files are newer than configure
configure:12548: result: done
configure:12575: creating ./config.status

## ---------------------- ##
## Running config.status. ##
## ---------------------- ##

This file was extended by mssilk config.status 1.0.0, which was
generated by GNU Autoconf 2.69.  Invocation command line was

  CONFIG_FILES    = 
  CONFIG_HEADERS  = 
  CONFIG_LINKS    = 
  CONFIG_COMMANDS = 
  $ ./config.status 

on new-host-3.home

config.status:1027: creating Makefile
config.status:1027: creating sdk/Makefile
config.status:1027: creating mssilk.iss
config.status:1184: executing depfiles commands
config.status:1184: executing libtool commands
config.status:1184: executing libtool-hacking commands

## ---------------- ##
## Cache variables. ##
## ---------------- ##

ac_cv_build=x86_64-apple-darwin12.5.0
ac_cv_c_compiler_gnu=yes
ac_cv_env_CC_set=
ac_cv_env_CC_value=
ac_cv_env_CFLAGS_set=
ac_cv_env_CFLAGS_value=
ac_cv_env_CPPFLAGS_set=
ac_cv_env_CPPFLAGS_value=
ac_cv_env_CPP_set=
ac_cv_env_CPP_value=
ac_cv_env_LDFLAGS_set=
ac_cv_env_LDFLAGS_value=
ac_cv_env_LIBS_set=
ac_cv_env_LIBS_value=
ac_cv_env_MEDIASTREAMER_CFLAGS_set=
ac_cv_env_MEDIASTREAMER_CFLAGS_value=
ac_cv_env_MEDIASTREAMER_LIBS_set=
ac_cv_env_MEDIASTREAMER_LIBS_value=
ac_cv_env_PKG_CONFIG_LIBDIR_set=set
ac_cv_env_PKG_CONFIG_LIBDIR_value=/Users/karimjimo/Downloads/linphone-iphone/submodules/build/..//../liblinphone-sdk/i386-apple-darwin/lib/pkgconfig
ac_cv_env_PKG_CONFIG_PATH_set=
ac_cv_env_PKG_CONFIG_PATH_value=
ac_cv_env_PKG_CONFIG_set=
ac_cv_env_PKG_CONFIG_value=
ac_cv_env_build_alias_set=
ac_cv_env_build_alias_value=
ac_cv_env_host_alias_set=set
ac_cv_env_host_alias_value=i386-apple-darwin
ac_cv_env_target_alias_set=
ac_cv_env_target_alias_value=
ac_cv_header_dlfcn_h=yes
ac_cv_header_inttypes_h=yes
ac_cv_header_memory_h=yes
ac_cv_header_stdc=yes
ac_cv_header_stdint_h=yes
ac_cv_header_stdlib_h=yes
ac_cv_header_string_h=yes
ac_cv_header_strings_h=yes
ac_cv_header_sys_stat_h=yes
ac_cv_header_sys_types_h=yes
ac_cv_header_unistd_h=yes
ac_cv_host=i386-apple-darwin
ac_cv_lib_m_cosf=yes
ac_cv_objext=o
ac_cv_path_EGREP='/opt/local/bin/grep -E'
ac_cv_path_FGREP='/opt/local/bin/grep -F'
ac_cv_path_GREP=/opt/local/bin/grep
ac_cv_path_MD5SUM=/opt/local/bin/openssl
ac_cv_path_PATCH=/usr/bin/patch
ac_cv_path_SED=/usr/bin/sed
ac_cv_path_UNZIP=/usr/bin/unzip
ac_cv_path_WGET=/opt/local/bin/wget
ac_cv_path_ac_pt_PKG_CONFIG=/opt/local/bin/pkg-config
ac_cv_path_install='/opt/local/bin/ginstall -c'
ac_cv_path_mkdir=/opt/local/bin/gmkdir
ac_cv_prog_AR='xcrun ar'
ac_cv_prog_AWK=awk
ac_cv_prog_CC='xcrun clang -std=c99  -arch i386  -isysroot /Applications/Xcode.app/Contents/Developer/Platforms/iPhoneSimulator.platform/Developer/SDKs/iPhoneSimulator7.0.sdk -miphoneos-version-min=4.0 -DTARGET_OS_IPHONE=1 -D__IOS -fms-extensions'
ac_cv_prog_CPP='xcrun clang -std=c99  -arch i386  -isysroot /Applications/Xcode.app/Contents/Developer/Platforms/iPhoneSimulator.platform/Developer/SDKs/iPhoneSimulator7.0.sdk -miphoneos-version-min=4.0 -DTARGET_OS_IPHONE=1 -D__IOS -fms-extensions -E'
ac_cv_prog_RANLIB='xcrun ranlib'
ac_cv_prog_STRIP='xcrun strip'
ac_cv_prog_ac_ct_DSYMUTIL=dsymutil
ac_cv_prog_ac_ct_LIPO=lipo
ac_cv_prog_ac_ct_NMEDIT=nmedit
ac_cv_prog_ac_ct_OTOOL=otool
ac_cv_prog_cc_c89=
ac_cv_prog_cc_g=yes
ac_cv_prog_make_make_set=yes
ac_cv_target=i386-apple-darwin
am_cv_CC_dependencies_compiler_type=gcc3
am_cv_make_support_nested_variables=yes
am_cv_prog_cc_c_o=yes
am_cv_prog_tar_ustar=gnutar
lt_cv_apple_cc_single_mod=yes
lt_cv_ar_at_file=no
lt_cv_deplibs_check_method=pass_all
lt_cv_file_magic_cmd='$MAGIC_CMD'
lt_cv_file_magic_test_file=
lt_cv_ld_exported_symbols_list=yes
lt_cv_ld_force_load=yes
lt_cv_ld_reload_flag=-r
lt_cv_nm_interface='BSD nm'
lt_cv_objdir=.libs
lt_cv_path_LD='xcrun ld -arch i386'
lt_cv_path_NM='xcrun nm'
lt_cv_path_mainfest_tool=no
lt_cv_prog_compiler_c_o=yes
lt_cv_prog_compiler_pic='-fno-common -DPIC'
lt_cv_prog_compiler_pic_works=yes
lt_cv_prog_compiler_rtti_exceptions=yes
lt_cv_prog_compiler_static_works=no
lt_cv_prog_gnu_ld=no
lt_cv_sharedlib_from_linklib_cmd='printf %s\n'
lt_cv_sys_global_symbol_pipe='sed -n -e '\''s/^.*[	 ]\([BCDEGRST][BCDEGRST]*\)[	 ][	 ]*_\([_A-Za-z][_A-Za-z0-9]*\)$/\1 _\2 \2/p'\'' | sed '\''/ __gnu_lto/d'\'''
lt_cv_sys_global_symbol_to_c_name_address='sed -n -e '\''s/^: \([^ ]*\)[ ]*$/  {\"\1\", (void *) 0},/p'\'' -e '\''s/^[BCDEGRST]* \([^ ]*\) \([^ ]*\)$/  {"\2", (void *) \&\2},/p'\'''
lt_cv_sys_global_symbol_to_c_name_address_lib_prefix='sed -n -e '\''s/^: \([^ ]*\)[ ]*$/  {\"\1\", (void *) 0},/p'\'' -e '\''s/^[BCDEGRST]* \([^ ]*\) \(lib[^ ]*\)$/  {"\2", (void *) \&\2},/p'\'' -e '\''s/^[BCDEGRST]* \([^ ]*\) \([^ ]*\)$/  {"lib\2", (void *) \&\2},/p'\'''
lt_cv_sys_global_symbol_to_cdecl='sed -n -e '\''s/^T .* \(.*\)$/extern int \1();/p'\'' -e '\''s/^[BCDEGRST]* .* \(.*\)$/extern char \1;/p'\'''
lt_cv_sys_max_cmd_len=196608
lt_cv_to_host_file_cmd=func_convert_file_noop
lt_cv_to_tool_file_cmd=func_convert_file_noop
pkg_cv_MEDIASTREAMER_CFLAGS='-D_REENTRANT -DORTP_INET6 -I/Users/karimjimo/Downloads/linphone-iphone/submodules/build/..//../liblinphone-sdk/i386-apple-darwin/include -I/Users/karimjimo/Downloads/linphone-iphone/submodules/build/..//../liblinphone-sdk/i386-apple-darwin/include/srtp '
pkg_cv_MEDIASTREAMER_LIBS='-L/Users/karimjimo/Downloads/linphone-iphone/submodules/build/..//../liblinphone-sdk/i386-apple-darwin/lib -lmediastreamer_base -lmediastreamer_voip -lortp -lpthread -lsrtp '

## ----------------- ##
## Output variables. ##
## ----------------- ##

ACLOCAL='${SHELL} /Users/karimjimo/Downloads/linphone-iphone/submodules/mssilk/build-aux/missing aclocal-1.14'
AMDEPBACKSLASH='\'
AMDEP_FALSE='#'
AMDEP_TRUE=''
AMTAR='$${TAR-tar}'
AM_BACKSLASH='\'
AM_DEFAULT_V='$(AM_DEFAULT_VERBOSITY)'
AM_DEFAULT_VERBOSITY='1'
AM_V='$(V)'
AR='xcrun ar'
AS='as'
AUTOCONF='${SHELL} /Users/karimjimo/Downloads/linphone-iphone/submodules/mssilk/build-aux/missing autoconf'
AUTOHEADER='${SHELL} /Users/karimjimo/Downloads/linphone-iphone/submodules/mssilk/build-aux/missing autoheader'
AUTOMAKE='${SHELL} /Users/karimjimo/Downloads/linphone-iphone/submodules/mssilk/build-aux/missing automake-1.14'
AWK='awk'
BUILD_WIN32_FALSE=''
BUILD_WIN32_TRUE='#'
CC='xcrun clang -std=c99  -arch i386  -isysroot /Applications/Xcode.app/Contents/Developer/Platforms/iPhoneSimulator.platform/Developer/SDKs/iPhoneSimulator7.0.sdk -miphoneos-version-min=4.0 -DTARGET_OS_IPHONE=1 -D__IOS -fms-extensions'
CCDEPMODE='depmode=gcc3'
CFLAGS=' -Wall'
CPP='xcrun clang -std=c99  -arch i386  -isysroot /Applications/Xcode.app/Contents/Developer/Platforms/iPhoneSimulator.platform/Developer/SDKs/iPhoneSimulator7.0.sdk -miphoneos-version-min=4.0 -DTARGET_OS_IPHONE=1 -D__IOS -fms-extensions -E'
CPPFLAGS='-Dasm=__asm'
CYGPATH_W='echo'
DEFS='-DPACKAGE_NAME=\"mssilk\" -DPACKAGE_TARNAME=\"mssilk\" -DPACKAGE_VERSION=\"1.0.0\" -DPACKAGE_STRING=\"mssilk\ 1.0.0\" -DPACKAGE_BUGREPORT=\"\" -DPACKAGE_URL=\"\" -DPACKAGE=\"mssilk\" -DVERSION=\"1.0.0\" -DSTDC_HEADERS=1 -DHAVE_SYS_TYPES_H=1 -DHAVE_SYS_STAT_H=1 -DHAVE_STDLIB_H=1 -DHAVE_STRING_H=1 -DHAVE_MEMORY_H=1 -DHAVE_STRINGS_H=1 -DHAVE_INTTYPES_H=1 -DHAVE_STDINT_H=1 -DHAVE_UNISTD_H=1 -DHAVE_DLFCN_H=1 -DLT_OBJDIR=\".libs/\" -DHAVE_LIBM=1'
DEPDIR='.deps'
DLLTOOL='false'
DSYMUTIL='dsymutil'
DUMPBIN=''
ECHO_C='\c'
ECHO_N=''
ECHO_T=''
EGREP='/opt/local/bin/grep -E'
EXEEXT=''
FGREP='/opt/local/bin/grep -F'
GREP='/opt/local/bin/grep'
INSTALL_DATA='ginstall -C'
INSTALL_PROGRAM='${INSTALL}'
INSTALL_SCRIPT='${INSTALL}'
INSTALL_STRIP_PROGRAM='$(install_sh) -c -s'
LD='xcrun ld -arch i386'
LDFLAGS=''
LIBOBJS=''
LIBS='-lm '
LIBTOOL='$(SHELL) $(top_builddir)/libtool'
LIPO='lipo'
LN_S='ln -s'
LTLIBOBJS=''
MAKEINFO='${SHELL} /Users/karimjimo/Downloads/linphone-iphone/submodules/mssilk/build-aux/missing makeinfo'
MANIFEST_TOOL=':'
MD5SUM='/opt/local/bin/openssl md5'
MEDIASTREAMER_CFLAGS='-D_REENTRANT -DORTP_INET6 -I/Users/karimjimo/Downloads/linphone-iphone/submodules/build/..//../liblinphone-sdk/i386-apple-darwin/include -I/Users/karimjimo/Downloads/linphone-iphone/submodules/build/..//../liblinphone-sdk/i386-apple-darwin/include/srtp '
MEDIASTREAMER_LIBS='-L/Users/karimjimo/Downloads/linphone-iphone/submodules/build/..//../liblinphone-sdk/i386-apple-darwin/lib -lmediastreamer_base -lmediastreamer_voip -lortp -lpthread -lsrtp '
MKDIR_P='/opt/local/bin/gmkdir -p'
NM='xcrun nm'
NMEDIT='nmedit'
OBJDUMP='false'
OBJEXT='o'
OTOOL64=':'
OTOOL='otool'
PACKAGE='mssilk'
PACKAGE_BUGREPORT=''
PACKAGE_NAME='mssilk'
PACKAGE_STRING='mssilk 1.0.0'
PACKAGE_TARNAME='mssilk'
PACKAGE_URL=''
PACKAGE_VERSION='1.0.0'
PATCH='/usr/bin/patch'
PATH_SEPARATOR=':'
PKG_CONFIG='/opt/local/bin/pkg-config'
PKG_CONFIG_LIBDIR='/Users/karimjimo/Downloads/linphone-iphone/submodules/build/..//../liblinphone-sdk/i386-apple-darwin/lib/pkgconfig'
PKG_CONFIG_PATH=''
RANLIB='xcrun ranlib'
SED='/usr/bin/sed'
SET_MAKE=''
SHELL='/bin/sh'
SILK_FLAVOUR='FIX'
SILK_MAKE_OPTIONS=''
STRICT_CFLAGS='-Werror'
STRIP='xcrun strip'
UNZIP='/usr/bin/unzip'
VERSION='1.0.0'
WGET='/opt/local/bin/wget'
ac_ct_AR=''
ac_ct_CC=''
ac_ct_DUMPBIN=''
am__EXEEXT_FALSE=''
am__EXEEXT_TRUE='#'
am__fastdepCC_FALSE='#'
am__fastdepCC_TRUE=''
am__include='include'
am__isrc=' -I$(srcdir)'
am__leading_dot='.'
am__nodep='_no'
am__quote=''
am__tar='tar --format=ustar -chf - "$$tardir"'
am__untar='tar -xf -'
bindir='${exec_prefix}/bin'
build='x86_64-apple-darwin12.5.0'
build_alias=''
build_cpu='x86_64'
build_os='darwin12.5.0'
build_vendor='apple'
datadir='${datarootdir}'
datarootdir='${prefix}/share'
docdir='${datarootdir}/doc/${PACKAGE_TARNAME}'
dvidir='${docdir}'
exec_prefix='${prefix}'
host='i386-apple-darwin'
host_alias='i386-apple-darwin'
host_cpu='i386'
host_os='darwin'
host_vendor='apple'
htmldir='${docdir}'
includedir='${prefix}/include'
infodir='${datarootdir}/info'
install_sh='${SHELL} /Users/karimjimo/Downloads/linphone-iphone/submodules/mssilk/build-aux/install-sh'
libdir='${exec_prefix}/lib'
libexecdir='${exec_prefix}/libexec'
localedir='${datarootdir}/locale'
localstatedir='${prefix}/var'
mandir='${datarootdir}/man'
mkdir_p='$(MKDIR_P)'
oldincludedir='/usr/include'
pdfdir='${docdir}'
prefix='/Users/karimjimo/Downloads/linphone-iphone/submodules/build/..//../liblinphone-sdk/i386-apple-darwin'
program_transform_name='s,x,x,'
psdir='${docdir}'
sbindir='${exec_prefix}/sbin'
sharedstatedir='${prefix}/com'
sysconfdir='${prefix}/etc'
target='i386-apple-darwin'
target_alias=''
target_cpu='i386'
target_os='darwin'
target_vendor='apple'

## ----------- ##
## confdefs.h. ##
## ----------- ##

/* confdefs.h */
#define PACKAGE_NAME "mssilk"
#define PACKAGE_TARNAME "mssilk"
#define PACKAGE_VERSION "1.0.0"
#define PACKAGE_STRING "mssilk 1.0.0"
#define PACKAGE_BUGREPORT ""
#define PACKAGE_URL ""
#define PACKAGE "mssilk"
#define VERSION "1.0.0"
#define STDC_HEADERS 1
#define HAVE_SYS_TYPES_H 1
#define HAVE_SYS_STAT_H 1
#define HAVE_STDLIB_H 1
#define HAVE_STRING_H 1
#define HAVE_MEMORY_H 1
#define HAVE_STRINGS_H 1
#define HAVE_INTTYPES_H 1
#define HAVE_STDINT_H 1
#define HAVE_UNISTD_H 1
#define HAVE_DLFCN_H 1
#define LT_OBJDIR ".libs/"
#define HAVE_LIBM 1

configure: exit 0
