This file contains any messages produced by compilers while
running configure, to aid debugging if configure makes a mistake.

It was created by msilbc configure 2.1.0, which was
generated by GNU Autoconf 2.69.  Invocation command line was

  $ /Users/karimjimo/Downloads/linphone-iphone/submodules/build/..//msilbc/configure -prefix=/Users/karimjimo/Downloads/linphone-iphone/submodules/build/..//../liblinphone-sdk/armv7s-apple-darwin --host=armv7s-apple-darwin --disable-shared --enable-static

## --------- ##
## Platform. ##
## --------- ##

hostname = new-host-3.home
uname -m = x86_64
uname -r = 12.5.0
uname -s = Darwin
uname -v = Darwin Kernel Version 12.5.0: Sun Sep 29 13:33:47 PDT 2013; root:xnu-2050.48.12~1/RELEASE_X86_64

/usr/bin/uname -p = i386
/bin/uname -X     = unknown

/bin/arch              = unknown
/usr/bin/arch -k       = unknown
/usr/convex/getsysinfo = unknown
/usr/bin/hostinfo      = Mach kernel version:
	 Darwin Kernel Version 12.5.0: Sun Sep 29 13:33:47 PDT 2013; root:xnu-2050.48.12~1/RELEASE_X86_64
Kernel configured for up to 4 processors.
2 processors are physically available.
4 processors are logically available.
Processor type: i486 (Intel 80486)
Processors active: 0 1 2 3
Primary memory available: 4.00 gigabytes
Default processor set: 130 tasks, 830 threads, 4 processors
Load average: 1.86, Mach factor: 2.13
/bin/machine           = unknown
/usr/bin/oslevel       = unknown
/bin/universe          = unknown

PATH: /opt/local/bin
PATH: /opt/local/sbin
PATH: /usr/bin
PATH: /bin
PATH: /usr/sbin
PATH: /sbin
PATH: /usr/local/bin


## ----------- ##
## Core tests. ##
## ----------- ##

configure:2060: loading site script /Users/karimjimo/Downloads/linphone-iphone/submodules/build/..//build/iphone-config.site
| # -*- shell-script -*-
| 
| SDK_VERSION_MAJOR=4
| SDK_VERSION=4.0
| MCPU=""
| if test "${host_alias}" = "i386-apple-darwin" ; then 
| 	PLATFORM=Simulator
| 	ARCH=i386
| 	CMAKE_OPTS="-DCMAKE_SYSTEM_PROCESSOR=i386"
| 	MCPU=""
| elif test "${host_alias}" = "armv6-apple-darwin" ; then 
| 	ARCH=armv6
| 	PLATFORM=OS
| 	CMAKE_OPTS="-DCMAKE_SYSTEM_PROCESSOR=arm"
| 	MCPU="-mcpu=arm1176jzf-s"
| elif test "${host_alias}" = "armv7-apple-darwin" ; then 
| 	ARCH=armv7
| 	PLATFORM=OS
| 	CMAKE_OPTS="-DCMAKE_SYSTEM_PROCESSOR=arm"
| 	MCPU="-mcpu=cortex-a8"
| elif test "${host_alias}" = "armv7s-apple-darwin" ; then 
| 	ARCH=armv7s
| 	PLATFORM=OS
| 	CMAKE_OPTS="-DCMAKE_SYSTEM_PROCESSOR=arm"
| else 
| 	echo "bad host ${host_alias} must be either i386-apple-darwin or armv6-apple-darwin"
| 	exit
| fi
| echo "Loading config.site for iPhone platform=${PLATFORM} version=${SDK_VERSION}"
| XCODE_DEV_PATH=`xcode-select -print-path`
| #new path with Xcode 4.3:
| if test -d ${XCODE_DEV_PATH}/Platforms/iPhone${PLATFORM}.platform/Developer/SDKs ; then
| 	SDK_PATH_LIST=`ls -drt ${XCODE_DEV_PATH}/Platforms/iPhone${PLATFORM}.platform/Developer/SDKs/iPhone${PLATFORM}*`
| 	SDK_BIN_PATH=${XCODE_DEV_PATH}/Platforms/iPhone${PLATFORM}.platform/Developer/usr/bin  
| else
| 	SDK_PATH_LIST=`ls -drt /Developer/Platforms/iPhone${PLATFORM}.platform/Developer/SDKs/iPhone${PLATFORM}*`
| 	SDK_BIN_PATH=/Developer/Platforms/iPhone${PLATFORM}.platform/Developer/usr/bin  
| fi
|    
| for SYSROOT_PATH in $SDK_PATH_LIST ; do echo $SYSROOT_PATH ; done ;
| echo "Selecting SDK path = ${SYSROOT_PATH}"
| 
| COMMON_FLAGS=" -arch ${ARCH} ${MCPU} -isysroot ${SYSROOT_PATH} -miphoneos-version-min=${SDK_VERSION} -DTARGET_OS_IPHONE=1 -D__IOS -fms-extensions"
| CC="xcrun clang -std=c99 $COMMON_FLAGS"
| OBJC="xcrun clang -std=c99 $COMMON_FLAGS"
| CXX="xcrun clang++ $COMMON_FLAGS"
| LD="xcrun ld -arch ${ARCH}"
| AR="xcrun ar"
| RANLIB="xcrun ranlib"
| STRIP="xcrun strip"
| NM="xcrun nm"
| 
| CPPFLAGS="-Dasm=__asm"
| OBJCFLAGS="-x objective-c -fexceptions -gdwarf-2 -fobjc-abi-version=2 -fobjc-legacy-dispatch"
| #Force install script to use -C so that header files don't get re-written if not changed.
| INSTALL_DATA="ginstall -C"
| 
| 
configure:2220: checking for a BSD-compatible install
configure:2288: result: /opt/local/bin/ginstall -c
configure:2299: checking whether build environment is sane
configure:2354: result: yes
configure:2413: checking for armv7s-apple-darwin-strip
configure:2440: result: xcrun strip
configure:2505: checking for a thread-safe mkdir -p
configure:2544: result: /opt/local/bin/gmkdir -p
configure:2551: checking for gawk
configure:2581: result: no
configure:2551: checking for mawk
configure:2581: result: no
configure:2551: checking for nawk
configure:2581: result: no
configure:2551: checking for awk
configure:2567: found /usr/bin/awk
configure:2578: result: awk
configure:2589: checking whether make sets $(MAKE)
configure:2611: result: yes
configure:2640: checking whether make supports nested variables
configure:2657: result: yes
configure:2746: checking whether UID '501' is supported by ustar format
configure:2749: result: yes
configure:2756: checking whether GID '20' is supported by ustar format
configure:2759: result: yes
configure:2767: checking how to create a ustar tar archive
configure:2778: tar --version
bsdtar 2.8.3 - libarchive 2.8.3
configure:2781: $? = 0
configure:2821: tardir=conftest.dir && eval tar --format=ustar -chf - "$tardir" >conftest.tar
configure:2824: $? = 0
configure:2828: tar -xf - <conftest.tar
configure:2831: $? = 0
configure:2833: cat conftest.dir/file
GrepMe
configure:2836: $? = 0
configure:2849: result: gnutar
configure:2903: checking build system type
configure:2917: result: x86_64-apple-darwin12.5.0
configure:2937: checking host system type
configure:2950: result: armv7s-apple-darwin
configure:2970: checking target system type
configure:2983: result: armv7s-apple-darwin
configure:3362: checking how to print strings
configure:3389: result: printf
configure:3422: checking for style of include used by make
configure:3450: result: GNU
configure:3481: checking for armv7s-apple-darwin-gcc
configure:3508: result: xcrun clang -std=c99  -arch armv7s  -isysroot /Applications/Xcode.app/Contents/Developer/Platforms/iPhoneOS.platform/Developer/SDKs/iPhoneOS7.0.sdk -miphoneos-version-min=4.0 -DTARGET_OS_IPHONE=1 -D__IOS -fms-extensions
configure:3777: checking for C compiler version
configure:3786: xcrun clang -std=c99  -arch armv7s  -isysroot /Applications/Xcode.app/Contents/Developer/Platforms/iPhoneOS.platform/Developer/SDKs/iPhoneOS7.0.sdk -miphoneos-version-min=4.0 -DTARGET_OS_IPHONE=1 -D__IOS -fms-extensions --version >&5
Apple LLVM version 5.0 (clang-500.2.76) (based on LLVM 3.3svn)
Target: arm-apple-darwin12.5.0
Thread model: posix
configure:3797: $? = 0
configure:3786: xcrun clang -std=c99  -arch armv7s  -isysroot /Applications/Xcode.app/Contents/Developer/Platforms/iPhoneOS.platform/Developer/SDKs/iPhoneOS7.0.sdk -miphoneos-version-min=4.0 -DTARGET_OS_IPHONE=1 -D__IOS -fms-extensions -v >&5
Apple LLVM version 5.0 (clang-500.2.76) (based on LLVM 3.3svn)
Target: arm-apple-darwin12.5.0
Thread model: posix
clang: warning: argument unused during compilation: '-std=c99'
clang: warning: argument unused during compilation: '-isysroot /Applications/Xcode.app/Contents/Developer/Platforms/iPhoneOS.platform/Developer/SDKs/iPhoneOS7.0.sdk'
clang: warning: argument unused during compilation: '-miphoneos-version-min=4.0'
clang: warning: argument unused during compilation: '-D TARGET_OS_IPHONE=1'
clang: warning: argument unused during compilation: '-D __IOS'
clang: warning: argument unused during compilation: '-fms-extensions'
configure:3797: $? = 0
configure:3786: xcrun clang -std=c99  -arch armv7s  -isysroot /Applications/Xcode.app/Contents/Developer/Platforms/iPhoneOS.platform/Developer/SDKs/iPhoneOS7.0.sdk -miphoneos-version-min=4.0 -DTARGET_OS_IPHONE=1 -D__IOS -fms-extensions -V >&5
clang: error: argument to '-V' is missing (expected 1 value)
clang: error: no input files
configure:3797: $? = 1
configure:3786: xcrun clang -std=c99  -arch armv7s  -isysroot /Applications/Xcode.app/Contents/Developer/Platforms/iPhoneOS.platform/Developer/SDKs/iPhoneOS7.0.sdk -miphoneos-version-min=4.0 -DTARGET_OS_IPHONE=1 -D__IOS -fms-extensions -qversion >&5
clang: error: no input files
configure:3797: $? = 1
configure:3817: checking whether the C compiler works
configure:3839: xcrun clang -std=c99  -arch armv7s  -isysroot /Applications/Xcode.app/Contents/Developer/Platforms/iPhoneOS.platform/Developer/SDKs/iPhoneOS7.0.sdk -miphoneos-version-min=4.0 -DTARGET_OS_IPHONE=1 -D__IOS -fms-extensions  -Dasm=__asm  conftest.c  >&5
configure:3843: $? = 0
configure:3891: result: yes
configure:3894: checking for C compiler default output file name
configure:3896: result: a.out
configure:3902: checking for suffix of executables
configure:3909: xcrun clang -std=c99  -arch armv7s  -isysroot /Applications/Xcode.app/Contents/Developer/Platforms/iPhoneOS.platform/Developer/SDKs/iPhoneOS7.0.sdk -miphoneos-version-min=4.0 -DTARGET_OS_IPHONE=1 -D__IOS -fms-extensions -o conftest  -Dasm=__asm  conftest.c  >&5
configure:3913: $? = 0
configure:3935: result: 
configure:3957: checking whether we are cross compiling
configure:3965: xcrun clang -std=c99  -arch armv7s  -isysroot /Applications/Xcode.app/Contents/Developer/Platforms/iPhoneOS.platform/Developer/SDKs/iPhoneOS7.0.sdk -miphoneos-version-min=4.0 -DTARGET_OS_IPHONE=1 -D__IOS -fms-extensions -o conftest  -Dasm=__asm  conftest.c  >&5
configure:3969: $? = 0
configure:3976: ./conftest
/Users/karimjimo/Downloads/linphone-iphone/submodules/build/..//msilbc/configure: line 3978: ./conftest: Bad CPU type in executable
configure:3980: $? = 126
configure:3995: result: yes
configure:4000: checking for suffix of object files
configure:4022: xcrun clang -std=c99  -arch armv7s  -isysroot /Applications/Xcode.app/Contents/Developer/Platforms/iPhoneOS.platform/Developer/SDKs/iPhoneOS7.0.sdk -miphoneos-version-min=4.0 -DTARGET_OS_IPHONE=1 -D__IOS -fms-extensions -c  -Dasm=__asm conftest.c >&5
configure:4026: $? = 0
configure:4047: result: o
configure:4051: checking whether we are using the GNU C compiler
configure:4070: xcrun clang -std=c99  -arch armv7s  -isysroot /Applications/Xcode.app/Contents/Developer/Platforms/iPhoneOS.platform/Developer/SDKs/iPhoneOS7.0.sdk -miphoneos-version-min=4.0 -DTARGET_OS_IPHONE=1 -D__IOS -fms-extensions -c  -Dasm=__asm conftest.c >&5
configure:4070: $? = 0
configure:4079: result: yes
configure:4088: checking whether xcrun clang -std=c99  -arch armv7s  -isysroot /Applications/Xcode.app/Contents/Developer/Platforms/iPhoneOS.platform/Developer/SDKs/iPhoneOS7.0.sdk -miphoneos-version-min=4.0 -DTARGET_OS_IPHONE=1 -D__IOS -fms-extensions accepts -g
configure:4108: xcrun clang -std=c99  -arch armv7s  -isysroot /Applications/Xcode.app/Contents/Developer/Platforms/iPhoneOS.platform/Developer/SDKs/iPhoneOS7.0.sdk -miphoneos-version-min=4.0 -DTARGET_OS_IPHONE=1 -D__IOS -fms-extensions -c -g -Dasm=__asm conftest.c >&5
configure:4108: $? = 0
configure:4149: result: yes
configure:4166: checking for xcrun clang -std=c99  -arch armv7s  -isysroot /Applications/Xcode.app/Contents/Developer/Platforms/iPhoneOS.platform/Developer/SDKs/iPhoneOS7.0.sdk -miphoneos-version-min=4.0 -DTARGET_OS_IPHONE=1 -D__IOS -fms-extensions option to accept ISO C89
configure:4229: xcrun clang -std=c99  -arch armv7s  -isysroot /Applications/Xcode.app/Contents/Developer/Platforms/iPhoneOS.platform/Developer/SDKs/iPhoneOS7.0.sdk -miphoneos-version-min=4.0 -DTARGET_OS_IPHONE=1 -D__IOS -fms-extensions  -c -g -O2 -Dasm=__asm conftest.c >&5
configure:4229: $? = 0
configure:4242: result: none needed
configure:4267: checking whether xcrun clang -std=c99  -arch armv7s  -isysroot /Applications/Xcode.app/Contents/Developer/Platforms/iPhoneOS.platform/Developer/SDKs/iPhoneOS7.0.sdk -miphoneos-version-min=4.0 -DTARGET_OS_IPHONE=1 -D__IOS -fms-extensions understands -c and -o together
configure:4289: xcrun clang -std=c99  -arch armv7s  -isysroot /Applications/Xcode.app/Contents/Developer/Platforms/iPhoneOS.platform/Developer/SDKs/iPhoneOS7.0.sdk -miphoneos-version-min=4.0 -DTARGET_OS_IPHONE=1 -D__IOS -fms-extensions -c conftest.c -o conftest2.o
configure:4292: $? = 0
configure:4289: xcrun clang -std=c99  -arch armv7s  -isysroot /Applications/Xcode.app/Contents/Developer/Platforms/iPhoneOS.platform/Developer/SDKs/iPhoneOS7.0.sdk -miphoneos-version-min=4.0 -DTARGET_OS_IPHONE=1 -D__IOS -fms-extensions -c conftest.c -o conftest2.o
configure:4292: $? = 0
configure:4304: result: yes
configure:4323: checking dependency style of xcrun clang -std=c99  -arch armv7s  -isysroot /Applications/Xcode.app/Contents/Developer/Platforms/iPhoneOS.platform/Developer/SDKs/iPhoneOS7.0.sdk -miphoneos-version-min=4.0 -DTARGET_OS_IPHONE=1 -D__IOS -fms-extensions
configure:4434: result: gcc3
configure:4449: checking for a sed that does not truncate output
configure:4513: result: /usr/bin/sed
configure:4531: checking for grep that handles long lines and -e
configure:4589: result: /opt/local/bin/grep
configure:4594: checking for egrep
configure:4656: result: /opt/local/bin/grep -E
configure:4661: checking for fgrep
configure:4723: result: /opt/local/bin/grep -F
configure:4758: checking for ld used by xcrun clang -std=c99  -arch armv7s  -isysroot /Applications/Xcode.app/Contents/Developer/Platforms/iPhoneOS.platform/Developer/SDKs/iPhoneOS7.0.sdk -miphoneos-version-min=4.0 -DTARGET_OS_IPHONE=1 -D__IOS -fms-extensions
configure:4825: result: xcrun ld -arch armv7s
configure:4832: checking if the linker (xcrun ld -arch armv7s) is GNU ld
configure:4847: result: no
configure:4859: checking for BSD- or MS-compatible name lister (nm)
configure:4908: result: xcrun nm
configure:5038: checking the name lister (xcrun nm) interface
configure:5045: xcrun clang -std=c99  -arch armv7s  -isysroot /Applications/Xcode.app/Contents/Developer/Platforms/iPhoneOS.platform/Developer/SDKs/iPhoneOS7.0.sdk -miphoneos-version-min=4.0 -DTARGET_OS_IPHONE=1 -D__IOS -fms-extensions -c -g -O2 -Dasm=__asm conftest.c >&5
configure:5048: xcrun nm "conftest.o"
configure:5051: output
00000230 S _some_variable
configure:5058: result: BSD nm
configure:5061: checking whether ln -s works
configure:5065: result: yes
configure:5073: checking the maximum length of command line arguments
configure:5203: result: 196608
configure:5220: checking whether the shell understands some XSI constructs
configure:5230: result: yes
configure:5234: checking whether the shell understands "+="
configure:5240: result: yes
configure:5275: checking how to convert x86_64-apple-darwin12.5.0 file names to armv7s-apple-darwin format
configure:5315: result: func_convert_file_noop
configure:5322: checking how to convert x86_64-apple-darwin12.5.0 file names to toolchain format
configure:5342: result: func_convert_file_noop
configure:5349: checking for xcrun ld -arch armv7s option to reload object files
configure:5356: result: -r
configure:5390: checking for armv7s-apple-darwin-objdump
configure:5417: result: objdump
configure:5486: checking how to recognize dependent libraries
configure:5688: result: pass_all
configure:5733: checking for armv7s-apple-darwin-dlltool
configure:5760: result: dlltool
configure:5830: checking how to associate runtime and link libraries
configure:5857: result: printf %s\n
configure:5874: checking for armv7s-apple-darwin-ar
configure:5901: result: xcrun ar
configure:5982: checking for archiver @FILE support
configure:5999: xcrun clang -std=c99  -arch armv7s  -isysroot /Applications/Xcode.app/Contents/Developer/Platforms/iPhoneOS.platform/Developer/SDKs/iPhoneOS7.0.sdk -miphoneos-version-min=4.0 -DTARGET_OS_IPHONE=1 -D__IOS -fms-extensions -c -g -O2 -Dasm=__asm conftest.c >&5
configure:5999: $? = 0
configure:6002: xcrun ar cru libconftest.a @conftest.lst >&5
ar: @conftest.lst: No such file or directory
configure:6005: $? = 1
configure:6025: result: no
configure:6043: checking for armv7s-apple-darwin-strip
configure:6070: result: xcrun strip
configure:6142: checking for armv7s-apple-darwin-ranlib
configure:6169: result: xcrun ranlib
configure:6311: checking command to parse xcrun nm output from xcrun clang -std=c99  -arch armv7s  -isysroot /Applications/Xcode.app/Contents/Developer/Platforms/iPhoneOS.platform/Developer/SDKs/iPhoneOS7.0.sdk -miphoneos-version-min=4.0 -DTARGET_OS_IPHONE=1 -D__IOS -fms-extensions object
configure:6431: xcrun clang -std=c99  -arch armv7s  -isysroot /Applications/Xcode.app/Contents/Developer/Platforms/iPhoneOS.platform/Developer/SDKs/iPhoneOS7.0.sdk -miphoneos-version-min=4.0 -DTARGET_OS_IPHONE=1 -D__IOS -fms-extensions -c -g -O2 -Dasm=__asm conftest.c >&5
configure:6434: $? = 0
configure:6438: xcrun nm conftest.o \| sed -n -e 's/^.*[ ]\([BCDEGRST][BCDEGRST]*\)[ ][ ]*\([_A-Za-z][_A-Za-z0-9]*\)$/\1 \2 \2/p' | sed '/ __gnu_lto/d' \> conftest.nm
configure:6441: $? = 0
cannot find nm_test_var in conftest.nm
configure:6431: xcrun clang -std=c99  -arch armv7s  -isysroot /Applications/Xcode.app/Contents/Developer/Platforms/iPhoneOS.platform/Developer/SDKs/iPhoneOS7.0.sdk -miphoneos-version-min=4.0 -DTARGET_OS_IPHONE=1 -D__IOS -fms-extensions -c -g -O2 -Dasm=__asm conftest.c >&5
configure:6434: $? = 0
configure:6438: xcrun nm conftest.o \| sed -n -e 's/^.*[ ]\([BCDEGRST][BCDEGRST]*\)[ ][ ]*_\([_A-Za-z][_A-Za-z0-9]*\)$/\1 _\2 \2/p' | sed '/ __gnu_lto/d' \> conftest.nm
configure:6441: $? = 0
configure:6507: xcrun clang -std=c99  -arch armv7s  -isysroot /Applications/Xcode.app/Contents/Developer/Platforms/iPhoneOS.platform/Developer/SDKs/iPhoneOS7.0.sdk -miphoneos-version-min=4.0 -DTARGET_OS_IPHONE=1 -D__IOS -fms-extensions -o conftest -g -O2 -Dasm=__asm  conftest.c conftstm.o >&5
configure:6510: $? = 0
configure:6548: result: ok
configure:6585: checking for sysroot
configure:6615: result: no
configure:6831: checking for armv7s-apple-darwin-mt
configure:6861: result: no
configure:6871: checking for mt
configure:6901: result: no
configure:6921: checking if : is a manifest tool
configure:6927: : '-?'
configure:6935: result: no
configure:6951: checking for armv7s-apple-darwin-dsymutil
configure:6981: result: no
configure:6991: checking for dsymutil
configure:7007: found /usr/bin/dsymutil
configure:7018: result: dsymutil
configure:7030: WARNING: using cross tools not prefixed with host triplet
configure:7043: checking for armv7s-apple-darwin-nmedit
configure:7073: result: no
configure:7083: checking for nmedit
configure:7099: found /usr/bin/nmedit
configure:7110: result: nmedit
configure:7135: checking for armv7s-apple-darwin-lipo
configure:7165: result: no
configure:7175: checking for lipo
configure:7191: found /usr/bin/lipo
configure:7202: result: lipo
configure:7227: checking for armv7s-apple-darwin-otool
configure:7257: result: no
configure:7267: checking for otool
configure:7283: found /usr/bin/otool
configure:7294: result: otool
configure:7319: checking for armv7s-apple-darwin-otool64
configure:7349: result: no
configure:7359: checking for otool64
configure:7389: result: no
configure:7434: checking for -single_module linker flag
xcrun clang -std=c99  -arch armv7s  -isysroot /Applications/Xcode.app/Contents/Developer/Platforms/iPhoneOS.platform/Developer/SDKs/iPhoneOS7.0.sdk -miphoneos-version-min=4.0 -DTARGET_OS_IPHONE=1 -D__IOS -fms-extensions -g -O2  -o libconftest.dylib -dynamiclib -Wl,-single_module conftest.c
configure:7467: result: yes
configure:7470: checking for -exported_symbols_list linker flag
configure:7490: xcrun clang -std=c99  -arch armv7s  -isysroot /Applications/Xcode.app/Contents/Developer/Platforms/iPhoneOS.platform/Developer/SDKs/iPhoneOS7.0.sdk -miphoneos-version-min=4.0 -DTARGET_OS_IPHONE=1 -D__IOS -fms-extensions -o conftest -g -O2 -Dasm=__asm  -Wl,-exported_symbols_list,conftest.sym conftest.c  >&5
configure:7490: $? = 0
configure:7500: result: yes
configure:7503: checking for -force_load linker flag
xcrun clang -std=c99  -arch armv7s  -isysroot /Applications/Xcode.app/Contents/Developer/Platforms/iPhoneOS.platform/Developer/SDKs/iPhoneOS7.0.sdk -miphoneos-version-min=4.0 -DTARGET_OS_IPHONE=1 -D__IOS -fms-extensions -g -O2 -c -o conftest.o conftest.c
xcrun ar cru libconftest.a conftest.o
xcrun ranlib libconftest.a
xcrun clang -std=c99  -arch armv7s  -isysroot /Applications/Xcode.app/Contents/Developer/Platforms/iPhoneOS.platform/Developer/SDKs/iPhoneOS7.0.sdk -miphoneos-version-min=4.0 -DTARGET_OS_IPHONE=1 -D__IOS -fms-extensions -g -O2  -o conftest conftest.c -Wl,-force_load,./libconftest.a
configure:7535: result: yes
configure:7577: checking how to run the C preprocessor
configure:7608: xcrun clang -std=c99  -arch armv7s  -isysroot /Applications/Xcode.app/Contents/Developer/Platforms/iPhoneOS.platform/Developer/SDKs/iPhoneOS7.0.sdk -miphoneos-version-min=4.0 -DTARGET_OS_IPHONE=1 -D__IOS -fms-extensions -E -Dasm=__asm conftest.c
configure:7608: $? = 0
configure:7622: xcrun clang -std=c99  -arch armv7s  -isysroot /Applications/Xcode.app/Contents/Developer/Platforms/iPhoneOS.platform/Developer/SDKs/iPhoneOS7.0.sdk -miphoneos-version-min=4.0 -DTARGET_OS_IPHONE=1 -D__IOS -fms-extensions -E -Dasm=__asm conftest.c
conftest.c:11:10: fatal error: 'ac_nonexistent.h' file not found
#include <ac_nonexistent.h>
         ^
1 error generated.
configure:7622: $? = 1
configure: failed program was:
| /* confdefs.h */
| #define PACKAGE_NAME "msilbc"
| #define PACKAGE_TARNAME "msilbc"
| #define PACKAGE_VERSION "2.1.0"
| #define PACKAGE_STRING "msilbc 2.1.0"
| #define PACKAGE_BUGREPORT ""
| #define PACKAGE_URL ""
| #define PACKAGE "msilbc"
| #define VERSION "2.1.0"
| /* end confdefs.h.  */
| #include <ac_nonexistent.h>
configure:7647: result: xcrun clang -std=c99  -arch armv7s  -isysroot /Applications/Xcode.app/Contents/Developer/Platforms/iPhoneOS.platform/Developer/SDKs/iPhoneOS7.0.sdk -miphoneos-version-min=4.0 -DTARGET_OS_IPHONE=1 -D__IOS -fms-extensions -E
configure:7667: xcrun clang -std=c99  -arch armv7s  -isysroot /Applications/Xcode.app/Contents/Developer/Platforms/iPhoneOS.platform/Developer/SDKs/iPhoneOS7.0.sdk -miphoneos-version-min=4.0 -DTARGET_OS_IPHONE=1 -D__IOS -fms-extensions -E -Dasm=__asm conftest.c
configure:7667: $? = 0
configure:7681: xcrun clang -std=c99  -arch armv7s  -isysroot /Applications/Xcode.app/Contents/Developer/Platforms/iPhoneOS.platform/Developer/SDKs/iPhoneOS7.0.sdk -miphoneos-version-min=4.0 -DTARGET_OS_IPHONE=1 -D__IOS -fms-extensions -E -Dasm=__asm conftest.c
conftest.c:11:10: fatal error: 'ac_nonexistent.h' file not found
#include <ac_nonexistent.h>
         ^
1 error generated.
configure:7681: $? = 1
configure: failed program was:
| /* confdefs.h */
| #define PACKAGE_NAME "msilbc"
| #define PACKAGE_TARNAME "msilbc"
| #define PACKAGE_VERSION "2.1.0"
| #define PACKAGE_STRING "msilbc 2.1.0"
| #define PACKAGE_BUGREPORT ""
| #define PACKAGE_URL ""
| #define PACKAGE "msilbc"
| #define VERSION "2.1.0"
| /* end confdefs.h.  */
| #include <ac_nonexistent.h>
configure:7710: checking for ANSI C header files
configure:7730: xcrun clang -std=c99  -arch armv7s  -isysroot /Applications/Xcode.app/Contents/Developer/Platforms/iPhoneOS.platform/Developer/SDKs/iPhoneOS7.0.sdk -miphoneos-version-min=4.0 -DTARGET_OS_IPHONE=1 -D__IOS -fms-extensions -c -g -O2 -Dasm=__asm conftest.c >&5
configure:7730: $? = 0
configure:7814: result: yes
configure:7827: checking for sys/types.h
configure:7827: xcrun clang -std=c99  -arch armv7s  -isysroot /Applications/Xcode.app/Contents/Developer/Platforms/iPhoneOS.platform/Developer/SDKs/iPhoneOS7.0.sdk -miphoneos-version-min=4.0 -DTARGET_OS_IPHONE=1 -D__IOS -fms-extensions -c -g -O2 -Dasm=__asm conftest.c >&5
configure:7827: $? = 0
configure:7827: result: yes
configure:7827: checking for sys/stat.h
configure:7827: xcrun clang -std=c99  -arch armv7s  -isysroot /Applications/Xcode.app/Contents/Developer/Platforms/iPhoneOS.platform/Developer/SDKs/iPhoneOS7.0.sdk -miphoneos-version-min=4.0 -DTARGET_OS_IPHONE=1 -D__IOS -fms-extensions -c -g -O2 -Dasm=__asm conftest.c >&5
configure:7827: $? = 0
configure:7827: result: yes
configure:7827: checking for stdlib.h
configure:7827: xcrun clang -std=c99  -arch armv7s  -isysroot /Applications/Xcode.app/Contents/Developer/Platforms/iPhoneOS.platform/Developer/SDKs/iPhoneOS7.0.sdk -miphoneos-version-min=4.0 -DTARGET_OS_IPHONE=1 -D__IOS -fms-extensions -c -g -O2 -Dasm=__asm conftest.c >&5
configure:7827: $? = 0
configure:7827: result: yes
configure:7827: checking for string.h
configure:7827: xcrun clang -std=c99  -arch armv7s  -isysroot /Applications/Xcode.app/Contents/Developer/Platforms/iPhoneOS.platform/Developer/SDKs/iPhoneOS7.0.sdk -miphoneos-version-min=4.0 -DTARGET_OS_IPHONE=1 -D__IOS -fms-extensions -c -g -O2 -Dasm=__asm conftest.c >&5
configure:7827: $? = 0
configure:7827: result: yes
configure:7827: checking for memory.h
configure:7827: xcrun clang -std=c99  -arch armv7s  -isysroot /Applications/Xcode.app/Contents/Developer/Platforms/iPhoneOS.platform/Developer/SDKs/iPhoneOS7.0.sdk -miphoneos-version-min=4.0 -DTARGET_OS_IPHONE=1 -D__IOS -fms-extensions -c -g -O2 -Dasm=__asm conftest.c >&5
configure:7827: $? = 0
configure:7827: result: yes
configure:7827: checking for strings.h
configure:7827: xcrun clang -std=c99  -arch armv7s  -isysroot /Applications/Xcode.app/Contents/Developer/Platforms/iPhoneOS.platform/Developer/SDKs/iPhoneOS7.0.sdk -miphoneos-version-min=4.0 -DTARGET_OS_IPHONE=1 -D__IOS -fms-extensions -c -g -O2 -Dasm=__asm conftest.c >&5
configure:7827: $? = 0
configure:7827: result: yes
configure:7827: checking for inttypes.h
configure:7827: xcrun clang -std=c99  -arch armv7s  -isysroot /Applications/Xcode.app/Contents/Developer/Platforms/iPhoneOS.platform/Developer/SDKs/iPhoneOS7.0.sdk -miphoneos-version-min=4.0 -DTARGET_OS_IPHONE=1 -D__IOS -fms-extensions -c -g -O2 -Dasm=__asm conftest.c >&5
configure:7827: $? = 0
configure:7827: result: yes
configure:7827: checking for stdint.h
configure:7827: xcrun clang -std=c99  -arch armv7s  -isysroot /Applications/Xcode.app/Contents/Developer/Platforms/iPhoneOS.platform/Developer/SDKs/iPhoneOS7.0.sdk -miphoneos-version-min=4.0 -DTARGET_OS_IPHONE=1 -D__IOS -fms-extensions -c -g -O2 -Dasm=__asm conftest.c >&5
configure:7827: $? = 0
configure:7827: result: yes
configure:7827: checking for unistd.h
configure:7827: xcrun clang -std=c99  -arch armv7s  -isysroot /Applications/Xcode.app/Contents/Developer/Platforms/iPhoneOS.platform/Developer/SDKs/iPhoneOS7.0.sdk -miphoneos-version-min=4.0 -DTARGET_OS_IPHONE=1 -D__IOS -fms-extensions -c -g -O2 -Dasm=__asm conftest.c >&5
configure:7827: $? = 0
configure:7827: result: yes
configure:7841: checking for dlfcn.h
configure:7841: xcrun clang -std=c99  -arch armv7s  -isysroot /Applications/Xcode.app/Contents/Developer/Platforms/iPhoneOS.platform/Developer/SDKs/iPhoneOS7.0.sdk -miphoneos-version-min=4.0 -DTARGET_OS_IPHONE=1 -D__IOS -fms-extensions -c -g -O2 -Dasm=__asm conftest.c >&5
configure:7841: $? = 0
configure:7841: result: yes
configure:8044: checking for objdir
configure:8059: result: .libs
configure:8326: checking if xcrun clang -std=c99  -arch armv7s  -isysroot /Applications/Xcode.app/Contents/Developer/Platforms/iPhoneOS.platform/Developer/SDKs/iPhoneOS7.0.sdk -miphoneos-version-min=4.0 -DTARGET_OS_IPHONE=1 -D__IOS -fms-extensions supports -fno-rtti -fno-exceptions
configure:8344: xcrun clang -std=c99  -arch armv7s  -isysroot /Applications/Xcode.app/Contents/Developer/Platforms/iPhoneOS.platform/Developer/SDKs/iPhoneOS7.0.sdk -miphoneos-version-min=4.0 -DTARGET_OS_IPHONE=1 -D__IOS -fms-extensions -c -g -O2 -Dasm=__asm -fno-rtti -fno-exceptions conftest.c >&5
configure:8348: $? = 0
configure:8361: result: yes
configure:8688: checking for xcrun clang -std=c99  -arch armv7s  -isysroot /Applications/Xcode.app/Contents/Developer/Platforms/iPhoneOS.platform/Developer/SDKs/iPhoneOS7.0.sdk -miphoneos-version-min=4.0 -DTARGET_OS_IPHONE=1 -D__IOS -fms-extensions option to produce PIC
configure:8695: result: -fno-common -DPIC
configure:8703: checking if xcrun clang -std=c99  -arch armv7s  -isysroot /Applications/Xcode.app/Contents/Developer/Platforms/iPhoneOS.platform/Developer/SDKs/iPhoneOS7.0.sdk -miphoneos-version-min=4.0 -DTARGET_OS_IPHONE=1 -D__IOS -fms-extensions PIC flag -fno-common -DPIC works
configure:8721: xcrun clang -std=c99  -arch armv7s  -isysroot /Applications/Xcode.app/Contents/Developer/Platforms/iPhoneOS.platform/Developer/SDKs/iPhoneOS7.0.sdk -miphoneos-version-min=4.0 -DTARGET_OS_IPHONE=1 -D__IOS -fms-extensions -c -g -O2 -Dasm=__asm -fno-common -DPIC -DPIC conftest.c >&5
configure:8725: $? = 0
configure:8738: result: yes
configure:8767: checking if xcrun clang -std=c99  -arch armv7s  -isysroot /Applications/Xcode.app/Contents/Developer/Platforms/iPhoneOS.platform/Developer/SDKs/iPhoneOS7.0.sdk -miphoneos-version-min=4.0 -DTARGET_OS_IPHONE=1 -D__IOS -fms-extensions static flag -static works
configure:8795: result: no
configure:8810: checking if xcrun clang -std=c99  -arch armv7s  -isysroot /Applications/Xcode.app/Contents/Developer/Platforms/iPhoneOS.platform/Developer/SDKs/iPhoneOS7.0.sdk -miphoneos-version-min=4.0 -DTARGET_OS_IPHONE=1 -D__IOS -fms-extensions supports -c -o file.o
configure:8831: xcrun clang -std=c99  -arch armv7s  -isysroot /Applications/Xcode.app/Contents/Developer/Platforms/iPhoneOS.platform/Developer/SDKs/iPhoneOS7.0.sdk -miphoneos-version-min=4.0 -DTARGET_OS_IPHONE=1 -D__IOS -fms-extensions -c -g -O2 -Dasm=__asm -o out/conftest2.o conftest.c >&5
configure:8835: $? = 0
configure:8857: result: yes
configure:8865: checking if xcrun clang -std=c99  -arch armv7s  -isysroot /Applications/Xcode.app/Contents/Developer/Platforms/iPhoneOS.platform/Developer/SDKs/iPhoneOS7.0.sdk -miphoneos-version-min=4.0 -DTARGET_OS_IPHONE=1 -D__IOS -fms-extensions supports -c -o file.o
configure:8912: result: yes
configure:8945: checking whether the xcrun clang -std=c99  -arch armv7s  -isysroot /Applications/Xcode.app/Contents/Developer/Platforms/iPhoneOS.platform/Developer/SDKs/iPhoneOS7.0.sdk -miphoneos-version-min=4.0 -DTARGET_OS_IPHONE=1 -D__IOS -fms-extensions linker (xcrun ld -arch armv7s) supports shared libraries
configure:10098: result: yes
configure:10338: checking dynamic linker characteristics
configure:11071: result: darwin dyld
configure:11178: checking how to hardcode library paths into programs
configure:11203: result: immediate
configure:11743: checking whether stripping libraries is possible
configure:11757: result: yes
configure:11783: checking if libtool supports shared libraries
configure:11785: result: yes
configure:11788: checking whether to build shared libraries
configure:11809: result: no
configure:11812: checking whether to build static libraries
configure:11816: result: yes
configure:11884: checking for armv7s-apple-darwin-pkg-config
configure:11917: result: no
configure:11927: checking for pkg-config
configure:11945: found /opt/local/bin/pkg-config
configure:11957: result: /opt/local/bin/pkg-config
configure:11982: checking pkg-config is at least version 0.9.0
configure:11985: result: yes
configure:11995: checking for ORTP
configure:12002: $PKG_CONFIG --exists --print-errors "ortp >= 0.16.0"
configure:12005: $? = 0
configure:12019: $PKG_CONFIG --exists --print-errors "ortp >= 0.16.0"
configure:12022: $? = 0
configure:12080: result: yes
configure:12086: checking for MEDIASTREAMER
configure:12093: $PKG_CONFIG --exists --print-errors "mediastreamer >= 2.0.0"
configure:12096: $? = 0
configure:12110: $PKG_CONFIG --exists --print-errors "mediastreamer >= 2.0.0"
configure:12113: $? = 0
configure:12171: result: yes
configure:12177: checking for ILBC
configure:12184: $PKG_CONFIG --exists --print-errors "ilbc >= 0.0.0"
configure:12187: $? = 0
configure:12201: $PKG_CONFIG --exists --print-errors "ilbc >= 0.0.0"
configure:12204: $? = 0
configure:12262: result: yes
configure:12415: checking that generated files are newer than configure
configure:12421: result: done
configure:12448: creating ./config.status

## ---------------------- ##
## Running config.status. ##
## ---------------------- ##

This file was extended by msilbc config.status 2.1.0, which was
generated by GNU Autoconf 2.69.  Invocation command line was

  CONFIG_FILES    = 
  CONFIG_HEADERS  = 
  CONFIG_LINKS    = 
  CONFIG_COMMANDS = 
  $ ./config.status 

on new-host-3.home

config.status:1026: creating Makefile
config.status:1026: creating msilbc.iss
config.status:1026: creating msilbc.spec
config.status:1183: executing depfiles commands
config.status:1183: executing libtool commands
config.status:1183: executing libtool-hacking commands

## ---------------- ##
## Cache variables. ##
## ---------------- ##

ac_cv_build=x86_64-apple-darwin12.5.0
ac_cv_c_compiler_gnu=yes
ac_cv_env_CC_set=
ac_cv_env_CC_value=
ac_cv_env_CFLAGS_set=
ac_cv_env_CFLAGS_value=
ac_cv_env_CPPFLAGS_set=
ac_cv_env_CPPFLAGS_value=
ac_cv_env_CPP_set=
ac_cv_env_CPP_value=
ac_cv_env_ILBC_CFLAGS_set=
ac_cv_env_ILBC_CFLAGS_value=
ac_cv_env_ILBC_LIBS_set=
ac_cv_env_ILBC_LIBS_value=
ac_cv_env_LDFLAGS_set=
ac_cv_env_LDFLAGS_value=
ac_cv_env_LIBS_set=
ac_cv_env_LIBS_value=
ac_cv_env_MEDIASTREAMER_CFLAGS_set=
ac_cv_env_MEDIASTREAMER_CFLAGS_value=
ac_cv_env_MEDIASTREAMER_LIBS_set=
ac_cv_env_MEDIASTREAMER_LIBS_value=
ac_cv_env_MSILBC_CFLAGS_set=
ac_cv_env_MSILBC_CFLAGS_value=
ac_cv_env_ORTP_CFLAGS_set=
ac_cv_env_ORTP_CFLAGS_value=
ac_cv_env_ORTP_LIBS_set=
ac_cv_env_ORTP_LIBS_value=
ac_cv_env_PKG_CONFIG_LIBDIR_set=set
ac_cv_env_PKG_CONFIG_LIBDIR_value=/Users/karimjimo/Downloads/linphone-iphone/submodules/build/..//../liblinphone-sdk/armv7s-apple-darwin/lib/pkgconfig
ac_cv_env_PKG_CONFIG_PATH_set=
ac_cv_env_PKG_CONFIG_PATH_value=
ac_cv_env_PKG_CONFIG_set=
ac_cv_env_PKG_CONFIG_value=
ac_cv_env_build_alias_set=
ac_cv_env_build_alias_value=
ac_cv_env_host_alias_set=set
ac_cv_env_host_alias_value=armv7s-apple-darwin
ac_cv_env_target_alias_set=
ac_cv_env_target_alias_value=
ac_cv_header_dlfcn_h=yes
ac_cv_header_inttypes_h=yes
ac_cv_header_memory_h=yes
ac_cv_header_stdc=yes
ac_cv_header_stdint_h=yes
ac_cv_header_stdlib_h=yes
ac_cv_header_string_h=yes
ac_cv_header_strings_h=yes
ac_cv_header_sys_stat_h=yes
ac_cv_header_sys_types_h=yes
ac_cv_header_unistd_h=yes
ac_cv_host=armv7s-apple-darwin
ac_cv_objext=o
ac_cv_path_EGREP='/opt/local/bin/grep -E'
ac_cv_path_FGREP='/opt/local/bin/grep -F'
ac_cv_path_GREP=/opt/local/bin/grep
ac_cv_path_SED=/usr/bin/sed
ac_cv_path_ac_pt_PKG_CONFIG=/opt/local/bin/pkg-config
ac_cv_path_install='/opt/local/bin/ginstall -c'
ac_cv_path_mkdir=/opt/local/bin/gmkdir
ac_cv_prog_AR='xcrun ar'
ac_cv_prog_AWK=awk
ac_cv_prog_CC='xcrun clang -std=c99  -arch armv7s  -isysroot /Applications/Xcode.app/Contents/Developer/Platforms/iPhoneOS.platform/Developer/SDKs/iPhoneOS7.0.sdk -miphoneos-version-min=4.0 -DTARGET_OS_IPHONE=1 -D__IOS -fms-extensions'
ac_cv_prog_CPP='xcrun clang -std=c99  -arch armv7s  -isysroot /Applications/Xcode.app/Contents/Developer/Platforms/iPhoneOS.platform/Developer/SDKs/iPhoneOS7.0.sdk -miphoneos-version-min=4.0 -DTARGET_OS_IPHONE=1 -D__IOS -fms-extensions -E'
ac_cv_prog_DLLTOOL=dlltool
ac_cv_prog_OBJDUMP=objdump
ac_cv_prog_RANLIB='xcrun ranlib'
ac_cv_prog_STRIP='xcrun strip'
ac_cv_prog_ac_ct_DSYMUTIL=dsymutil
ac_cv_prog_ac_ct_LIPO=lipo
ac_cv_prog_ac_ct_NMEDIT=nmedit
ac_cv_prog_ac_ct_OTOOL=otool
ac_cv_prog_cc_c89=
ac_cv_prog_cc_g=yes
ac_cv_prog_make_make_set=yes
ac_cv_target=armv7s-apple-darwin
am_cv_CC_dependencies_compiler_type=gcc3
am_cv_make_support_nested_variables=yes
am_cv_prog_cc_c_o=yes
am_cv_prog_tar_ustar=gnutar
lt_cv_apple_cc_single_mod=yes
lt_cv_ar_at_file=no
lt_cv_deplibs_check_method=pass_all
lt_cv_file_magic_cmd='$MAGIC_CMD'
lt_cv_file_magic_test_file=
lt_cv_ld_exported_symbols_list=yes
lt_cv_ld_force_load=yes
lt_cv_ld_reload_flag=-r
lt_cv_nm_interface='BSD nm'
lt_cv_objdir=.libs
lt_cv_path_LD='xcrun ld -arch armv7s'
lt_cv_path_NM='xcrun nm'
lt_cv_path_mainfest_tool=no
lt_cv_prog_compiler_c_o=yes
lt_cv_prog_compiler_pic='-fno-common -DPIC'
lt_cv_prog_compiler_pic_works=yes
lt_cv_prog_compiler_rtti_exceptions=yes
lt_cv_prog_compiler_static_works=no
lt_cv_prog_gnu_ld=no
lt_cv_sharedlib_from_linklib_cmd='printf %s\n'
lt_cv_sys_global_symbol_pipe='sed -n -e '\''s/^.*[	 ]\([BCDEGRST][BCDEGRST]*\)[	 ][	 ]*_\([_A-Za-z][_A-Za-z0-9]*\)$/\1 _\2 \2/p'\'' | sed '\''/ __gnu_lto/d'\'''
lt_cv_sys_global_symbol_to_c_name_address='sed -n -e '\''s/^: \([^ ]*\)[ ]*$/  {\"\1\", (void *) 0},/p'\'' -e '\''s/^[BCDEGRST]* \([^ ]*\) \([^ ]*\)$/  {"\2", (void *) \&\2},/p'\'''
lt_cv_sys_global_symbol_to_c_name_address_lib_prefix='sed -n -e '\''s/^: \([^ ]*\)[ ]*$/  {\"\1\", (void *) 0},/p'\'' -e '\''s/^[BCDEGRST]* \([^ ]*\) \(lib[^ ]*\)$/  {"\2", (void *) \&\2},/p'\'' -e '\''s/^[BCDEGRST]* \([^ ]*\) \([^ ]*\)$/  {"lib\2", (void *) \&\2},/p'\'''
lt_cv_sys_global_symbol_to_cdecl='sed -n -e '\''s/^T .* \(.*\)$/extern int \1();/p'\'' -e '\''s/^[BCDEGRST]* .* \(.*\)$/extern char \1;/p'\'''
lt_cv_sys_max_cmd_len=196608
lt_cv_to_host_file_cmd=func_convert_file_noop
lt_cv_to_tool_file_cmd=func_convert_file_noop
pkg_cv_ILBC_CFLAGS='-I/Users/karimjimo/Downloads/linphone-iphone/submodules/build/..//../liblinphone-sdk/armv7s-apple-darwin/include/ilbc '
pkg_cv_ILBC_LIBS='-L/Users/karimjimo/Downloads/linphone-iphone/submodules/build/..//../liblinphone-sdk/armv7s-apple-darwin/lib -lilbc '
pkg_cv_MEDIASTREAMER_CFLAGS='-DMS_FIXED_POINT -D_REENTRANT -DORTP_INET6 -I/Users/karimjimo/Downloads/linphone-iphone/submodules/build/..//../liblinphone-sdk/armv7s-apple-darwin/include -I/Users/karimjimo/Downloads/linphone-iphone/submodules/build/..//../liblinphone-sdk/armv7s-apple-darwin/include/srtp '
pkg_cv_MEDIASTREAMER_LIBS='-L/Users/karimjimo/Downloads/linphone-iphone/submodules/build/..//../liblinphone-sdk/armv7s-apple-darwin/lib -lmediastreamer_base -lmediastreamer_voip -lortp -lpthread -lsrtp '
pkg_cv_ORTP_CFLAGS='-D_REENTRANT -DORTP_INET6 -I/Users/karimjimo/Downloads/linphone-iphone/submodules/build/..//../liblinphone-sdk/armv7s-apple-darwin/include -I/Users/karimjimo/Downloads/linphone-iphone/submodules/build/..//../liblinphone-sdk/armv7s-apple-darwin/include/srtp '
pkg_cv_ORTP_LIBS='-L/Users/karimjimo/Downloads/linphone-iphone/submodules/build/..//../liblinphone-sdk/armv7s-apple-darwin/lib -lortp -lpthread -lsrtp '

## ----------------- ##
## Output variables. ##
## ----------------- ##

ACLOCAL='${SHELL} /Users/karimjimo/Downloads/linphone-iphone/submodules/msilbc/build-aux/missing aclocal-1.14'
AMDEPBACKSLASH='\'
AMDEP_FALSE='#'
AMDEP_TRUE=''
AMTAR='$${TAR-tar}'
AM_BACKSLASH='\'
AM_DEFAULT_V='$(AM_DEFAULT_VERBOSITY)'
AM_DEFAULT_VERBOSITY='1'
AM_V='$(V)'
AR='xcrun ar'
AS='as'
AUTOCONF='${SHELL} /Users/karimjimo/Downloads/linphone-iphone/submodules/msilbc/build-aux/missing autoconf'
AUTOHEADER='${SHELL} /Users/karimjimo/Downloads/linphone-iphone/submodules/msilbc/build-aux/missing autoheader'
AUTOMAKE='${SHELL} /Users/karimjimo/Downloads/linphone-iphone/submodules/msilbc/build-aux/missing automake-1.14'
AWK='awk'
BUILD_WIN32_FALSE=''
BUILD_WIN32_TRUE='#'
CC='xcrun clang -std=c99  -arch armv7s  -isysroot /Applications/Xcode.app/Contents/Developer/Platforms/iPhoneOS.platform/Developer/SDKs/iPhoneOS7.0.sdk -miphoneos-version-min=4.0 -DTARGET_OS_IPHONE=1 -D__IOS -fms-extensions'
CCDEPMODE='depmode=gcc3'
CFLAGS='-g -O2'
CPP='xcrun clang -std=c99  -arch armv7s  -isysroot /Applications/Xcode.app/Contents/Developer/Platforms/iPhoneOS.platform/Developer/SDKs/iPhoneOS7.0.sdk -miphoneos-version-min=4.0 -DTARGET_OS_IPHONE=1 -D__IOS -fms-extensions -E'
CPPFLAGS='-Dasm=__asm'
CYGPATH_W='echo'
DEFS='-DPACKAGE_NAME=\"msilbc\" -DPACKAGE_TARNAME=\"msilbc\" -DPACKAGE_VERSION=\"2.1.0\" -DPACKAGE_STRING=\"msilbc\ 2.1.0\" -DPACKAGE_BUGREPORT=\"\" -DPACKAGE_URL=\"\" -DPACKAGE=\"msilbc\" -DVERSION=\"2.1.0\" -DSTDC_HEADERS=1 -DHAVE_SYS_TYPES_H=1 -DHAVE_SYS_STAT_H=1 -DHAVE_STDLIB_H=1 -DHAVE_STRING_H=1 -DHAVE_MEMORY_H=1 -DHAVE_STRINGS_H=1 -DHAVE_INTTYPES_H=1 -DHAVE_STDINT_H=1 -DHAVE_UNISTD_H=1 -DHAVE_DLFCN_H=1 -DLT_OBJDIR=\".libs/\"'
DEPDIR='.deps'
DLLTOOL='dlltool'
DSYMUTIL='dsymutil'
DUMPBIN=''
ECHO_C='\c'
ECHO_N=''
ECHO_T=''
EGREP='/opt/local/bin/grep -E'
EXEEXT=''
FGREP='/opt/local/bin/grep -F'
GREP='/opt/local/bin/grep'
ILBC_CFLAGS='-I/Users/karimjimo/Downloads/linphone-iphone/submodules/build/..//../liblinphone-sdk/armv7s-apple-darwin/include/ilbc '
ILBC_LIBS='-L/Users/karimjimo/Downloads/linphone-iphone/submodules/build/..//../liblinphone-sdk/armv7s-apple-darwin/lib -lilbc '
INSTALL_DATA='ginstall -C'
INSTALL_PROGRAM='${INSTALL}'
INSTALL_SCRIPT='${INSTALL}'
INSTALL_STRIP_PROGRAM='$(install_sh) -c -s'
LD='xcrun ld -arch armv7s'
LDFLAGS=''
LIBOBJS=''
LIBS=''
LIBTOOL='$(SHELL) $(top_builddir)/libtool'
LIPO='lipo'
LN_S='ln -s'
LTLIBOBJS=''
MAKEINFO='${SHELL} /Users/karimjimo/Downloads/linphone-iphone/submodules/msilbc/build-aux/missing makeinfo'
MANIFEST_TOOL=':'
MEDIASTREAMER_CFLAGS='-DMS_FIXED_POINT -D_REENTRANT -DORTP_INET6 -I/Users/karimjimo/Downloads/linphone-iphone/submodules/build/..//../liblinphone-sdk/armv7s-apple-darwin/include -I/Users/karimjimo/Downloads/linphone-iphone/submodules/build/..//../liblinphone-sdk/armv7s-apple-darwin/include/srtp '
MEDIASTREAMER_LIBS='-L/Users/karimjimo/Downloads/linphone-iphone/submodules/build/..//../liblinphone-sdk/armv7s-apple-darwin/lib -lmediastreamer_base -lmediastreamer_voip -lortp -lpthread -lsrtp '
MKDIR_P='/opt/local/bin/gmkdir -p'
MSILBC_CFLAGS=''
NM='xcrun nm'
NMEDIT='nmedit'
OBJDUMP='objdump'
OBJEXT='o'
ORTP_CFLAGS='-D_REENTRANT -DORTP_INET6 -I/Users/karimjimo/Downloads/linphone-iphone/submodules/build/..//../liblinphone-sdk/armv7s-apple-darwin/include -I/Users/karimjimo/Downloads/linphone-iphone/submodules/build/..//../liblinphone-sdk/armv7s-apple-darwin/include/srtp '
ORTP_LIBS='-L/Users/karimjimo/Downloads/linphone-iphone/submodules/build/..//../liblinphone-sdk/armv7s-apple-darwin/lib -lortp -lpthread -lsrtp '
OTOOL64=':'
OTOOL='otool'
PACKAGE='msilbc'
PACKAGE_BUGREPORT=''
PACKAGE_NAME='msilbc'
PACKAGE_STRING='msilbc 2.1.0'
PACKAGE_TARNAME='msilbc'
PACKAGE_URL=''
PACKAGE_VERSION='2.1.0'
PATH_SEPARATOR=':'
PKG_CONFIG='/opt/local/bin/pkg-config'
PKG_CONFIG_LIBDIR='/Users/karimjimo/Downloads/linphone-iphone/submodules/build/..//../liblinphone-sdk/armv7s-apple-darwin/lib/pkgconfig'
PKG_CONFIG_PATH=''
RANLIB='xcrun ranlib'
SED='/usr/bin/sed'
SET_MAKE=''
SHELL='/bin/sh'
STRIP='xcrun strip'
VERSION='2.1.0'
ac_ct_AR=''
ac_ct_CC=''
ac_ct_DUMPBIN=''
am__EXEEXT_FALSE=''
am__EXEEXT_TRUE='#'
am__fastdepCC_FALSE='#'
am__fastdepCC_TRUE=''
am__include='include'
am__isrc=' -I$(srcdir)'
am__leading_dot='.'
am__nodep='_no'
am__quote=''
am__tar='tar --format=ustar -chf - "$$tardir"'
am__untar='tar -xf -'
bindir='${exec_prefix}/bin'
build='x86_64-apple-darwin12.5.0'
build_alias=''
build_cpu='x86_64'
build_os='darwin12.5.0'
build_vendor='apple'
datadir='${datarootdir}'
datarootdir='${prefix}/share'
docdir='${datarootdir}/doc/${PACKAGE_TARNAME}'
dvidir='${docdir}'
exec_prefix='${prefix}'
host='armv7s-apple-darwin'
host_alias='armv7s-apple-darwin'
host_cpu='armv7s'
host_os='darwin'
host_vendor='apple'
htmldir='${docdir}'
includedir='${prefix}/include'
infodir='${datarootdir}/info'
install_sh='${SHELL} /Users/karimjimo/Downloads/linphone-iphone/submodules/msilbc/build-aux/install-sh'
libdir='${exec_prefix}/lib'
libexecdir='${exec_prefix}/libexec'
localedir='${datarootdir}/locale'
localstatedir='${prefix}/var'
mandir='${datarootdir}/man'
mkdir_p='$(MKDIR_P)'
oldincludedir='/usr/include'
pdfdir='${docdir}'
prefix='/Users/karimjimo/Downloads/linphone-iphone/submodules/build/..//../liblinphone-sdk/armv7s-apple-darwin'
program_transform_name='s,x,x,'
psdir='${docdir}'
sbindir='${exec_prefix}/sbin'
sharedstatedir='${prefix}/com'
sysconfdir='${prefix}/etc'
target='armv7s-apple-darwin'
target_alias=''
target_cpu='armv7s'
target_os='darwin'
target_vendor='apple'

## ----------- ##
## confdefs.h. ##
## ----------- ##

/* confdefs.h */
#define PACKAGE_NAME "msilbc"
#define PACKAGE_TARNAME "msilbc"
#define PACKAGE_VERSION "2.1.0"
#define PACKAGE_STRING "msilbc 2.1.0"
#define PACKAGE_BUGREPORT ""
#define PACKAGE_URL ""
#define PACKAGE "msilbc"
#define VERSION "2.1.0"
#define STDC_HEADERS 1
#define HAVE_SYS_TYPES_H 1
#define HAVE_SYS_STAT_H 1
#define HAVE_STDLIB_H 1
#define HAVE_STRING_H 1
#define HAVE_MEMORY_H 1
#define HAVE_STRINGS_H 1
#define HAVE_INTTYPES_H 1
#define HAVE_STDINT_H 1
#define HAVE_UNISTD_H 1
#define HAVE_DLFCN_H 1
#define LT_OBJDIR ".libs/"

configure: exit 0
