This file contains any messages produced by compilers while
running configure, to aid debugging if configure makes a mistake.

It was created by ortp configure 0.22.1, which was
generated by GNU Autoconf 2.69.  Invocation command line was

  $ /Users/karimjimo/Downloads/linphone-iphone/submodules/build/..//linphone/oRTP/configure --disable-option-checking --prefix=/Users/karimjimo/Downloads/linphone-iphone/submodules/build/..//../liblinphone-sdk/armv7-apple-darwin --host=armv7-apple-darwin --disable-shared --enable-static --disable-strict --disable-nls --with-readline=none --enable-gtk_ui=no --enable-console_ui=no --enable-ssl-hmac=no --enable-ssl=no --disable-theora --disable-sdl --disable-x11 --enable-bellesip --with-gsm=/Users/karimjimo/Downloads/linphone-iphone/submodules/build/..//../liblinphone-sdk/armv7-apple-darwin --disable-tests --disable-tutorials --with-srtp=/Users/karimjimo/Downloads/linphone-iphone/submodules/build/..//../liblinphone-sdk/armv7-apple-darwin --with-antlr=/Users/karimjimo/Downloads/linphone-iphone/submodules/build/..//../liblinphone-sdk/armv7-apple-darwin --disable-msg-storage --disable-zrtp --enable-ffmpeg host_alias=armv7-apple-darwin PKG_CONFIG_LIBDIR=/Users/karimjimo/Downloads/linphone-iphone/submodules/build/..//../liblinphone-sdk/armv7-apple-darwin/lib/pkgconfig --cache-file=/dev/null --srcdir=/Users/karimjimo/Downloads/linphone-iphone/submodules/build/..//linphone/oRTP

## --------- ##
## Platform. ##
## --------- ##

hostname = new-host-3.home
uname -m = x86_64
uname -r = 12.5.0
uname -s = Darwin
uname -v = Darwin Kernel Version 12.5.0: Sun Sep 29 13:33:47 PDT 2013; root:xnu-2050.48.12~1/RELEASE_X86_64

/usr/bin/uname -p = i386
/bin/uname -X     = unknown

/bin/arch              = unknown
/usr/bin/arch -k       = unknown
/usr/convex/getsysinfo = unknown
/usr/bin/hostinfo      = Mach kernel version:
	 Darwin Kernel Version 12.5.0: Sun Sep 29 13:33:47 PDT 2013; root:xnu-2050.48.12~1/RELEASE_X86_64
Kernel configured for up to 4 processors.
2 processors are physically available.
4 processors are logically available.
Processor type: i486 (Intel 80486)
Processors active: 0 1 2 3
Primary memory available: 4.00 gigabytes
Default processor set: 130 tasks, 822 threads, 4 processors
Load average: 1.92, Mach factor: 2.06
/bin/machine           = unknown
/usr/bin/oslevel       = unknown
/bin/universe          = unknown

PATH: /opt/local/bin
PATH: /opt/local/sbin
PATH: /usr/bin
PATH: /bin
PATH: /usr/sbin
PATH: /sbin
PATH: /usr/local/bin


## ----------- ##
## Core tests. ##
## ----------- ##

configure:2192: loading site script /Users/karimjimo/Downloads/linphone-iphone/submodules/build/..//build/iphone-config.site
| # -*- shell-script -*-
| 
| SDK_VERSION_MAJOR=4
| SDK_VERSION=4.0
| MCPU=""
| if test "${host_alias}" = "i386-apple-darwin" ; then 
| 	PLATFORM=Simulator
| 	ARCH=i386
| 	CMAKE_OPTS="-DCMAKE_SYSTEM_PROCESSOR=i386"
| 	MCPU=""
| elif test "${host_alias}" = "armv6-apple-darwin" ; then 
| 	ARCH=armv6
| 	PLATFORM=OS
| 	CMAKE_OPTS="-DCMAKE_SYSTEM_PROCESSOR=arm"
| 	MCPU="-mcpu=arm1176jzf-s"
| elif test "${host_alias}" = "armv7-apple-darwin" ; then 
| 	ARCH=armv7
| 	PLATFORM=OS
| 	CMAKE_OPTS="-DCMAKE_SYSTEM_PROCESSOR=arm"
| 	MCPU="-mcpu=cortex-a8"
| elif test "${host_alias}" = "armv7s-apple-darwin" ; then 
| 	ARCH=armv7s
| 	PLATFORM=OS
| 	CMAKE_OPTS="-DCMAKE_SYSTEM_PROCESSOR=arm"
| else 
| 	echo "bad host ${host_alias} must be either i386-apple-darwin or armv6-apple-darwin"
| 	exit
| fi
| echo "Loading config.site for iPhone platform=${PLATFORM} version=${SDK_VERSION}"
| XCODE_DEV_PATH=`xcode-select -print-path`
| #new path with Xcode 4.3:
| if test -d ${XCODE_DEV_PATH}/Platforms/iPhone${PLATFORM}.platform/Developer/SDKs ; then
| 	SDK_PATH_LIST=`ls -drt ${XCODE_DEV_PATH}/Platforms/iPhone${PLATFORM}.platform/Developer/SDKs/iPhone${PLATFORM}*`
| 	SDK_BIN_PATH=${XCODE_DEV_PATH}/Platforms/iPhone${PLATFORM}.platform/Developer/usr/bin  
| else
| 	SDK_PATH_LIST=`ls -drt /Developer/Platforms/iPhone${PLATFORM}.platform/Developer/SDKs/iPhone${PLATFORM}*`
| 	SDK_BIN_PATH=/Developer/Platforms/iPhone${PLATFORM}.platform/Developer/usr/bin  
| fi
|    
| for SYSROOT_PATH in $SDK_PATH_LIST ; do echo $SYSROOT_PATH ; done ;
| echo "Selecting SDK path = ${SYSROOT_PATH}"
| 
| COMMON_FLAGS=" -arch ${ARCH} ${MCPU} -isysroot ${SYSROOT_PATH} -miphoneos-version-min=${SDK_VERSION} -DTARGET_OS_IPHONE=1 -D__IOS -fms-extensions"
| CC="xcrun clang -std=c99 $COMMON_FLAGS"
| OBJC="xcrun clang -std=c99 $COMMON_FLAGS"
| CXX="xcrun clang++ $COMMON_FLAGS"
| LD="xcrun ld -arch ${ARCH}"
| AR="xcrun ar"
| RANLIB="xcrun ranlib"
| STRIP="xcrun strip"
| NM="xcrun nm"
| 
| CPPFLAGS="-Dasm=__asm"
| OBJCFLAGS="-x objective-c -fexceptions -gdwarf-2 -fobjc-abi-version=2 -fobjc-legacy-dispatch"
| #Force install script to use -C so that header files don't get re-written if not changed.
| INSTALL_DATA="ginstall -C"
| 
| 
configure:2321: checking build system type
configure:2335: result: x86_64-apple-darwin12.5.0
configure:2355: checking host system type
configure:2368: result: armv7-apple-darwin
configure:2388: checking target system type
configure:2401: result: armv7-apple-darwin
configure:2467: checking for a BSD-compatible install
configure:2535: result: /opt/local/bin/ginstall -c
configure:2546: checking whether build environment is sane
configure:2601: result: yes
configure:2660: checking for armv7-apple-darwin-strip
configure:2687: result: xcrun strip
configure:2752: checking for a thread-safe mkdir -p
configure:2791: result: /opt/local/bin/gmkdir -p
configure:2798: checking for gawk
configure:2828: result: no
configure:2798: checking for mawk
configure:2828: result: no
configure:2798: checking for nawk
configure:2828: result: no
configure:2798: checking for awk
configure:2814: found /usr/bin/awk
configure:2825: result: awk
configure:2836: checking whether make sets $(MAKE)
configure:2858: result: yes
configure:2887: checking whether make supports nested variables
configure:2904: result: yes
configure:2993: checking whether UID '501' is supported by ustar format
configure:2996: result: yes
configure:3003: checking whether GID '20' is supported by ustar format
configure:3006: result: yes
configure:3014: checking how to create a ustar tar archive
configure:3025: tar --version
bsdtar 2.8.3 - libarchive 2.8.3
configure:3028: $? = 0
configure:3068: tardir=conftest.dir && eval tar --format=ustar -chf - "$tardir" >conftest.tar
configure:3071: $? = 0
configure:3075: tar -xf - <conftest.tar
configure:3078: $? = 0
configure:3080: cat conftest.dir/file
GrepMe
configure:3083: $? = 0
configure:3096: result: gnutar
configure:3156: checking whether make supports nested variables
configure:3173: result: yes
configure:3218: checking for armv7-apple-darwin-gcc
configure:3245: result: xcrun clang -std=c99  -arch armv7 -mcpu=cortex-a8 -isysroot /Applications/Xcode.app/Contents/Developer/Platforms/iPhoneOS.platform/Developer/SDKs/iPhoneOS7.0.sdk -miphoneos-version-min=4.0 -DTARGET_OS_IPHONE=1 -D__IOS -fms-extensions
configure:3514: checking for C compiler version
configure:3523: xcrun clang -std=c99  -arch armv7 -mcpu=cortex-a8 -isysroot /Applications/Xcode.app/Contents/Developer/Platforms/iPhoneOS.platform/Developer/SDKs/iPhoneOS7.0.sdk -miphoneos-version-min=4.0 -DTARGET_OS_IPHONE=1 -D__IOS -fms-extensions --version >&5
Apple LLVM version 5.0 (clang-500.2.76) (based on LLVM 3.3svn)
Target: arm-apple-darwin12.5.0
Thread model: posix
configure:3534: $? = 0
configure:3523: xcrun clang -std=c99  -arch armv7 -mcpu=cortex-a8 -isysroot /Applications/Xcode.app/Contents/Developer/Platforms/iPhoneOS.platform/Developer/SDKs/iPhoneOS7.0.sdk -miphoneos-version-min=4.0 -DTARGET_OS_IPHONE=1 -D__IOS -fms-extensions -v >&5
Apple LLVM version 5.0 (clang-500.2.76) (based on LLVM 3.3svn)
Target: arm-apple-darwin12.5.0
Thread model: posix
clang: warning: argument unused during compilation: '-std=c99'
clang: warning: argument unused during compilation: '-mcpu=cortex-a8'
clang: warning: argument unused during compilation: '-isysroot /Applications/Xcode.app/Contents/Developer/Platforms/iPhoneOS.platform/Developer/SDKs/iPhoneOS7.0.sdk'
clang: warning: argument unused during compilation: '-miphoneos-version-min=4.0'
clang: warning: argument unused during compilation: '-D TARGET_OS_IPHONE=1'
clang: warning: argument unused during compilation: '-D __IOS'
clang: warning: argument unused during compilation: '-fms-extensions'
... rest of stderr output deleted ...
configure:3534: $? = 0
configure:3523: xcrun clang -std=c99  -arch armv7 -mcpu=cortex-a8 -isysroot /Applications/Xcode.app/Contents/Developer/Platforms/iPhoneOS.platform/Developer/SDKs/iPhoneOS7.0.sdk -miphoneos-version-min=4.0 -DTARGET_OS_IPHONE=1 -D__IOS -fms-extensions -V >&5
clang: error: argument to '-V' is missing (expected 1 value)
clang: error: no input files
configure:3534: $? = 1
configure:3523: xcrun clang -std=c99  -arch armv7 -mcpu=cortex-a8 -isysroot /Applications/Xcode.app/Contents/Developer/Platforms/iPhoneOS.platform/Developer/SDKs/iPhoneOS7.0.sdk -miphoneos-version-min=4.0 -DTARGET_OS_IPHONE=1 -D__IOS -fms-extensions -qversion >&5
clang: error: no input files
configure:3534: $? = 1
configure:3554: checking whether the C compiler works
configure:3576: xcrun clang -std=c99  -arch armv7 -mcpu=cortex-a8 -isysroot /Applications/Xcode.app/Contents/Developer/Platforms/iPhoneOS.platform/Developer/SDKs/iPhoneOS7.0.sdk -miphoneos-version-min=4.0 -DTARGET_OS_IPHONE=1 -D__IOS -fms-extensions  -Dasm=__asm  conftest.c  >&5
configure:3580: $? = 0
configure:3628: result: yes
configure:3631: checking for C compiler default output file name
configure:3633: result: a.out
configure:3639: checking for suffix of executables
configure:3646: xcrun clang -std=c99  -arch armv7 -mcpu=cortex-a8 -isysroot /Applications/Xcode.app/Contents/Developer/Platforms/iPhoneOS.platform/Developer/SDKs/iPhoneOS7.0.sdk -miphoneos-version-min=4.0 -DTARGET_OS_IPHONE=1 -D__IOS -fms-extensions -o conftest  -Dasm=__asm  conftest.c  >&5
configure:3650: $? = 0
configure:3672: result: 
configure:3694: checking whether we are cross compiling
configure:3702: xcrun clang -std=c99  -arch armv7 -mcpu=cortex-a8 -isysroot /Applications/Xcode.app/Contents/Developer/Platforms/iPhoneOS.platform/Developer/SDKs/iPhoneOS7.0.sdk -miphoneos-version-min=4.0 -DTARGET_OS_IPHONE=1 -D__IOS -fms-extensions -o conftest  -Dasm=__asm  conftest.c  >&5
configure:3706: $? = 0
configure:3713: ./conftest
/Users/karimjimo/Downloads/linphone-iphone/submodules/build/..//linphone/oRTP/configure: line 3715: ./conftest: Bad CPU type in executable
configure:3717: $? = 126
configure:3732: result: yes
configure:3737: checking for suffix of object files
configure:3759: xcrun clang -std=c99  -arch armv7 -mcpu=cortex-a8 -isysroot /Applications/Xcode.app/Contents/Developer/Platforms/iPhoneOS.platform/Developer/SDKs/iPhoneOS7.0.sdk -miphoneos-version-min=4.0 -DTARGET_OS_IPHONE=1 -D__IOS -fms-extensions -c  -Dasm=__asm conftest.c >&5
configure:3763: $? = 0
configure:3784: result: o
configure:3788: checking whether we are using the GNU C compiler
configure:3807: xcrun clang -std=c99  -arch armv7 -mcpu=cortex-a8 -isysroot /Applications/Xcode.app/Contents/Developer/Platforms/iPhoneOS.platform/Developer/SDKs/iPhoneOS7.0.sdk -miphoneos-version-min=4.0 -DTARGET_OS_IPHONE=1 -D__IOS -fms-extensions -c  -Dasm=__asm conftest.c >&5
configure:3807: $? = 0
configure:3816: result: yes
configure:3825: checking whether xcrun clang -std=c99  -arch armv7 -mcpu=cortex-a8 -isysroot /Applications/Xcode.app/Contents/Developer/Platforms/iPhoneOS.platform/Developer/SDKs/iPhoneOS7.0.sdk -miphoneos-version-min=4.0 -DTARGET_OS_IPHONE=1 -D__IOS -fms-extensions accepts -g
configure:3845: xcrun clang -std=c99  -arch armv7 -mcpu=cortex-a8 -isysroot /Applications/Xcode.app/Contents/Developer/Platforms/iPhoneOS.platform/Developer/SDKs/iPhoneOS7.0.sdk -miphoneos-version-min=4.0 -DTARGET_OS_IPHONE=1 -D__IOS -fms-extensions -c -g -Dasm=__asm conftest.c >&5
configure:3845: $? = 0
configure:3886: result: yes
configure:3903: checking for xcrun clang -std=c99  -arch armv7 -mcpu=cortex-a8 -isysroot /Applications/Xcode.app/Contents/Developer/Platforms/iPhoneOS.platform/Developer/SDKs/iPhoneOS7.0.sdk -miphoneos-version-min=4.0 -DTARGET_OS_IPHONE=1 -D__IOS -fms-extensions option to accept ISO C89
configure:3966: xcrun clang -std=c99  -arch armv7 -mcpu=cortex-a8 -isysroot /Applications/Xcode.app/Contents/Developer/Platforms/iPhoneOS.platform/Developer/SDKs/iPhoneOS7.0.sdk -miphoneos-version-min=4.0 -DTARGET_OS_IPHONE=1 -D__IOS -fms-extensions  -c -g -O2 -Dasm=__asm conftest.c >&5
configure:3966: $? = 0
configure:3979: result: none needed
configure:4004: checking whether xcrun clang -std=c99  -arch armv7 -mcpu=cortex-a8 -isysroot /Applications/Xcode.app/Contents/Developer/Platforms/iPhoneOS.platform/Developer/SDKs/iPhoneOS7.0.sdk -miphoneos-version-min=4.0 -DTARGET_OS_IPHONE=1 -D__IOS -fms-extensions understands -c and -o together
configure:4026: xcrun clang -std=c99  -arch armv7 -mcpu=cortex-a8 -isysroot /Applications/Xcode.app/Contents/Developer/Platforms/iPhoneOS.platform/Developer/SDKs/iPhoneOS7.0.sdk -miphoneos-version-min=4.0 -DTARGET_OS_IPHONE=1 -D__IOS -fms-extensions -c conftest.c -o conftest2.o
configure:4029: $? = 0
configure:4026: xcrun clang -std=c99  -arch armv7 -mcpu=cortex-a8 -isysroot /Applications/Xcode.app/Contents/Developer/Platforms/iPhoneOS.platform/Developer/SDKs/iPhoneOS7.0.sdk -miphoneos-version-min=4.0 -DTARGET_OS_IPHONE=1 -D__IOS -fms-extensions -c conftest.c -o conftest2.o
configure:4029: $? = 0
configure:4041: result: yes
configure:4069: checking for style of include used by make
configure:4097: result: GNU
configure:4123: checking dependency style of xcrun clang -std=c99  -arch armv7 -mcpu=cortex-a8 -isysroot /Applications/Xcode.app/Contents/Developer/Platforms/iPhoneOS.platform/Developer/SDKs/iPhoneOS7.0.sdk -miphoneos-version-min=4.0 -DTARGET_OS_IPHONE=1 -D__IOS -fms-extensions
configure:4234: result: gcc3
configure:4295: checking how to print strings
configure:4322: result: printf
configure:4343: checking for a sed that does not truncate output
configure:4407: result: /usr/bin/sed
configure:4425: checking for grep that handles long lines and -e
configure:4483: result: /opt/local/bin/grep
configure:4488: checking for egrep
configure:4550: result: /opt/local/bin/grep -E
configure:4555: checking for fgrep
configure:4617: result: /opt/local/bin/grep -F
configure:4652: checking for ld used by xcrun clang -std=c99  -arch armv7 -mcpu=cortex-a8 -isysroot /Applications/Xcode.app/Contents/Developer/Platforms/iPhoneOS.platform/Developer/SDKs/iPhoneOS7.0.sdk -miphoneos-version-min=4.0 -DTARGET_OS_IPHONE=1 -D__IOS -fms-extensions
configure:4719: result: xcrun ld -arch armv7
configure:4726: checking if the linker (xcrun ld -arch armv7) is GNU ld
configure:4741: result: no
configure:4753: checking for BSD- or MS-compatible name lister (nm)
configure:4802: result: xcrun nm
configure:4932: checking the name lister (xcrun nm) interface
configure:4939: xcrun clang -std=c99  -arch armv7 -mcpu=cortex-a8 -isysroot /Applications/Xcode.app/Contents/Developer/Platforms/iPhoneOS.platform/Developer/SDKs/iPhoneOS7.0.sdk -miphoneos-version-min=4.0 -DTARGET_OS_IPHONE=1 -D__IOS -fms-extensions -c -g -O2 -Dasm=__asm conftest.c >&5
configure:4942: xcrun nm "conftest.o"
configure:4945: output
00000234 S _some_variable
configure:4952: result: BSD nm
configure:4955: checking whether ln -s works
configure:4959: result: yes
configure:4967: checking the maximum length of command line arguments
configure:5097: result: 196608
configure:5114: checking whether the shell understands some XSI constructs
configure:5124: result: yes
configure:5128: checking whether the shell understands "+="
configure:5134: result: yes
configure:5169: checking how to convert x86_64-apple-darwin12.5.0 file names to armv7-apple-darwin format
configure:5209: result: func_convert_file_noop
configure:5216: checking how to convert x86_64-apple-darwin12.5.0 file names to toolchain format
configure:5236: result: func_convert_file_noop
configure:5243: checking for xcrun ld -arch armv7 option to reload object files
configure:5250: result: -r
configure:5284: checking for armv7-apple-darwin-objdump
configure:5314: result: no
configure:5324: checking for objdump
configure:5354: result: no
configure:5380: checking how to recognize dependent libraries
configure:5582: result: pass_all
configure:5627: checking for armv7-apple-darwin-dlltool
configure:5657: result: no
configure:5667: checking for dlltool
configure:5697: result: no
configure:5724: checking how to associate runtime and link libraries
configure:5751: result: printf %s\n
configure:5768: checking for armv7-apple-darwin-ar
configure:5795: result: xcrun ar
configure:5876: checking for archiver @FILE support
configure:5893: xcrun clang -std=c99  -arch armv7 -mcpu=cortex-a8 -isysroot /Applications/Xcode.app/Contents/Developer/Platforms/iPhoneOS.platform/Developer/SDKs/iPhoneOS7.0.sdk -miphoneos-version-min=4.0 -DTARGET_OS_IPHONE=1 -D__IOS -fms-extensions -c -g -O2 -Dasm=__asm conftest.c >&5
configure:5893: $? = 0
configure:5896: xcrun ar cru libconftest.a @conftest.lst >&5
ar: @conftest.lst: No such file or directory
configure:5899: $? = 1
configure:5919: result: no
configure:5937: checking for armv7-apple-darwin-strip
configure:5964: result: xcrun strip
configure:6036: checking for armv7-apple-darwin-ranlib
configure:6063: result: xcrun ranlib
configure:6205: checking command to parse xcrun nm output from xcrun clang -std=c99  -arch armv7 -mcpu=cortex-a8 -isysroot /Applications/Xcode.app/Contents/Developer/Platforms/iPhoneOS.platform/Developer/SDKs/iPhoneOS7.0.sdk -miphoneos-version-min=4.0 -DTARGET_OS_IPHONE=1 -D__IOS -fms-extensions object
configure:6325: xcrun clang -std=c99  -arch armv7 -mcpu=cortex-a8 -isysroot /Applications/Xcode.app/Contents/Developer/Platforms/iPhoneOS.platform/Developer/SDKs/iPhoneOS7.0.sdk -miphoneos-version-min=4.0 -DTARGET_OS_IPHONE=1 -D__IOS -fms-extensions -c -g -O2 -Dasm=__asm conftest.c >&5
configure:6328: $? = 0
configure:6332: xcrun nm conftest.o \| sed -n -e 's/^.*[ ]\([BCDEGRST][BCDEGRST]*\)[ ][ ]*\([_A-Za-z][_A-Za-z0-9]*\)$/\1 \2 \2/p' | sed '/ __gnu_lto/d' \> conftest.nm
configure:6335: $? = 0
cannot find nm_test_var in conftest.nm
configure:6325: xcrun clang -std=c99  -arch armv7 -mcpu=cortex-a8 -isysroot /Applications/Xcode.app/Contents/Developer/Platforms/iPhoneOS.platform/Developer/SDKs/iPhoneOS7.0.sdk -miphoneos-version-min=4.0 -DTARGET_OS_IPHONE=1 -D__IOS -fms-extensions -c -g -O2 -Dasm=__asm conftest.c >&5
configure:6328: $? = 0
configure:6332: xcrun nm conftest.o \| sed -n -e 's/^.*[ ]\([BCDEGRST][BCDEGRST]*\)[ ][ ]*_\([_A-Za-z][_A-Za-z0-9]*\)$/\1 _\2 \2/p' | sed '/ __gnu_lto/d' \> conftest.nm
configure:6335: $? = 0
configure:6401: xcrun clang -std=c99  -arch armv7 -mcpu=cortex-a8 -isysroot /Applications/Xcode.app/Contents/Developer/Platforms/iPhoneOS.platform/Developer/SDKs/iPhoneOS7.0.sdk -miphoneos-version-min=4.0 -DTARGET_OS_IPHONE=1 -D__IOS -fms-extensions -o conftest -g -O2 -Dasm=__asm  conftest.c conftstm.o >&5
configure:6404: $? = 0
configure:6442: result: ok
configure:6479: checking for sysroot
configure:6509: result: no
configure:6725: checking for armv7-apple-darwin-mt
configure:6755: result: no
configure:6765: checking for mt
configure:6795: result: no
configure:6815: checking if : is a manifest tool
configure:6821: : '-?'
configure:6829: result: no
configure:6845: checking for armv7-apple-darwin-dsymutil
configure:6875: result: no
configure:6885: checking for dsymutil
configure:6901: found /usr/bin/dsymutil
configure:6912: result: dsymutil
configure:6924: WARNING: using cross tools not prefixed with host triplet
configure:6937: checking for armv7-apple-darwin-nmedit
configure:6967: result: no
configure:6977: checking for nmedit
configure:6993: found /usr/bin/nmedit
configure:7004: result: nmedit
configure:7029: checking for armv7-apple-darwin-lipo
configure:7059: result: no
configure:7069: checking for lipo
configure:7085: found /usr/bin/lipo
configure:7096: result: lipo
configure:7121: checking for armv7-apple-darwin-otool
configure:7151: result: no
configure:7161: checking for otool
configure:7177: found /usr/bin/otool
configure:7188: result: otool
configure:7213: checking for armv7-apple-darwin-otool64
configure:7243: result: no
configure:7253: checking for otool64
configure:7283: result: no
configure:7328: checking for -single_module linker flag
xcrun clang -std=c99  -arch armv7 -mcpu=cortex-a8 -isysroot /Applications/Xcode.app/Contents/Developer/Platforms/iPhoneOS.platform/Developer/SDKs/iPhoneOS7.0.sdk -miphoneos-version-min=4.0 -DTARGET_OS_IPHONE=1 -D__IOS -fms-extensions -g -O2  -o libconftest.dylib -dynamiclib -Wl,-single_module conftest.c
configure:7361: result: yes
configure:7364: checking for -exported_symbols_list linker flag
configure:7384: xcrun clang -std=c99  -arch armv7 -mcpu=cortex-a8 -isysroot /Applications/Xcode.app/Contents/Developer/Platforms/iPhoneOS.platform/Developer/SDKs/iPhoneOS7.0.sdk -miphoneos-version-min=4.0 -DTARGET_OS_IPHONE=1 -D__IOS -fms-extensions -o conftest -g -O2 -Dasm=__asm  -Wl,-exported_symbols_list,conftest.sym conftest.c  >&5
configure:7384: $? = 0
configure:7394: result: yes
configure:7397: checking for -force_load linker flag
xcrun clang -std=c99  -arch armv7 -mcpu=cortex-a8 -isysroot /Applications/Xcode.app/Contents/Developer/Platforms/iPhoneOS.platform/Developer/SDKs/iPhoneOS7.0.sdk -miphoneos-version-min=4.0 -DTARGET_OS_IPHONE=1 -D__IOS -fms-extensions -g -O2 -c -o conftest.o conftest.c
xcrun ar cru libconftest.a conftest.o
xcrun ranlib libconftest.a
xcrun clang -std=c99  -arch armv7 -mcpu=cortex-a8 -isysroot /Applications/Xcode.app/Contents/Developer/Platforms/iPhoneOS.platform/Developer/SDKs/iPhoneOS7.0.sdk -miphoneos-version-min=4.0 -DTARGET_OS_IPHONE=1 -D__IOS -fms-extensions -g -O2  -o conftest conftest.c -Wl,-force_load,./libconftest.a
configure:7429: result: yes
configure:7471: checking how to run the C preprocessor
configure:7502: xcrun clang -std=c99  -arch armv7 -mcpu=cortex-a8 -isysroot /Applications/Xcode.app/Contents/Developer/Platforms/iPhoneOS.platform/Developer/SDKs/iPhoneOS7.0.sdk -miphoneos-version-min=4.0 -DTARGET_OS_IPHONE=1 -D__IOS -fms-extensions -E -Dasm=__asm conftest.c
configure:7502: $? = 0
configure:7516: xcrun clang -std=c99  -arch armv7 -mcpu=cortex-a8 -isysroot /Applications/Xcode.app/Contents/Developer/Platforms/iPhoneOS.platform/Developer/SDKs/iPhoneOS7.0.sdk -miphoneos-version-min=4.0 -DTARGET_OS_IPHONE=1 -D__IOS -fms-extensions -E -Dasm=__asm conftest.c
conftest.c:15:10: fatal error: 'ac_nonexistent.h' file not found
#include <ac_nonexistent.h>
         ^
1 error generated.
configure:7516: $? = 1
configure: failed program was:
| /* confdefs.h */
| #define PACKAGE_NAME "ortp"
| #define PACKAGE_TARNAME "ortp"
| #define PACKAGE_VERSION "0.22.1"
| #define PACKAGE_STRING "ortp 0.22.1"
| #define PACKAGE_BUGREPORT ""
| #define PACKAGE_URL ""
| #define PACKAGE "ortp"
| #define VERSION "0.22.1"
| #define ORTP_MAJOR_VERSION 0
| #define ORTP_MINOR_VERSION 22
| #define ORTP_MICRO_VERSION 1
| #define ORTP_VERSION "0.22.1"
| /* end confdefs.h.  */
| #include <ac_nonexistent.h>
configure:7541: result: xcrun clang -std=c99  -arch armv7 -mcpu=cortex-a8 -isysroot /Applications/Xcode.app/Contents/Developer/Platforms/iPhoneOS.platform/Developer/SDKs/iPhoneOS7.0.sdk -miphoneos-version-min=4.0 -DTARGET_OS_IPHONE=1 -D__IOS -fms-extensions -E
configure:7561: xcrun clang -std=c99  -arch armv7 -mcpu=cortex-a8 -isysroot /Applications/Xcode.app/Contents/Developer/Platforms/iPhoneOS.platform/Developer/SDKs/iPhoneOS7.0.sdk -miphoneos-version-min=4.0 -DTARGET_OS_IPHONE=1 -D__IOS -fms-extensions -E -Dasm=__asm conftest.c
configure:7561: $? = 0
configure:7575: xcrun clang -std=c99  -arch armv7 -mcpu=cortex-a8 -isysroot /Applications/Xcode.app/Contents/Developer/Platforms/iPhoneOS.platform/Developer/SDKs/iPhoneOS7.0.sdk -miphoneos-version-min=4.0 -DTARGET_OS_IPHONE=1 -D__IOS -fms-extensions -E -Dasm=__asm conftest.c
conftest.c:15:10: fatal error: 'ac_nonexistent.h' file not found
#include <ac_nonexistent.h>
         ^
1 error generated.
configure:7575: $? = 1
configure: failed program was:
| /* confdefs.h */
| #define PACKAGE_NAME "ortp"
| #define PACKAGE_TARNAME "ortp"
| #define PACKAGE_VERSION "0.22.1"
| #define PACKAGE_STRING "ortp 0.22.1"
| #define PACKAGE_BUGREPORT ""
| #define PACKAGE_URL ""
| #define PACKAGE "ortp"
| #define VERSION "0.22.1"
| #define ORTP_MAJOR_VERSION 0
| #define ORTP_MINOR_VERSION 22
| #define ORTP_MICRO_VERSION 1
| #define ORTP_VERSION "0.22.1"
| /* end confdefs.h.  */
| #include <ac_nonexistent.h>
configure:7604: checking for ANSI C header files
configure:7624: xcrun clang -std=c99  -arch armv7 -mcpu=cortex-a8 -isysroot /Applications/Xcode.app/Contents/Developer/Platforms/iPhoneOS.platform/Developer/SDKs/iPhoneOS7.0.sdk -miphoneos-version-min=4.0 -DTARGET_OS_IPHONE=1 -D__IOS -fms-extensions -c -g -O2 -Dasm=__asm conftest.c >&5
configure:7624: $? = 0
configure:7708: result: yes
configure:7721: checking for sys/types.h
configure:7721: xcrun clang -std=c99  -arch armv7 -mcpu=cortex-a8 -isysroot /Applications/Xcode.app/Contents/Developer/Platforms/iPhoneOS.platform/Developer/SDKs/iPhoneOS7.0.sdk -miphoneos-version-min=4.0 -DTARGET_OS_IPHONE=1 -D__IOS -fms-extensions -c -g -O2 -Dasm=__asm conftest.c >&5
configure:7721: $? = 0
configure:7721: result: yes
configure:7721: checking for sys/stat.h
configure:7721: xcrun clang -std=c99  -arch armv7 -mcpu=cortex-a8 -isysroot /Applications/Xcode.app/Contents/Developer/Platforms/iPhoneOS.platform/Developer/SDKs/iPhoneOS7.0.sdk -miphoneos-version-min=4.0 -DTARGET_OS_IPHONE=1 -D__IOS -fms-extensions -c -g -O2 -Dasm=__asm conftest.c >&5
configure:7721: $? = 0
configure:7721: result: yes
configure:7721: checking for stdlib.h
configure:7721: xcrun clang -std=c99  -arch armv7 -mcpu=cortex-a8 -isysroot /Applications/Xcode.app/Contents/Developer/Platforms/iPhoneOS.platform/Developer/SDKs/iPhoneOS7.0.sdk -miphoneos-version-min=4.0 -DTARGET_OS_IPHONE=1 -D__IOS -fms-extensions -c -g -O2 -Dasm=__asm conftest.c >&5
configure:7721: $? = 0
configure:7721: result: yes
configure:7721: checking for string.h
configure:7721: xcrun clang -std=c99  -arch armv7 -mcpu=cortex-a8 -isysroot /Applications/Xcode.app/Contents/Developer/Platforms/iPhoneOS.platform/Developer/SDKs/iPhoneOS7.0.sdk -miphoneos-version-min=4.0 -DTARGET_OS_IPHONE=1 -D__IOS -fms-extensions -c -g -O2 -Dasm=__asm conftest.c >&5
configure:7721: $? = 0
configure:7721: result: yes
configure:7721: checking for memory.h
configure:7721: xcrun clang -std=c99  -arch armv7 -mcpu=cortex-a8 -isysroot /Applications/Xcode.app/Contents/Developer/Platforms/iPhoneOS.platform/Developer/SDKs/iPhoneOS7.0.sdk -miphoneos-version-min=4.0 -DTARGET_OS_IPHONE=1 -D__IOS -fms-extensions -c -g -O2 -Dasm=__asm conftest.c >&5
configure:7721: $? = 0
configure:7721: result: yes
configure:7721: checking for strings.h
configure:7721: xcrun clang -std=c99  -arch armv7 -mcpu=cortex-a8 -isysroot /Applications/Xcode.app/Contents/Developer/Platforms/iPhoneOS.platform/Developer/SDKs/iPhoneOS7.0.sdk -miphoneos-version-min=4.0 -DTARGET_OS_IPHONE=1 -D__IOS -fms-extensions -c -g -O2 -Dasm=__asm conftest.c >&5
configure:7721: $? = 0
configure:7721: result: yes
configure:7721: checking for inttypes.h
configure:7721: xcrun clang -std=c99  -arch armv7 -mcpu=cortex-a8 -isysroot /Applications/Xcode.app/Contents/Developer/Platforms/iPhoneOS.platform/Developer/SDKs/iPhoneOS7.0.sdk -miphoneos-version-min=4.0 -DTARGET_OS_IPHONE=1 -D__IOS -fms-extensions -c -g -O2 -Dasm=__asm conftest.c >&5
configure:7721: $? = 0
configure:7721: result: yes
configure:7721: checking for stdint.h
configure:7721: xcrun clang -std=c99  -arch armv7 -mcpu=cortex-a8 -isysroot /Applications/Xcode.app/Contents/Developer/Platforms/iPhoneOS.platform/Developer/SDKs/iPhoneOS7.0.sdk -miphoneos-version-min=4.0 -DTARGET_OS_IPHONE=1 -D__IOS -fms-extensions -c -g -O2 -Dasm=__asm conftest.c >&5
configure:7721: $? = 0
configure:7721: result: yes
configure:7721: checking for unistd.h
configure:7721: xcrun clang -std=c99  -arch armv7 -mcpu=cortex-a8 -isysroot /Applications/Xcode.app/Contents/Developer/Platforms/iPhoneOS.platform/Developer/SDKs/iPhoneOS7.0.sdk -miphoneos-version-min=4.0 -DTARGET_OS_IPHONE=1 -D__IOS -fms-extensions -c -g -O2 -Dasm=__asm conftest.c >&5
configure:7721: $? = 0
configure:7721: result: yes
configure:7735: checking for dlfcn.h
configure:7735: xcrun clang -std=c99  -arch armv7 -mcpu=cortex-a8 -isysroot /Applications/Xcode.app/Contents/Developer/Platforms/iPhoneOS.platform/Developer/SDKs/iPhoneOS7.0.sdk -miphoneos-version-min=4.0 -DTARGET_OS_IPHONE=1 -D__IOS -fms-extensions -c -g -O2 -Dasm=__asm conftest.c >&5
configure:7735: $? = 0
configure:7735: result: yes
configure:8237: checking for objdir
configure:8252: result: .libs
configure:8523: checking if xcrun clang -std=c99  -arch armv7 -mcpu=cortex-a8 -isysroot /Applications/Xcode.app/Contents/Developer/Platforms/iPhoneOS.platform/Developer/SDKs/iPhoneOS7.0.sdk -miphoneos-version-min=4.0 -DTARGET_OS_IPHONE=1 -D__IOS -fms-extensions supports -fno-rtti -fno-exceptions
configure:8541: xcrun clang -std=c99  -arch armv7 -mcpu=cortex-a8 -isysroot /Applications/Xcode.app/Contents/Developer/Platforms/iPhoneOS.platform/Developer/SDKs/iPhoneOS7.0.sdk -miphoneos-version-min=4.0 -DTARGET_OS_IPHONE=1 -D__IOS -fms-extensions -c -g -O2 -Dasm=__asm -fno-rtti -fno-exceptions conftest.c >&5
configure:8545: $? = 0
configure:8558: result: yes
configure:8885: checking for xcrun clang -std=c99  -arch armv7 -mcpu=cortex-a8 -isysroot /Applications/Xcode.app/Contents/Developer/Platforms/iPhoneOS.platform/Developer/SDKs/iPhoneOS7.0.sdk -miphoneos-version-min=4.0 -DTARGET_OS_IPHONE=1 -D__IOS -fms-extensions option to produce PIC
configure:8892: result: -fno-common -DPIC
configure:8900: checking if xcrun clang -std=c99  -arch armv7 -mcpu=cortex-a8 -isysroot /Applications/Xcode.app/Contents/Developer/Platforms/iPhoneOS.platform/Developer/SDKs/iPhoneOS7.0.sdk -miphoneos-version-min=4.0 -DTARGET_OS_IPHONE=1 -D__IOS -fms-extensions PIC flag -fno-common -DPIC works
configure:8918: xcrun clang -std=c99  -arch armv7 -mcpu=cortex-a8 -isysroot /Applications/Xcode.app/Contents/Developer/Platforms/iPhoneOS.platform/Developer/SDKs/iPhoneOS7.0.sdk -miphoneos-version-min=4.0 -DTARGET_OS_IPHONE=1 -D__IOS -fms-extensions -c -g -O2 -Dasm=__asm -fno-common -DPIC -DPIC conftest.c >&5
configure:8922: $? = 0
configure:8935: result: yes
configure:8964: checking if xcrun clang -std=c99  -arch armv7 -mcpu=cortex-a8 -isysroot /Applications/Xcode.app/Contents/Developer/Platforms/iPhoneOS.platform/Developer/SDKs/iPhoneOS7.0.sdk -miphoneos-version-min=4.0 -DTARGET_OS_IPHONE=1 -D__IOS -fms-extensions static flag -static works
configure:8992: result: no
configure:9007: checking if xcrun clang -std=c99  -arch armv7 -mcpu=cortex-a8 -isysroot /Applications/Xcode.app/Contents/Developer/Platforms/iPhoneOS.platform/Developer/SDKs/iPhoneOS7.0.sdk -miphoneos-version-min=4.0 -DTARGET_OS_IPHONE=1 -D__IOS -fms-extensions supports -c -o file.o
configure:9028: xcrun clang -std=c99  -arch armv7 -mcpu=cortex-a8 -isysroot /Applications/Xcode.app/Contents/Developer/Platforms/iPhoneOS.platform/Developer/SDKs/iPhoneOS7.0.sdk -miphoneos-version-min=4.0 -DTARGET_OS_IPHONE=1 -D__IOS -fms-extensions -c -g -O2 -Dasm=__asm -o out/conftest2.o conftest.c >&5
configure:9032: $? = 0
configure:9054: result: yes
configure:9062: checking if xcrun clang -std=c99  -arch armv7 -mcpu=cortex-a8 -isysroot /Applications/Xcode.app/Contents/Developer/Platforms/iPhoneOS.platform/Developer/SDKs/iPhoneOS7.0.sdk -miphoneos-version-min=4.0 -DTARGET_OS_IPHONE=1 -D__IOS -fms-extensions supports -c -o file.o
configure:9109: result: yes
configure:9142: checking whether the xcrun clang -std=c99  -arch armv7 -mcpu=cortex-a8 -isysroot /Applications/Xcode.app/Contents/Developer/Platforms/iPhoneOS.platform/Developer/SDKs/iPhoneOS7.0.sdk -miphoneos-version-min=4.0 -DTARGET_OS_IPHONE=1 -D__IOS -fms-extensions linker (xcrun ld -arch armv7) supports shared libraries
configure:10295: result: yes
configure:10535: checking dynamic linker characteristics
configure:11268: result: darwin dyld
configure:11375: checking how to hardcode library paths into programs
configure:11400: result: immediate
configure:11940: checking whether stripping libraries is possible
configure:11954: result: yes
configure:11980: checking if libtool supports shared libraries
configure:11982: result: yes
configure:11985: checking whether to build shared libraries
configure:12006: result: no
configure:12009: checking whether to build static libraries
configure:12013: result: yes
configure:12051: checking warning make an error on compilation
configure:12198: checking for seteuid
configure:12198: xcrun clang -std=c99  -arch armv7 -mcpu=cortex-a8 -isysroot /Applications/Xcode.app/Contents/Developer/Platforms/iPhoneOS.platform/Developer/SDKs/iPhoneOS7.0.sdk -miphoneos-version-min=4.0 -DTARGET_OS_IPHONE=1 -D__IOS -fms-extensions -o conftest -g -O2 -Wall -Dasm=__asm  conftest.c  >&5
configure:12198: $? = 0
configure:12198: result: yes
configure:12209: checking for pthread_mutex_init in -lpthread
configure:12234: xcrun clang -std=c99  -arch armv7 -mcpu=cortex-a8 -isysroot /Applications/Xcode.app/Contents/Developer/Platforms/iPhoneOS.platform/Developer/SDKs/iPhoneOS7.0.sdk -miphoneos-version-min=4.0 -DTARGET_OS_IPHONE=1 -D__IOS -fms-extensions -o conftest -g -O2 -Wall -Dasm=__asm  conftest.c -lpthread   >&5
configure:12234: $? = 0
configure:12243: result: yes
configure:12276: checking for clock_gettime in -lrt
configure:12301: xcrun clang -std=c99  -arch armv7 -mcpu=cortex-a8 -isysroot /Applications/Xcode.app/Contents/Developer/Platforms/iPhoneOS.platform/Developer/SDKs/iPhoneOS7.0.sdk -miphoneos-version-min=4.0 -DTARGET_OS_IPHONE=1 -D__IOS -fms-extensions -o conftest -g -O2 -Wall -Dasm=__asm  conftest.c -lrt   >&5
ld: library not found for -lrt
clang: error: linker command failed with exit code 1 (use -v to see invocation)
configure:12301: $? = 1
configure: failed program was:
| /* confdefs.h */
| #define PACKAGE_NAME "ortp"
| #define PACKAGE_TARNAME "ortp"
| #define PACKAGE_VERSION "0.22.1"
| #define PACKAGE_STRING "ortp 0.22.1"
| #define PACKAGE_BUGREPORT ""
| #define PACKAGE_URL ""
| #define PACKAGE "ortp"
| #define VERSION "0.22.1"
| #define ORTP_MAJOR_VERSION 0
| #define ORTP_MINOR_VERSION 22
| #define ORTP_MICRO_VERSION 1
| #define ORTP_VERSION "0.22.1"
| #define STDC_HEADERS 1
| #define HAVE_SYS_TYPES_H 1
| #define HAVE_SYS_STAT_H 1
| #define HAVE_STDLIB_H 1
| #define HAVE_STRING_H 1
| #define HAVE_MEMORY_H 1
| #define HAVE_STRINGS_H 1
| #define HAVE_INTTYPES_H 1
| #define HAVE_STDINT_H 1
| #define HAVE_UNISTD_H 1
| #define HAVE_DLFCN_H 1
| #define LT_OBJDIR ".libs/"
| #define __APPLE_USE_RFC_2292 1
| #define HAVE_SETEUID 1
| #define ORTP_DEFAULT_THREAD_STACK_SIZE 0
| /* end confdefs.h.  */
| 
| /* Override any GCC internal prototype to avoid an error.
|    Use char because int might match the return type of a GCC
|    builtin and then its argument prototype would still apply.  */
| #ifdef __cplusplus
| extern "C"
| #endif
| char clock_gettime ();
| int
| main ()
| {
| return clock_gettime ();
|   ;
|   return 0;
| }
configure:12310: result: no
configure:12341: checking srtp/srtp.h usability
configure:12341: xcrun clang -std=c99  -arch armv7 -mcpu=cortex-a8 -isysroot /Applications/Xcode.app/Contents/Developer/Platforms/iPhoneOS.platform/Developer/SDKs/iPhoneOS7.0.sdk -miphoneos-version-min=4.0 -DTARGET_OS_IPHONE=1 -D__IOS -fms-extensions -c -g -O2 -Wall -Dasm=__asm -I/Users/karimjimo/Downloads/linphone-iphone/submodules/build/..//../liblinphone-sdk/armv7-apple-darwin/include -I/Users/karimjimo/Downloads/linphone-iphone/submodules/build/..//../liblinphone-sdk/armv7-apple-darwin/include/srtp conftest.c >&5
In file included from conftest.c:63:
In file included from /Users/karimjimo/Downloads/linphone-iphone/submodules/build/..//../liblinphone-sdk/armv7-apple-darwin/include/srtp/srtp.h:53:
In file included from /Users/karimjimo/Downloads/linphone-iphone/submodules/build/..//../liblinphone-sdk/armv7-apple-darwin/include/srtp/crypto_kernel.h:49:
In file included from /Users/karimjimo/Downloads/linphone-iphone/submodules/build/..//../liblinphone-sdk/armv7-apple-darwin/include/srtp/rand_source.h:49:
In file included from /Users/karimjimo/Downloads/linphone-iphone/submodules/build/..//../liblinphone-sdk/armv7-apple-darwin/include/srtp/err.h:49:
In file included from /Users/karimjimo/Downloads/linphone-iphone/submodules/build/..//../liblinphone-sdk/armv7-apple-darwin/include/srtp/datatypes.h:50:
In file included from /Users/karimjimo/Downloads/linphone-iphone/submodules/build/..//../liblinphone-sdk/armv7-apple-darwin/include/srtp/integers.h:50:
/Users/karimjimo/Downloads/linphone-iphone/submodules/build/..//../liblinphone-sdk/armv7-apple-darwin/include/srtp/config.h:125:9: warning: 'PACKAGE_NAME' macro redefined
#define PACKAGE_NAME ""
        ^
conftest.c:2:9: note: previous definition is here
#define PACKAGE_NAME "ortp"
        ^
In file included from conftest.c:63:
In file included from /Users/karimjimo/Downloads/linphone-iphone/submodules/build/..//../liblinphone-sdk/armv7-apple-darwin/include/srtp/srtp.h:53:
In file included from /Users/karimjimo/Downloads/linphone-iphone/submodules/build/..//../liblinphone-sdk/armv7-apple-darwin/include/srtp/crypto_kernel.h:49:
In file included from /Users/karimjimo/Downloads/linphone-iphone/submodules/build/..//../liblinphone-sdk/armv7-apple-darwin/include/srtp/rand_source.h:49:
In file included from /Users/karimjimo/Downloads/linphone-iphone/submodules/build/..//../liblinphone-sdk/armv7-apple-darwin/include/srtp/err.h:49:
In file included from /Users/karimjimo/Downloads/linphone-iphone/submodules/build/..//../liblinphone-sdk/armv7-apple-darwin/include/srtp/datatypes.h:50:
In file included from /Users/karimjimo/Downloads/linphone-iphone/submodules/build/..//../liblinphone-sdk/armv7-apple-darwin/include/srtp/integers.h:50:
/Users/karimjimo/Downloads/linphone-iphone/submodules/build/..//../liblinphone-sdk/armv7-apple-darwin/include/srtp/config.h:128:9: warning: 'PACKAGE_STRING' macro redefined
#define PACKAGE_STRING ""
        ^
conftest.c:5:9: note: previous definition is here
#define PACKAGE_STRING "ortp 0.22.1"
        ^
In file included from conftest.c:63:
In file included from /Users/karimjimo/Downloads/linphone-iphone/submodules/build/..//../liblinphone-sdk/armv7-apple-darwin/include/srtp/srtp.h:53:
In file included from /Users/karimjimo/Downloads/linphone-iphone/submodules/build/..//../liblinphone-sdk/armv7-apple-darwin/include/srtp/crypto_kernel.h:49:
In file included from /Users/karimjimo/Downloads/linphone-iphone/submodules/build/..//../liblinphone-sdk/armv7-apple-darwin/include/srtp/rand_source.h:49:
In file included from /Users/karimjimo/Downloads/linphone-iphone/submodules/build/..//../liblinphone-sdk/armv7-apple-darwin/include/srtp/err.h:49:
In file included from /Users/karimjimo/Downloads/linphone-iphone/submodules/build/..//../liblinphone-sdk/armv7-apple-darwin/include/srtp/datatypes.h:50:
In file included from /Users/karimjimo/Downloads/linphone-iphone/submodules/build/..//../liblinphone-sdk/armv7-apple-darwin/include/srtp/integers.h:50:
/Users/karimjimo/Downloads/linphone-iphone/submodules/build/..//../liblinphone-sdk/armv7-apple-darwin/include/srtp/config.h:131:9: warning: 'PACKAGE_TARNAME' macro redefined
#define PACKAGE_TARNAME ""
        ^
conftest.c:3:9: note: previous definition is here
#define PACKAGE_TARNAME "ortp"
        ^
In file included from conftest.c:63:
In file included from /Users/karimjimo/Downloads/linphone-iphone/submodules/build/..//../liblinphone-sdk/armv7-apple-darwin/include/srtp/srtp.h:53:
In file included from /Users/karimjimo/Downloads/linphone-iphone/submodules/build/..//../liblinphone-sdk/armv7-apple-darwin/include/srtp/crypto_kernel.h:49:
In file included from /Users/karimjimo/Downloads/linphone-iphone/submodules/build/..//../liblinphone-sdk/armv7-apple-darwin/include/srtp/rand_source.h:49:
In file included from /Users/karimjimo/Downloads/linphone-iphone/submodules/build/..//../liblinphone-sdk/armv7-apple-darwin/include/srtp/err.h:49:
In file included from /Users/karimjimo/Downloads/linphone-iphone/submodules/build/..//../liblinphone-sdk/armv7-apple-darwin/include/srtp/datatypes.h:50:
In file included from /Users/karimjimo/Downloads/linphone-iphone/submodules/build/..//../liblinphone-sdk/armv7-apple-darwin/include/srtp/integers.h:50:
/Users/karimjimo/Downloads/linphone-iphone/submodules/build/..//../liblinphone-sdk/armv7-apple-darwin/include/srtp/config.h:134:9: warning: 'PACKAGE_VERSION' macro redefined
#define PACKAGE_VERSION ""
        ^
conftest.c:4:9: note: previous definition is here
#define PACKAGE_VERSION "0.22.1"
        ^
4 warnings generated.
configure:12341: $? = 0
configure:12341: result: yes
configure:12341: checking srtp/srtp.h presence
configure:12341: xcrun clang -std=c99  -arch armv7 -mcpu=cortex-a8 -isysroot /Applications/Xcode.app/Contents/Developer/Platforms/iPhoneOS.platform/Developer/SDKs/iPhoneOS7.0.sdk -miphoneos-version-min=4.0 -DTARGET_OS_IPHONE=1 -D__IOS -fms-extensions -E -Dasm=__asm -I/Users/karimjimo/Downloads/linphone-iphone/submodules/build/..//../liblinphone-sdk/armv7-apple-darwin/include -I/Users/karimjimo/Downloads/linphone-iphone/submodules/build/..//../liblinphone-sdk/armv7-apple-darwin/include/srtp conftest.c
In file included from conftest.c:30:
In file included from /Users/karimjimo/Downloads/linphone-iphone/submodules/build/..//../liblinphone-sdk/armv7-apple-darwin/include/srtp/srtp.h:53:
In file included from /Users/karimjimo/Downloads/linphone-iphone/submodules/build/..//../liblinphone-sdk/armv7-apple-darwin/include/srtp/crypto_kernel.h:49:
In file included from /Users/karimjimo/Downloads/linphone-iphone/submodules/build/..//../liblinphone-sdk/armv7-apple-darwin/include/srtp/rand_source.h:49:
In file included from /Users/karimjimo/Downloads/linphone-iphone/submodules/build/..//../liblinphone-sdk/armv7-apple-darwin/include/srtp/err.h:49:
In file included from /Users/karimjimo/Downloads/linphone-iphone/submodules/build/..//../liblinphone-sdk/armv7-apple-darwin/include/srtp/datatypes.h:50:
In file included from /Users/karimjimo/Downloads/linphone-iphone/submodules/build/..//../liblinphone-sdk/armv7-apple-darwin/include/srtp/integers.h:50:
/Users/karimjimo/Downloads/linphone-iphone/submodules/build/..//../liblinphone-sdk/armv7-apple-darwin/include/srtp/config.h:125:9: warning: 'PACKAGE_NAME' macro redefined
#define PACKAGE_NAME ""
        ^
conftest.c:2:9: note: previous definition is here
#define PACKAGE_NAME "ortp"
        ^
In file included from conftest.c:30:
In file included from /Users/karimjimo/Downloads/linphone-iphone/submodules/build/..//../liblinphone-sdk/armv7-apple-darwin/include/srtp/srtp.h:53:
In file included from /Users/karimjimo/Downloads/linphone-iphone/submodules/build/..//../liblinphone-sdk/armv7-apple-darwin/include/srtp/crypto_kernel.h:49:
In file included from /Users/karimjimo/Downloads/linphone-iphone/submodules/build/..//../liblinphone-sdk/armv7-apple-darwin/include/srtp/rand_source.h:49:
In file included from /Users/karimjimo/Downloads/linphone-iphone/submodules/build/..//../liblinphone-sdk/armv7-apple-darwin/include/srtp/err.h:49:
In file included from /Users/karimjimo/Downloads/linphone-iphone/submodules/build/..//../liblinphone-sdk/armv7-apple-darwin/include/srtp/datatypes.h:50:
In file included from /Users/karimjimo/Downloads/linphone-iphone/submodules/build/..//../liblinphone-sdk/armv7-apple-darwin/include/srtp/integers.h:50:
/Users/karimjimo/Downloads/linphone-iphone/submodules/build/..//../liblinphone-sdk/armv7-apple-darwin/include/srtp/config.h:128:9: warning: 'PACKAGE_STRING' macro redefined
#define PACKAGE_STRING ""
        ^
conftest.c:5:9: note: previous definition is here
#define PACKAGE_STRING "ortp 0.22.1"
        ^
In file included from conftest.c:30:
In file included from /Users/karimjimo/Downloads/linphone-iphone/submodules/build/..//../liblinphone-sdk/armv7-apple-darwin/include/srtp/srtp.h:53:
In file included from /Users/karimjimo/Downloads/linphone-iphone/submodules/build/..//../liblinphone-sdk/armv7-apple-darwin/include/srtp/crypto_kernel.h:49:
In file included from /Users/karimjimo/Downloads/linphone-iphone/submodules/build/..//../liblinphone-sdk/armv7-apple-darwin/include/srtp/rand_source.h:49:
In file included from /Users/karimjimo/Downloads/linphone-iphone/submodules/build/..//../liblinphone-sdk/armv7-apple-darwin/include/srtp/err.h:49:
In file included from /Users/karimjimo/Downloads/linphone-iphone/submodules/build/..//../liblinphone-sdk/armv7-apple-darwin/include/srtp/datatypes.h:50:
In file included from /Users/karimjimo/Downloads/linphone-iphone/submodules/build/..//../liblinphone-sdk/armv7-apple-darwin/include/srtp/integers.h:50:
/Users/karimjimo/Downloads/linphone-iphone/submodules/build/..//../liblinphone-sdk/armv7-apple-darwin/include/srtp/config.h:131:9: warning: 'PACKAGE_TARNAME' macro redefined
#define PACKAGE_TARNAME ""
        ^
conftest.c:3:9: note: previous definition is here
#define PACKAGE_TARNAME "ortp"
        ^
In file included from conftest.c:30:
In file included from /Users/karimjimo/Downloads/linphone-iphone/submodules/build/..//../liblinphone-sdk/armv7-apple-darwin/include/srtp/srtp.h:53:
In file included from /Users/karimjimo/Downloads/linphone-iphone/submodules/build/..//../liblinphone-sdk/armv7-apple-darwin/include/srtp/crypto_kernel.h:49:
In file included from /Users/karimjimo/Downloads/linphone-iphone/submodules/build/..//../liblinphone-sdk/armv7-apple-darwin/include/srtp/rand_source.h:49:
In file included from /Users/karimjimo/Downloads/linphone-iphone/submodules/build/..//../liblinphone-sdk/armv7-apple-darwin/include/srtp/err.h:49:
In file included from /Users/karimjimo/Downloads/linphone-iphone/submodules/build/..//../liblinphone-sdk/armv7-apple-darwin/include/srtp/datatypes.h:50:
In file included from /Users/karimjimo/Downloads/linphone-iphone/submodules/build/..//../liblinphone-sdk/armv7-apple-darwin/include/srtp/integers.h:50:
/Users/karimjimo/Downloads/linphone-iphone/submodules/build/..//../liblinphone-sdk/armv7-apple-darwin/include/srtp/config.h:134:9: warning: 'PACKAGE_VERSION' macro redefined
#define PACKAGE_VERSION ""
        ^
conftest.c:4:9: note: previous definition is here
#define PACKAGE_VERSION "0.22.1"
        ^
4 warnings generated.
configure:12341: $? = 0
configure:12341: result: yes
configure:12341: checking for srtp/srtp.h
configure:12341: result: yes
configure:12352: checking for srtp_init in -lsrtp
configure:12377: xcrun clang -std=c99  -arch armv7 -mcpu=cortex-a8 -isysroot /Applications/Xcode.app/Contents/Developer/Platforms/iPhoneOS.platform/Developer/SDKs/iPhoneOS7.0.sdk -miphoneos-version-min=4.0 -DTARGET_OS_IPHONE=1 -D__IOS -fms-extensions -o conftest -g -O2 -Wall -Dasm=__asm  -L/Users/karimjimo/Downloads/linphone-iphone/submodules/build/..//../liblinphone-sdk/armv7-apple-darwin/lib -lsrtp conftest.c -lsrtp   >&5
configure:12377: $? = 0
configure:12386: result: yes
configure:12392: checking for srtp_shutdown in -lsrtp
configure:12417: xcrun clang -std=c99  -arch armv7 -mcpu=cortex-a8 -isysroot /Applications/Xcode.app/Contents/Developer/Platforms/iPhoneOS.platform/Developer/SDKs/iPhoneOS7.0.sdk -miphoneos-version-min=4.0 -DTARGET_OS_IPHONE=1 -D__IOS -fms-extensions -o conftest -g -O2 -Wall -Dasm=__asm  -L/Users/karimjimo/Downloads/linphone-iphone/submodules/build/..//../liblinphone-sdk/armv7-apple-darwin/lib -lsrtp conftest.c -lsrtp   >&5
configure:12417: $? = 0
configure:12426: result: yes
configure:12443: checking for sha1_update in -lsrtp
configure:12468: xcrun clang -std=c99  -arch armv7 -mcpu=cortex-a8 -isysroot /Applications/Xcode.app/Contents/Developer/Platforms/iPhoneOS.platform/Developer/SDKs/iPhoneOS7.0.sdk -miphoneos-version-min=4.0 -DTARGET_OS_IPHONE=1 -D__IOS -fms-extensions -o conftest -g -O2 -Wall -Dasm=__asm  -L/Users/karimjimo/Downloads/linphone-iphone/submodules/build/..//../liblinphone-sdk/armv7-apple-darwin/lib -lsrtp conftest.c -lsrtp   >&5
Undefined symbols for architecture armv7:
  "_sha1_update", referenced from:
      _main in conftest-EC5ama.o
ld: symbol(s) not found for architecture armv7
clang: error: linker command failed with exit code 1 (use -v to see invocation)
configure:12468: $? = 1
configure: failed program was:
| /* confdefs.h */
| #define PACKAGE_NAME "ortp"
| #define PACKAGE_TARNAME "ortp"
| #define PACKAGE_VERSION "0.22.1"
| #define PACKAGE_STRING "ortp 0.22.1"
| #define PACKAGE_BUGREPORT ""
| #define PACKAGE_URL ""
| #define PACKAGE "ortp"
| #define VERSION "0.22.1"
| #define ORTP_MAJOR_VERSION 0
| #define ORTP_MINOR_VERSION 22
| #define ORTP_MICRO_VERSION 1
| #define ORTP_VERSION "0.22.1"
| #define STDC_HEADERS 1
| #define HAVE_SYS_TYPES_H 1
| #define HAVE_SYS_STAT_H 1
| #define HAVE_STDLIB_H 1
| #define HAVE_STRING_H 1
| #define HAVE_MEMORY_H 1
| #define HAVE_STRINGS_H 1
| #define HAVE_INTTYPES_H 1
| #define HAVE_STDINT_H 1
| #define HAVE_UNISTD_H 1
| #define HAVE_DLFCN_H 1
| #define LT_OBJDIR ".libs/"
| #define __APPLE_USE_RFC_2292 1
| #define HAVE_SETEUID 1
| #define ORTP_DEFAULT_THREAD_STACK_SIZE 0
| #define HAVE_SRTP_SHUTDOWN 1
| /* end confdefs.h.  */
| 
| /* Override any GCC internal prototype to avoid an error.
|    Use char because int might match the return type of a GCC
|    builtin and then its argument prototype would still apply.  */
| #ifdef __cplusplus
| extern "C"
| #endif
| char sha1_update ();
| int
| main ()
| {
| return sha1_update ();
|   ;
|   return 0;
| }
configure:12477: result: no
configure:13275: checking for ANSI C header files
configure:13379: result: yes
configure:13390: checking poll.h usability
configure:13390: xcrun clang -std=c99  -arch armv7 -mcpu=cortex-a8 -isysroot /Applications/Xcode.app/Contents/Developer/Platforms/iPhoneOS.platform/Developer/SDKs/iPhoneOS7.0.sdk -miphoneos-version-min=4.0 -DTARGET_OS_IPHONE=1 -D__IOS -fms-extensions -c -g -O2 -Wall -Dasm=__asm conftest.c >&5
configure:13390: $? = 0
configure:13390: result: yes
configure:13390: checking poll.h presence
configure:13390: xcrun clang -std=c99  -arch armv7 -mcpu=cortex-a8 -isysroot /Applications/Xcode.app/Contents/Developer/Platforms/iPhoneOS.platform/Developer/SDKs/iPhoneOS7.0.sdk -miphoneos-version-min=4.0 -DTARGET_OS_IPHONE=1 -D__IOS -fms-extensions -E -Dasm=__asm conftest.c
configure:13390: $? = 0
configure:13390: result: yes
configure:13390: checking for poll.h
configure:13390: result: yes
configure:13390: checking sys/poll.h usability
configure:13390: xcrun clang -std=c99  -arch armv7 -mcpu=cortex-a8 -isysroot /Applications/Xcode.app/Contents/Developer/Platforms/iPhoneOS.platform/Developer/SDKs/iPhoneOS7.0.sdk -miphoneos-version-min=4.0 -DTARGET_OS_IPHONE=1 -D__IOS -fms-extensions -c -g -O2 -Wall -Dasm=__asm conftest.c >&5
configure:13390: $? = 0
configure:13390: result: yes
configure:13390: checking sys/poll.h presence
configure:13390: xcrun clang -std=c99  -arch armv7 -mcpu=cortex-a8 -isysroot /Applications/Xcode.app/Contents/Developer/Platforms/iPhoneOS.platform/Developer/SDKs/iPhoneOS7.0.sdk -miphoneos-version-min=4.0 -DTARGET_OS_IPHONE=1 -D__IOS -fms-extensions -E -Dasm=__asm conftest.c
configure:13390: $? = 0
configure:13390: result: yes
configure:13390: checking for sys/poll.h
configure:13390: result: yes
configure:13390: checking sys/uio.h usability
configure:13390: xcrun clang -std=c99  -arch armv7 -mcpu=cortex-a8 -isysroot /Applications/Xcode.app/Contents/Developer/Platforms/iPhoneOS.platform/Developer/SDKs/iPhoneOS7.0.sdk -miphoneos-version-min=4.0 -DTARGET_OS_IPHONE=1 -D__IOS -fms-extensions -c -g -O2 -Wall -Dasm=__asm conftest.c >&5
configure:13390: $? = 0
configure:13390: result: yes
configure:13390: checking sys/uio.h presence
configure:13390: xcrun clang -std=c99  -arch armv7 -mcpu=cortex-a8 -isysroot /Applications/Xcode.app/Contents/Developer/Platforms/iPhoneOS.platform/Developer/SDKs/iPhoneOS7.0.sdk -miphoneos-version-min=4.0 -DTARGET_OS_IPHONE=1 -D__IOS -fms-extensions -E -Dasm=__asm conftest.c
configure:13390: $? = 0
configure:13390: result: yes
configure:13390: checking for sys/uio.h
configure:13390: result: yes
configure:13390: checking fcntl.h usability
configure:13390: xcrun clang -std=c99  -arch armv7 -mcpu=cortex-a8 -isysroot /Applications/Xcode.app/Contents/Developer/Platforms/iPhoneOS.platform/Developer/SDKs/iPhoneOS7.0.sdk -miphoneos-version-min=4.0 -DTARGET_OS_IPHONE=1 -D__IOS -fms-extensions -c -g -O2 -Wall -Dasm=__asm conftest.c >&5
configure:13390: $? = 0
configure:13390: result: yes
configure:13390: checking fcntl.h presence
configure:13390: xcrun clang -std=c99  -arch armv7 -mcpu=cortex-a8 -isysroot /Applications/Xcode.app/Contents/Developer/Platforms/iPhoneOS.platform/Developer/SDKs/iPhoneOS7.0.sdk -miphoneos-version-min=4.0 -DTARGET_OS_IPHONE=1 -D__IOS -fms-extensions -E -Dasm=__asm conftest.c
configure:13390: $? = 0
configure:13390: result: yes
configure:13390: checking for fcntl.h
configure:13390: result: yes
configure:13390: checking sys/time.h usability
configure:13390: xcrun clang -std=c99  -arch armv7 -mcpu=cortex-a8 -isysroot /Applications/Xcode.app/Contents/Developer/Platforms/iPhoneOS.platform/Developer/SDKs/iPhoneOS7.0.sdk -miphoneos-version-min=4.0 -DTARGET_OS_IPHONE=1 -D__IOS -fms-extensions -c -g -O2 -Wall -Dasm=__asm conftest.c >&5
configure:13390: $? = 0
configure:13390: result: yes
configure:13390: checking sys/time.h presence
configure:13390: xcrun clang -std=c99  -arch armv7 -mcpu=cortex-a8 -isysroot /Applications/Xcode.app/Contents/Developer/Platforms/iPhoneOS.platform/Developer/SDKs/iPhoneOS7.0.sdk -miphoneos-version-min=4.0 -DTARGET_OS_IPHONE=1 -D__IOS -fms-extensions -E -Dasm=__asm conftest.c
configure:13390: $? = 0
configure:13390: result: yes
configure:13390: checking for sys/time.h
configure:13390: result: yes
configure:13390: checking for unistd.h
configure:13390: result: yes
configure:13390: checking sys/audio.h usability
configure:13390: xcrun clang -std=c99  -arch armv7 -mcpu=cortex-a8 -isysroot /Applications/Xcode.app/Contents/Developer/Platforms/iPhoneOS.platform/Developer/SDKs/iPhoneOS7.0.sdk -miphoneos-version-min=4.0 -DTARGET_OS_IPHONE=1 -D__IOS -fms-extensions -c -g -O2 -Wall -Dasm=__asm conftest.c >&5
conftest.c:72:10: fatal error: 'sys/audio.h' file not found
#include <sys/audio.h>
         ^
1 error generated.
configure:13390: $? = 1
configure: failed program was:
| /* confdefs.h */
| #define PACKAGE_NAME "ortp"
| #define PACKAGE_TARNAME "ortp"
| #define PACKAGE_VERSION "0.22.1"
| #define PACKAGE_STRING "ortp 0.22.1"
| #define PACKAGE_BUGREPORT ""
| #define PACKAGE_URL ""
| #define PACKAGE "ortp"
| #define VERSION "0.22.1"
| #define ORTP_MAJOR_VERSION 0
| #define ORTP_MINOR_VERSION 22
| #define ORTP_MICRO_VERSION 1
| #define ORTP_VERSION "0.22.1"
| #define STDC_HEADERS 1
| #define HAVE_SYS_TYPES_H 1
| #define HAVE_SYS_STAT_H 1
| #define HAVE_STDLIB_H 1
| #define HAVE_STRING_H 1
| #define HAVE_MEMORY_H 1
| #define HAVE_STRINGS_H 1
| #define HAVE_INTTYPES_H 1
| #define HAVE_STDINT_H 1
| #define HAVE_UNISTD_H 1
| #define HAVE_DLFCN_H 1
| #define LT_OBJDIR ".libs/"
| #define __APPLE_USE_RFC_2292 1
| #define HAVE_SETEUID 1
| #define ORTP_DEFAULT_THREAD_STACK_SIZE 0
| #define HAVE_SRTP_SHUTDOWN 1
| #define HAVE_SRTP 1
| #define STDC_HEADERS 1
| #define HAVE_POLL_H 1
| #define HAVE_SYS_POLL_H 1
| #define HAVE_SYS_UIO_H 1
| #define HAVE_FCNTL_H 1
| #define HAVE_SYS_TIME_H 1
| #define HAVE_UNISTD_H 1
| /* end confdefs.h.  */
| #include <stdio.h>
| #ifdef HAVE_SYS_TYPES_H
| # include <sys/types.h>
| #endif
| #ifdef HAVE_SYS_STAT_H
| # include <sys/stat.h>
| #endif
| #ifdef STDC_HEADERS
| # include <stdlib.h>
| # include <stddef.h>
| #else
| # ifdef HAVE_STDLIB_H
| #  include <stdlib.h>
| # endif
| #endif
| #ifdef HAVE_STRING_H
| # if !defined STDC_HEADERS && defined HAVE_MEMORY_H
| #  include <memory.h>
| # endif
| # include <string.h>
| #endif
| #ifdef HAVE_STRINGS_H
| # include <strings.h>
| #endif
| #ifdef HAVE_INTTYPES_H
| # include <inttypes.h>
| #endif
| #ifdef HAVE_STDINT_H
| # include <stdint.h>
| #endif
| #ifdef HAVE_UNISTD_H
| # include <unistd.h>
| #endif
| #include <sys/audio.h>
configure:13390: result: no
configure:13390: checking sys/audio.h presence
configure:13390: xcrun clang -std=c99  -arch armv7 -mcpu=cortex-a8 -isysroot /Applications/Xcode.app/Contents/Developer/Platforms/iPhoneOS.platform/Developer/SDKs/iPhoneOS7.0.sdk -miphoneos-version-min=4.0 -DTARGET_OS_IPHONE=1 -D__IOS -fms-extensions -E -Dasm=__asm conftest.c
conftest.c:39:10: fatal error: 'sys/audio.h' file not found
#include <sys/audio.h>
         ^
1 error generated.
configure:13390: $? = 1
configure: failed program was:
| /* confdefs.h */
| #define PACKAGE_NAME "ortp"
| #define PACKAGE_TARNAME "ortp"
| #define PACKAGE_VERSION "0.22.1"
| #define PACKAGE_STRING "ortp 0.22.1"
| #define PACKAGE_BUGREPORT ""
| #define PACKAGE_URL ""
| #define PACKAGE "ortp"
| #define VERSION "0.22.1"
| #define ORTP_MAJOR_VERSION 0
| #define ORTP_MINOR_VERSION 22
| #define ORTP_MICRO_VERSION 1
| #define ORTP_VERSION "0.22.1"
| #define STDC_HEADERS 1
| #define HAVE_SYS_TYPES_H 1
| #define HAVE_SYS_STAT_H 1
| #define HAVE_STDLIB_H 1
| #define HAVE_STRING_H 1
| #define HAVE_MEMORY_H 1
| #define HAVE_STRINGS_H 1
| #define HAVE_INTTYPES_H 1
| #define HAVE_STDINT_H 1
| #define HAVE_UNISTD_H 1
| #define HAVE_DLFCN_H 1
| #define LT_OBJDIR ".libs/"
| #define __APPLE_USE_RFC_2292 1
| #define HAVE_SETEUID 1
| #define ORTP_DEFAULT_THREAD_STACK_SIZE 0
| #define HAVE_SRTP_SHUTDOWN 1
| #define HAVE_SRTP 1
| #define STDC_HEADERS 1
| #define HAVE_POLL_H 1
| #define HAVE_SYS_POLL_H 1
| #define HAVE_SYS_UIO_H 1
| #define HAVE_FCNTL_H 1
| #define HAVE_SYS_TIME_H 1
| #define HAVE_UNISTD_H 1
| /* end confdefs.h.  */
| #include <sys/audio.h>
configure:13390: result: no
configure:13390: checking for sys/audio.h
configure:13390: result: no
configure:13390: checking linux/soundcard.h usability
configure:13390: xcrun clang -std=c99  -arch armv7 -mcpu=cortex-a8 -isysroot /Applications/Xcode.app/Contents/Developer/Platforms/iPhoneOS.platform/Developer/SDKs/iPhoneOS7.0.sdk -miphoneos-version-min=4.0 -DTARGET_OS_IPHONE=1 -D__IOS -fms-extensions -c -g -O2 -Wall -Dasm=__asm conftest.c >&5
conftest.c:72:10: fatal error: 'linux/soundcard.h' file not found
#include <linux/soundcard.h>
         ^
1 error generated.
configure:13390: $? = 1
configure: failed program was:
| /* confdefs.h */
| #define PACKAGE_NAME "ortp"
| #define PACKAGE_TARNAME "ortp"
| #define PACKAGE_VERSION "0.22.1"
| #define PACKAGE_STRING "ortp 0.22.1"
| #define PACKAGE_BUGREPORT ""
| #define PACKAGE_URL ""
| #define PACKAGE "ortp"
| #define VERSION "0.22.1"
| #define ORTP_MAJOR_VERSION 0
| #define ORTP_MINOR_VERSION 22
| #define ORTP_MICRO_VERSION 1
| #define ORTP_VERSION "0.22.1"
| #define STDC_HEADERS 1
| #define HAVE_SYS_TYPES_H 1
| #define HAVE_SYS_STAT_H 1
| #define HAVE_STDLIB_H 1
| #define HAVE_STRING_H 1
| #define HAVE_MEMORY_H 1
| #define HAVE_STRINGS_H 1
| #define HAVE_INTTYPES_H 1
| #define HAVE_STDINT_H 1
| #define HAVE_UNISTD_H 1
| #define HAVE_DLFCN_H 1
| #define LT_OBJDIR ".libs/"
| #define __APPLE_USE_RFC_2292 1
| #define HAVE_SETEUID 1
| #define ORTP_DEFAULT_THREAD_STACK_SIZE 0
| #define HAVE_SRTP_SHUTDOWN 1
| #define HAVE_SRTP 1
| #define STDC_HEADERS 1
| #define HAVE_POLL_H 1
| #define HAVE_SYS_POLL_H 1
| #define HAVE_SYS_UIO_H 1
| #define HAVE_FCNTL_H 1
| #define HAVE_SYS_TIME_H 1
| #define HAVE_UNISTD_H 1
| /* end confdefs.h.  */
| #include <stdio.h>
| #ifdef HAVE_SYS_TYPES_H
| # include <sys/types.h>
| #endif
| #ifdef HAVE_SYS_STAT_H
| # include <sys/stat.h>
| #endif
| #ifdef STDC_HEADERS
| # include <stdlib.h>
| # include <stddef.h>
| #else
| # ifdef HAVE_STDLIB_H
| #  include <stdlib.h>
| # endif
| #endif
| #ifdef HAVE_STRING_H
| # if !defined STDC_HEADERS && defined HAVE_MEMORY_H
| #  include <memory.h>
| # endif
| # include <string.h>
| #endif
| #ifdef HAVE_STRINGS_H
| # include <strings.h>
| #endif
| #ifdef HAVE_INTTYPES_H
| # include <inttypes.h>
| #endif
| #ifdef HAVE_STDINT_H
| # include <stdint.h>
| #endif
| #ifdef HAVE_UNISTD_H
| # include <unistd.h>
| #endif
| #include <linux/soundcard.h>
configure:13390: result: no
configure:13390: checking linux/soundcard.h presence
configure:13390: xcrun clang -std=c99  -arch armv7 -mcpu=cortex-a8 -isysroot /Applications/Xcode.app/Contents/Developer/Platforms/iPhoneOS.platform/Developer/SDKs/iPhoneOS7.0.sdk -miphoneos-version-min=4.0 -DTARGET_OS_IPHONE=1 -D__IOS -fms-extensions -E -Dasm=__asm conftest.c
conftest.c:39:10: fatal error: 'linux/soundcard.h' file not found
#include <linux/soundcard.h>
         ^
1 error generated.
configure:13390: $? = 1
configure: failed program was:
| /* confdefs.h */
| #define PACKAGE_NAME "ortp"
| #define PACKAGE_TARNAME "ortp"
| #define PACKAGE_VERSION "0.22.1"
| #define PACKAGE_STRING "ortp 0.22.1"
| #define PACKAGE_BUGREPORT ""
| #define PACKAGE_URL ""
| #define PACKAGE "ortp"
| #define VERSION "0.22.1"
| #define ORTP_MAJOR_VERSION 0
| #define ORTP_MINOR_VERSION 22
| #define ORTP_MICRO_VERSION 1
| #define ORTP_VERSION "0.22.1"
| #define STDC_HEADERS 1
| #define HAVE_SYS_TYPES_H 1
| #define HAVE_SYS_STAT_H 1
| #define HAVE_STDLIB_H 1
| #define HAVE_STRING_H 1
| #define HAVE_MEMORY_H 1
| #define HAVE_STRINGS_H 1
| #define HAVE_INTTYPES_H 1
| #define HAVE_STDINT_H 1
| #define HAVE_UNISTD_H 1
| #define HAVE_DLFCN_H 1
| #define LT_OBJDIR ".libs/"
| #define __APPLE_USE_RFC_2292 1
| #define HAVE_SETEUID 1
| #define ORTP_DEFAULT_THREAD_STACK_SIZE 0
| #define HAVE_SRTP_SHUTDOWN 1
| #define HAVE_SRTP 1
| #define STDC_HEADERS 1
| #define HAVE_POLL_H 1
| #define HAVE_SYS_POLL_H 1
| #define HAVE_SYS_UIO_H 1
| #define HAVE_FCNTL_H 1
| #define HAVE_SYS_TIME_H 1
| #define HAVE_UNISTD_H 1
| /* end confdefs.h.  */
| #include <linux/soundcard.h>
configure:13390: result: no
configure:13390: checking for linux/soundcard.h
configure:13390: result: no
configure:13390: checking sys/shm.h usability
configure:13390: xcrun clang -std=c99  -arch armv7 -mcpu=cortex-a8 -isysroot /Applications/Xcode.app/Contents/Developer/Platforms/iPhoneOS.platform/Developer/SDKs/iPhoneOS7.0.sdk -miphoneos-version-min=4.0 -DTARGET_OS_IPHONE=1 -D__IOS -fms-extensions -c -g -O2 -Wall -Dasm=__asm conftest.c >&5
configure:13390: $? = 0
configure:13390: result: yes
configure:13390: checking sys/shm.h presence
configure:13390: xcrun clang -std=c99  -arch armv7 -mcpu=cortex-a8 -isysroot /Applications/Xcode.app/Contents/Developer/Platforms/iPhoneOS.platform/Developer/SDKs/iPhoneOS7.0.sdk -miphoneos-version-min=4.0 -DTARGET_OS_IPHONE=1 -D__IOS -fms-extensions -E -Dasm=__asm conftest.c
configure:13390: $? = 0
configure:13390: result: yes
configure:13390: checking for sys/shm.h
configure:13390: result: yes
configure:13401: checking for an ANSI C-conforming const
configure:13467: xcrun clang -std=c99  -arch armv7 -mcpu=cortex-a8 -isysroot /Applications/Xcode.app/Contents/Developer/Platforms/iPhoneOS.platform/Developer/SDKs/iPhoneOS7.0.sdk -miphoneos-version-min=4.0 -DTARGET_OS_IPHONE=1 -D__IOS -fms-extensions -c -g -O2 -Wall -Dasm=__asm conftest.c >&5
configure:13467: $? = 0
configure:13474: result: yes
configure:13482: checking for inline
configure:13498: xcrun clang -std=c99  -arch armv7 -mcpu=cortex-a8 -isysroot /Applications/Xcode.app/Contents/Developer/Platforms/iPhoneOS.platform/Developer/SDKs/iPhoneOS7.0.sdk -miphoneos-version-min=4.0 -DTARGET_OS_IPHONE=1 -D__IOS -fms-extensions -c -g -O2 -Wall -Dasm=__asm conftest.c >&5
configure:13498: $? = 0
configure:13506: result: inline
configure:13524: checking whether time.h and sys/time.h may both be included
configure:13544: xcrun clang -std=c99  -arch armv7 -mcpu=cortex-a8 -isysroot /Applications/Xcode.app/Contents/Developer/Platforms/iPhoneOS.platform/Developer/SDKs/iPhoneOS7.0.sdk -miphoneos-version-min=4.0 -DTARGET_OS_IPHONE=1 -D__IOS -fms-extensions -c -g -O2 -Wall -Dasm=__asm conftest.c >&5
configure:13544: $? = 0
configure:13551: result: yes
configure:13559: checking whether byte ordering is bigendian
configure:13574: xcrun clang -std=c99  -arch armv7 -mcpu=cortex-a8 -isysroot /Applications/Xcode.app/Contents/Developer/Platforms/iPhoneOS.platform/Developer/SDKs/iPhoneOS7.0.sdk -miphoneos-version-min=4.0 -DTARGET_OS_IPHONE=1 -D__IOS -fms-extensions -c -g -O2 -Wall -Dasm=__asm conftest.c >&5
configure:13574: $? = 0
configure:13619: xcrun clang -std=c99  -arch armv7 -mcpu=cortex-a8 -isysroot /Applications/Xcode.app/Contents/Developer/Platforms/iPhoneOS.platform/Developer/SDKs/iPhoneOS7.0.sdk -miphoneos-version-min=4.0 -DTARGET_OS_IPHONE=1 -D__IOS -fms-extensions -c -g -O2 -Wall -Dasm=__asm conftest.c >&5
configure:13619: $? = 0
configure:13637: xcrun clang -std=c99  -arch armv7 -mcpu=cortex-a8 -isysroot /Applications/Xcode.app/Contents/Developer/Platforms/iPhoneOS.platform/Developer/SDKs/iPhoneOS7.0.sdk -miphoneos-version-min=4.0 -DTARGET_OS_IPHONE=1 -D__IOS -fms-extensions -c -g -O2 -Wall -Dasm=__asm conftest.c >&5
conftest.c:48:4: error: use of undeclared identifier 'not'
                 not big endian
                 ^
1 error generated.
configure:13637: $? = 1
configure: failed program was:
| /* confdefs.h */
| #define PACKAGE_NAME "ortp"
| #define PACKAGE_TARNAME "ortp"
| #define PACKAGE_VERSION "0.22.1"
| #define PACKAGE_STRING "ortp 0.22.1"
| #define PACKAGE_BUGREPORT ""
| #define PACKAGE_URL ""
| #define PACKAGE "ortp"
| #define VERSION "0.22.1"
| #define ORTP_MAJOR_VERSION 0
| #define ORTP_MINOR_VERSION 22
| #define ORTP_MICRO_VERSION 1
| #define ORTP_VERSION "0.22.1"
| #define STDC_HEADERS 1
| #define HAVE_SYS_TYPES_H 1
| #define HAVE_SYS_STAT_H 1
| #define HAVE_STDLIB_H 1
| #define HAVE_STRING_H 1
| #define HAVE_MEMORY_H 1
| #define HAVE_STRINGS_H 1
| #define HAVE_INTTYPES_H 1
| #define HAVE_STDINT_H 1
| #define HAVE_UNISTD_H 1
| #define HAVE_DLFCN_H 1
| #define LT_OBJDIR ".libs/"
| #define __APPLE_USE_RFC_2292 1
| #define HAVE_SETEUID 1
| #define ORTP_DEFAULT_THREAD_STACK_SIZE 0
| #define HAVE_SRTP_SHUTDOWN 1
| #define HAVE_SRTP 1
| #define STDC_HEADERS 1
| #define HAVE_POLL_H 1
| #define HAVE_SYS_POLL_H 1
| #define HAVE_SYS_UIO_H 1
| #define HAVE_FCNTL_H 1
| #define HAVE_SYS_TIME_H 1
| #define HAVE_UNISTD_H 1
| #define HAVE_SYS_SHM_H 1
| #define TIME_WITH_SYS_TIME 1
| /* end confdefs.h.  */
| #include <sys/types.h>
| 		#include <sys/param.h>
| 
| int
| main ()
| {
| #if BYTE_ORDER != BIG_ENDIAN
| 		 not big endian
| 		#endif
| 
|   ;
|   return 0;
| }
configure:13765: result: no
configure:13790: checking for select
configure:13790: xcrun clang -std=c99  -arch armv7 -mcpu=cortex-a8 -isysroot /Applications/Xcode.app/Contents/Developer/Platforms/iPhoneOS.platform/Developer/SDKs/iPhoneOS7.0.sdk -miphoneos-version-min=4.0 -DTARGET_OS_IPHONE=1 -D__IOS -fms-extensions -o conftest -g -O2 -Wall -Dasm=__asm  conftest.c  >&5
configure:13790: $? = 0
configure:13790: result: yes
configure:13790: checking for socket
configure:13790: xcrun clang -std=c99  -arch armv7 -mcpu=cortex-a8 -isysroot /Applications/Xcode.app/Contents/Developer/Platforms/iPhoneOS.platform/Developer/SDKs/iPhoneOS7.0.sdk -miphoneos-version-min=4.0 -DTARGET_OS_IPHONE=1 -D__IOS -fms-extensions -o conftest -g -O2 -Wall -Dasm=__asm  conftest.c  >&5
configure:13790: $? = 0
configure:13790: result: yes
configure:13790: checking for strerror
configure:13790: xcrun clang -std=c99  -arch armv7 -mcpu=cortex-a8 -isysroot /Applications/Xcode.app/Contents/Developer/Platforms/iPhoneOS.platform/Developer/SDKs/iPhoneOS7.0.sdk -miphoneos-version-min=4.0 -DTARGET_OS_IPHONE=1 -D__IOS -fms-extensions -o conftest -g -O2 -Wall -Dasm=__asm  conftest.c  >&5
conftest.c:66:6: warning: incompatible redeclaration of library function 'strerror' [-Wincompatible-library-redeclaration]
char strerror ();
     ^
conftest.c:66:6: note: 'strerror' is a builtin with type 'char *(int)'
1 warning generated.
configure:13790: $? = 0
configure:13790: result: yes
configure:13961: checking for doxygen
configure:13979: found /opt/local/bin/doxygen
configure:13992: result: /opt/local/bin/doxygen
configure:14013: checking for epm
configure:14044: result: false
configure:14054: checking for mkepmlist
configure:14085: result: false
configure:14095: checking for epminstall
configure:14126: result: false
configure:14313: checking that generated files are newer than configure
configure:14319: result: done
configure:14359: creating ./config.status

## ---------------------- ##
## Running config.status. ##
## ---------------------- ##

This file was extended by ortp config.status 0.22.1, which was
generated by GNU Autoconf 2.69.  Invocation command line was

  CONFIG_FILES    = 
  CONFIG_HEADERS  = 
  CONFIG_LINKS    = 
  CONFIG_COMMANDS = 
  $ ./config.status 

on new-host-3.home

config.status:1165: creating Makefile
config.status:1165: creating include/Makefile
config.status:1165: creating include/ortp/Makefile
config.status:1165: creating m4/Makefile
config.status:1165: creating src/Makefile
config.status:1165: creating src/tests/Makefile
config.status:1165: creating src/tests/win_receiver/Makefile
config.status:1165: creating src/tests/win_sender/Makefile
config.status:1165: creating build/Makefile
config.status:1165: creating build/win32native/Makefile
config.status:1165: creating build/wince/Makefile
config.status:1165: creating build/winmob/Makefile
config.status:1165: creating ortp.pc
config.status:1165: creating ortp.spec
config.status:1165: creating ortp.doxygen
config.status:1165: creating ortp-config.h
config.status:1379: executing depfiles commands
config.status:1379: executing libtool commands
config.status:1379: executing libtool-hacking commands

## ---------------- ##
## Cache variables. ##
## ---------------- ##

ac_cv_build=x86_64-apple-darwin12.5.0
ac_cv_c_bigendian=no
ac_cv_c_compiler_gnu=yes
ac_cv_c_const=yes
ac_cv_c_inline=inline
ac_cv_env_CC_set=
ac_cv_env_CC_value=
ac_cv_env_CFLAGS_set=
ac_cv_env_CFLAGS_value=
ac_cv_env_CPPFLAGS_set=
ac_cv_env_CPPFLAGS_value=
ac_cv_env_CPP_set=
ac_cv_env_CPP_value=
ac_cv_env_LDFLAGS_set=
ac_cv_env_LDFLAGS_value=
ac_cv_env_LIBS_set=
ac_cv_env_LIBS_value=
ac_cv_env_LIBZRTPCPP_CFLAGS_set=
ac_cv_env_LIBZRTPCPP_CFLAGS_value=
ac_cv_env_LIBZRTPCPP_LIBS_set=
ac_cv_env_LIBZRTPCPP_LIBS_value=
ac_cv_env_PKG_CONFIG_LIBDIR_set=set
ac_cv_env_PKG_CONFIG_LIBDIR_value=/Users/karimjimo/Downloads/linphone-iphone/submodules/build/..//../liblinphone-sdk/armv7-apple-darwin/lib/pkgconfig
ac_cv_env_PKG_CONFIG_PATH_set=
ac_cv_env_PKG_CONFIG_PATH_value=
ac_cv_env_PKG_CONFIG_set=
ac_cv_env_PKG_CONFIG_value=
ac_cv_env_build_alias_set=
ac_cv_env_build_alias_value=
ac_cv_env_host_alias_set=set
ac_cv_env_host_alias_value=armv7-apple-darwin
ac_cv_env_target_alias_set=
ac_cv_env_target_alias_value=
ac_cv_func_select=yes
ac_cv_func_seteuid=yes
ac_cv_func_socket=yes
ac_cv_func_strerror=yes
ac_cv_header_dlfcn_h=yes
ac_cv_header_fcntl_h=yes
ac_cv_header_inttypes_h=yes
ac_cv_header_linux_soundcard_h=no
ac_cv_header_memory_h=yes
ac_cv_header_poll_h=yes
ac_cv_header_srtp_srtp_h=yes
ac_cv_header_stdc=yes
ac_cv_header_stdint_h=yes
ac_cv_header_stdlib_h=yes
ac_cv_header_string_h=yes
ac_cv_header_strings_h=yes
ac_cv_header_sys_audio_h=no
ac_cv_header_sys_poll_h=yes
ac_cv_header_sys_shm_h=yes
ac_cv_header_sys_stat_h=yes
ac_cv_header_sys_time_h=yes
ac_cv_header_sys_types_h=yes
ac_cv_header_sys_uio_h=yes
ac_cv_header_time=yes
ac_cv_header_unistd_h=yes
ac_cv_host=armv7-apple-darwin
ac_cv_lib_pthread_pthread_mutex_init=yes
ac_cv_lib_rt_clock_gettime=no
ac_cv_lib_srtp_sha1_update=no
ac_cv_lib_srtp_srtp_init=yes
ac_cv_lib_srtp_srtp_shutdown=yes
ac_cv_objext=o
ac_cv_path_DOXYGEN=/opt/local/bin/doxygen
ac_cv_path_EGREP='/opt/local/bin/grep -E'
ac_cv_path_EPM=false
ac_cv_path_EPMINSTALL=false
ac_cv_path_FGREP='/opt/local/bin/grep -F'
ac_cv_path_GREP=/opt/local/bin/grep
ac_cv_path_MKEPMLIST=false
ac_cv_path_SED=/usr/bin/sed
ac_cv_path_install='/opt/local/bin/ginstall -c'
ac_cv_path_mkdir=/opt/local/bin/gmkdir
ac_cv_prog_AR='xcrun ar'
ac_cv_prog_AWK=awk
ac_cv_prog_CC='xcrun clang -std=c99  -arch armv7 -mcpu=cortex-a8 -isysroot /Applications/Xcode.app/Contents/Developer/Platforms/iPhoneOS.platform/Developer/SDKs/iPhoneOS7.0.sdk -miphoneos-version-min=4.0 -DTARGET_OS_IPHONE=1 -D__IOS -fms-extensions'
ac_cv_prog_CPP='xcrun clang -std=c99  -arch armv7 -mcpu=cortex-a8 -isysroot /Applications/Xcode.app/Contents/Developer/Platforms/iPhoneOS.platform/Developer/SDKs/iPhoneOS7.0.sdk -miphoneos-version-min=4.0 -DTARGET_OS_IPHONE=1 -D__IOS -fms-extensions -E'
ac_cv_prog_RANLIB='xcrun ranlib'
ac_cv_prog_STRIP='xcrun strip'
ac_cv_prog_ac_ct_DSYMUTIL=dsymutil
ac_cv_prog_ac_ct_LIPO=lipo
ac_cv_prog_ac_ct_NMEDIT=nmedit
ac_cv_prog_ac_ct_OTOOL=otool
ac_cv_prog_cc_c89=
ac_cv_prog_cc_g=yes
ac_cv_prog_make_make_set=yes
ac_cv_target=armv7-apple-darwin
am_cv_CC_dependencies_compiler_type=gcc3
am_cv_make_support_nested_variables=yes
am_cv_prog_cc_c_o=yes
am_cv_prog_tar_ustar=gnutar
lt_cv_apple_cc_single_mod=yes
lt_cv_ar_at_file=no
lt_cv_deplibs_check_method=pass_all
lt_cv_file_magic_cmd='$MAGIC_CMD'
lt_cv_file_magic_test_file=
lt_cv_ld_exported_symbols_list=yes
lt_cv_ld_force_load=yes
lt_cv_ld_reload_flag=-r
lt_cv_nm_interface='BSD nm'
lt_cv_objdir=.libs
lt_cv_path_LD='xcrun ld -arch armv7'
lt_cv_path_NM='xcrun nm'
lt_cv_path_mainfest_tool=no
lt_cv_prog_compiler_c_o=yes
lt_cv_prog_compiler_pic='-fno-common -DPIC'
lt_cv_prog_compiler_pic_works=yes
lt_cv_prog_compiler_rtti_exceptions=yes
lt_cv_prog_compiler_static_works=no
lt_cv_prog_gnu_ld=no
lt_cv_sharedlib_from_linklib_cmd='printf %s\n'
lt_cv_sys_global_symbol_pipe='sed -n -e '\''s/^.*[	 ]\([BCDEGRST][BCDEGRST]*\)[	 ][	 ]*_\([_A-Za-z][_A-Za-z0-9]*\)$/\1 _\2 \2/p'\'' | sed '\''/ __gnu_lto/d'\'''
lt_cv_sys_global_symbol_to_c_name_address='sed -n -e '\''s/^: \([^ ]*\)[ ]*$/  {\"\1\", (void *) 0},/p'\'' -e '\''s/^[BCDEGRST]* \([^ ]*\) \([^ ]*\)$/  {"\2", (void *) \&\2},/p'\'''
lt_cv_sys_global_symbol_to_c_name_address_lib_prefix='sed -n -e '\''s/^: \([^ ]*\)[ ]*$/  {\"\1\", (void *) 0},/p'\'' -e '\''s/^[BCDEGRST]* \([^ ]*\) \(lib[^ ]*\)$/  {"\2", (void *) \&\2},/p'\'' -e '\''s/^[BCDEGRST]* \([^ ]*\) \([^ ]*\)$/  {"lib\2", (void *) \&\2},/p'\'''
lt_cv_sys_global_symbol_to_cdecl='sed -n -e '\''s/^T .* \(.*\)$/extern int \1();/p'\'' -e '\''s/^[BCDEGRST]* .* \(.*\)$/extern char \1;/p'\'''
lt_cv_sys_max_cmd_len=196608
lt_cv_to_host_file_cmd=func_convert_file_noop
lt_cv_to_tool_file_cmd=func_convert_file_noop

## ----------------- ##
## Output variables. ##
## ----------------- ##

ACLOCAL='${SHELL} /Users/karimjimo/Downloads/linphone-iphone/submodules/linphone/missing aclocal-1.14'
AMDEPBACKSLASH='\'
AMDEP_FALSE='#'
AMDEP_TRUE=''
AMTAR='$${TAR-tar}'
AM_BACKSLASH='\'
AM_DEFAULT_V='$(AM_DEFAULT_VERBOSITY)'
AM_DEFAULT_VERBOSITY='0'
AM_V='$(V)'
AR='xcrun ar'
ARCH='armv7'
AS='as'
AUTOCONF='${SHELL} /Users/karimjimo/Downloads/linphone-iphone/submodules/linphone/missing autoconf'
AUTOHEADER='${SHELL} /Users/karimjimo/Downloads/linphone-iphone/submodules/linphone/missing autoheader'
AUTOMAKE='${SHELL} /Users/karimjimo/Downloads/linphone-iphone/submodules/linphone/missing automake-1.14'
AWK='awk'
CC='xcrun clang -std=c99  -arch armv7 -mcpu=cortex-a8 -isysroot /Applications/Xcode.app/Contents/Developer/Platforms/iPhoneOS.platform/Developer/SDKs/iPhoneOS7.0.sdk -miphoneos-version-min=4.0 -DTARGET_OS_IPHONE=1 -D__IOS -fms-extensions'
CCDEPMODE='depmode=gcc3'
CFLAGS='-g -O2 -Wall  -DORTP_INET6'
CPP='xcrun clang -std=c99  -arch armv7 -mcpu=cortex-a8 -isysroot /Applications/Xcode.app/Contents/Developer/Platforms/iPhoneOS.platform/Developer/SDKs/iPhoneOS7.0.sdk -miphoneos-version-min=4.0 -DTARGET_OS_IPHONE=1 -D__IOS -fms-extensions -E'
CPPFLAGS='-Dasm=__asm'
CYGPATH_W='echo'
DEFS='-DHAVE_CONFIG_H'
DEPDIR='.deps'
DLLTOOL='false'
DOXYGEN='/opt/local/bin/doxygen'
DSYMUTIL='dsymutil'
DUMPBIN=''
ECHO_C='\c'
ECHO_N=''
ECHO_T=''
EGREP='/opt/local/bin/grep -E'
ENABLE_TESTS_FALSE=''
ENABLE_TESTS_TRUE='#'
EPM='false'
EPMINSTALL='false'
EPM_PKG_EXT=''
EXEEXT=''
FGREP='/opt/local/bin/grep -F'
GREP='/opt/local/bin/grep'
HAVE_DOXYGEN_FALSE='#'
HAVE_DOXYGEN_TRUE=''
INSTALL_DATA='ginstall -C'
INSTALL_PROGRAM='${INSTALL}'
INSTALL_SCRIPT='${INSTALL}'
INSTALL_STRIP_PROGRAM='$(install_sh) -c -s'
LD='xcrun ld -arch armv7'
LDFLAGS=''
LIBOBJS=''
LIBORTP_SO_VERSION='9:0:0'
LIBS=''
LIBTOOL='$(SHELL) $(top_builddir)/libtool'
LIBZRTPCPP_CFLAGS=''
LIBZRTPCPP_FALSE=''
LIBZRTPCPP_LIBS=''
LIBZRTPCPP_TRUE='#'
LICENSE='LGPL'
LIPO='lipo'
LN_S='ln -s'
LTLIBOBJS=''
MAKEINFO='${SHELL} /Users/karimjimo/Downloads/linphone-iphone/submodules/linphone/missing makeinfo'
MANIFEST_TOOL=':'
MKDIR_P='/opt/local/bin/gmkdir -p'
MKEPMLIST='false'
NM='xcrun nm'
NMEDIT='nmedit'
OBJDUMP='false'
OBJEXT='o'
ORTPDEPS_CFLAGS=' -D_REENTRANT  -DORTP_INET6 -I/Users/karimjimo/Downloads/linphone-iphone/submodules/build/..//../liblinphone-sdk/armv7-apple-darwin/include -I/Users/karimjimo/Downloads/linphone-iphone/submodules/build/..//../liblinphone-sdk/armv7-apple-darwin/include/srtp '
ORTPDEPS_LDFLAGS=''
ORTPDEPS_LIBS=' -lpthread   -L/Users/karimjimo/Downloads/linphone-iphone/submodules/build/..//../liblinphone-sdk/armv7-apple-darwin/lib -lsrtp  '
ORTP_PKGCONFIG_VERSION='0.22.1'
ORTP_VERSION='0.22.1'
OTOOL64=':'
OTOOL='otool'
PACKAGE='ortp'
PACKAGER='anonymous'
PACKAGE_BUGREPORT=''
PACKAGE_NAME='ortp'
PACKAGE_STRING='ortp 0.22.1'
PACKAGE_TARNAME='ortp'
PACKAGE_URL=''
PACKAGE_VERSION='0.22.1'
PATH_SEPARATOR=':'
PKG_CONFIG=''
PKG_CONFIG_LIBDIR='/Users/karimjimo/Downloads/linphone-iphone/submodules/build/..//../liblinphone-sdk/armv7-apple-darwin/lib/pkgconfig'
PKG_CONFIG_PATH=''
PTHREAD_CFLAGS='-D_REENTRANT'
PTHREAD_LDFLAGS=''
PTHREAD_LIBS='-lpthread'
RANLIB='xcrun ranlib'
RELEASE='1'
RT_LIBS=''
SED='/usr/bin/sed'
SET_MAKE=''
SHELL='/bin/sh'
SRTP_CFLAGS='-I/Users/karimjimo/Downloads/linphone-iphone/submodules/build/..//../liblinphone-sdk/armv7-apple-darwin/include -I/Users/karimjimo/Downloads/linphone-iphone/submodules/build/..//../liblinphone-sdk/armv7-apple-darwin/include/srtp'
SRTP_LIBS='-L/Users/karimjimo/Downloads/linphone-iphone/submodules/build/..//../liblinphone-sdk/armv7-apple-darwin/lib -lsrtp'
SSL_LIBS=''
STRIP='xcrun strip'
SUMMARY='An LGPL implementation of RTP - RFC3550'
SYS_GROUP=''
SYS_USER=''
VENDOR='Linphone'
VERSION='0.22.1'
WITH_EPM_FALSE=''
WITH_EPM_TRUE='#'
ac_ct_AR=''
ac_ct_CC=''
ac_ct_DUMPBIN=''
am__EXEEXT_FALSE=''
am__EXEEXT_TRUE='#'
am__fastdepCC_FALSE='#'
am__fastdepCC_TRUE=''
am__include='include'
am__isrc=' -I$(srcdir)'
am__leading_dot='.'
am__nodep='_no'
am__quote=''
am__tar='tar --format=ustar -chf - "$$tardir"'
am__untar='tar -xf -'
bindir='${exec_prefix}/bin'
build='x86_64-apple-darwin12.5.0'
build_alias=''
build_cpu='x86_64'
build_os='darwin12.5.0'
build_vendor='apple'
datadir='${datarootdir}'
datarootdir='${prefix}/share'
docdir='${datarootdir}/doc'
dvidir='${docdir}'
exec_prefix='${prefix}'
host='armv7-apple-darwin'
host_alias='armv7-apple-darwin'
host_cpu='armv7'
host_os='darwin'
host_vendor='apple'
htmldir='${docdir}'
includedir='${prefix}/include'
infodir='${datarootdir}/info'
install_sh='${SHELL} /Users/karimjimo/Downloads/linphone-iphone/submodules/linphone/install-sh'
libdir='${exec_prefix}/lib'
libexecdir='${exec_prefix}/libexec'
localedir='${datarootdir}/locale'
localstatedir='${prefix}/var'
mandir='${datarootdir}/man'
mkdir_p='$(MKDIR_P)'
oldincludedir='/usr/include'
pdfdir='${docdir}'
prefix='/Users/karimjimo/Downloads/linphone-iphone/submodules/build/..//../liblinphone-sdk/armv7-apple-darwin'
program_transform_name='s,x,x,'
psdir='${docdir}'
sbindir='${exec_prefix}/sbin'
sharedstatedir='${prefix}/com'
sysconfdir='${prefix}/etc'
target='armv7-apple-darwin'
target_alias=''
target_cpu='armv7'
target_os='darwin'
target_vendor='apple'

## ----------- ##
## confdefs.h. ##
## ----------- ##

/* confdefs.h */
#define PACKAGE_NAME "ortp"
#define PACKAGE_TARNAME "ortp"
#define PACKAGE_VERSION "0.22.1"
#define PACKAGE_STRING "ortp 0.22.1"
#define PACKAGE_BUGREPORT ""
#define PACKAGE_URL ""
#define PACKAGE "ortp"
#define VERSION "0.22.1"
#define ORTP_MAJOR_VERSION 0
#define ORTP_MINOR_VERSION 22
#define ORTP_MICRO_VERSION 1
#define ORTP_VERSION "0.22.1"
#define STDC_HEADERS 1
#define HAVE_SYS_TYPES_H 1
#define HAVE_SYS_STAT_H 1
#define HAVE_STDLIB_H 1
#define HAVE_STRING_H 1
#define HAVE_MEMORY_H 1
#define HAVE_STRINGS_H 1
#define HAVE_INTTYPES_H 1
#define HAVE_STDINT_H 1
#define HAVE_UNISTD_H 1
#define HAVE_DLFCN_H 1
#define LT_OBJDIR ".libs/"
#define __APPLE_USE_RFC_2292 1
#define HAVE_SETEUID 1
#define ORTP_DEFAULT_THREAD_STACK_SIZE 0
#define HAVE_SRTP_SHUTDOWN 1
#define HAVE_SRTP 1
#define STDC_HEADERS 1
#define HAVE_POLL_H 1
#define HAVE_SYS_POLL_H 1
#define HAVE_SYS_UIO_H 1
#define HAVE_FCNTL_H 1
#define HAVE_SYS_TIME_H 1
#define HAVE_UNISTD_H 1
#define HAVE_SYS_SHM_H 1
#define TIME_WITH_SYS_TIME 1
#define HAVE_SELECT 1
#define HAVE_SOCKET 1
#define HAVE_STRERROR 1
#define POSIXTIMER_INTERVAL 10000

configure: exit 0
